INFO 2025-08-01 12:26:21,718 autoreload 28831 140575295729920 Watching for file changes with StatReloader
INFO 2025-08-01 12:26:24,836 basehttp 28831 140574981093056 "HEAD /admin/ HTTP/1.1" 302 0
INFO 2025-08-01 12:26:29,341 basehttp 28831 140574981093056 "HEAD /admin/myapp/plato/add/ HTTP/1.1" 302 0
INFO 2025-08-01 12:26:33,576 basehttp 28831 140574971651776 "HEAD /admin/myapp/disponibilidadplato/add/ HTTP/1.1" 302 0
WARNING 2025-08-01 12:26:46,132 log 28831 140574963259072 Forbidden (CSRF cookie not set.): /admin/login/
WARNING 2025-08-01 12:26:46,132 basehttp 28831 140574963259072 "POST /admin/login/ HTTP/1.1" 403 2907
INFO 2025-08-01 12:32:32,827 basehttp 28831 140574883575488 "GET /admin/ HTTP/1.1" 200 39081
INFO 2025-08-01 12:32:33,098 basehttp 28831 140574875182784 "GET /static/vendor/fontawesome-free/css/all.min.css HTTP/1.1" 304 0
INFO 2025-08-01 12:32:33,104 basehttp 28831 140574963259072 "GET /static/vendor/adminlte/css/adminlte.min.css HTTP/1.1" 304 0
INFO 2025-08-01 12:32:33,226 basehttp 28831 140574883575488 "GET /static/jazzmin/css/main.css HTTP/1.1" 304 0
INFO 2025-08-01 12:32:33,301 basehttp 28831 140574875182784 "GET /static/admin/js/vendor/jquery/jquery.js HTTP/1.1" 304 0
INFO 2025-08-01 12:32:33,313 basehttp 28831 140574963259072 "GET /static/vendor/adminlte/img/AdminLTELogo.png HTTP/1.1" 304 0
INFO 2025-08-01 12:32:33,427 basehttp 28831 140574883575488 "GET /static/jazzmin/js/main.js HTTP/1.1" 304 0
INFO 2025-08-01 12:32:33,512 basehttp 28831 140574875182784 "GET /static/vendor/fontawesome-free/webfonts/fa-solid-900.woff2 HTTP/1.1" 304 0
INFO 2025-08-01 12:32:33,520 basehttp 28831 140574963259072 "GET /static/vendor/fontawesome-free/webfonts/fa-regular-400.woff2 HTTP/1.1" 304 0
INFO 2025-08-01 12:32:34,256 basehttp 28831 140574971651776 "GET /static/vendor/bootstrap/js/bootstrap.min.js HTTP/1.1" 304 0
INFO 2025-08-01 12:32:34,261 basehttp 28831 140574981093056 "GET /static/vendor/adminlte/js/adminlte.min.js HTTP/1.1" 304 0
INFO 2025-08-01 12:32:44,057 basehttp 28831 140574981093056 "GET /admin/ HTTP/1.1" 200 39081
INFO 2025-08-01 12:32:46,481 basehttp 28831 140574981093056 "GET /admin/auth/group/ HTTP/1.1" 200 24488
INFO 2025-08-01 12:32:46,735 basehttp 28831 140574883575488 "GET /static/admin/js/admin/RelatedObjectLookups.js HTTP/1.1" 304 0
INFO 2025-08-01 12:32:46,736 basehttp 28831 140574875182784 "GET /static/admin/js/core.js HTTP/1.1" 304 0
INFO 2025-08-01 12:32:46,741 basehttp 28831 140574963259072 "GET /static/admin/js/jquery.init.js HTTP/1.1" 304 0
INFO 2025-08-01 12:32:46,742 basehttp 28831 140574981093056 "GET /static/vendor/select2/css/select2.min.css HTTP/1.1" 304 0
INFO 2025-08-01 12:32:46,742 basehttp 28831 140574866790080 "GET /static/admin/js/actions.js HTTP/1.1" 304 0
INFO 2025-08-01 12:32:46,745 basehttp 28831 140574971651776 "GET /admin/jsi18n/ HTTP/1.1" 200 8691
INFO 2025-08-01 12:32:46,939 basehttp 28831 140574883575488 "GET /static/admin/js/prepopulate.js HTTP/1.1" 304 0
INFO 2025-08-01 12:32:46,939 basehttp 28831 140574875182784 "GET /static/admin/js/urlify.js HTTP/1.1" 304 0
INFO 2025-08-01 12:32:46,948 basehttp 28831 140574963259072 "GET /static/admin/js/vendor/xregexp/xregexp.js HTTP/1.1" 304 0
INFO 2025-08-01 12:32:46,951 basehttp 28831 140574866790080 "GET /static/vendor/select2/js/select2.min.js HTTP/1.1" 304 0
INFO 2025-08-01 12:32:46,952 basehttp 28831 140574981093056 "GET /static/jazzmin/js/change_list.js HTTP/1.1" 304 0
INFO 2025-08-01 12:32:48,067 basehttp 28831 140574981093056 "GET /admin/auth/user/ HTTP/1.1" 200 35061
INFO 2025-08-01 12:32:48,301 basehttp 28831 140574866790080 "GET /static/admin/img/icon-no.svg HTTP/1.1" 304 0
INFO 2025-08-01 12:32:48,301 basehttp 28831 140574963259072 "GET /static/admin/img/icon-yes.svg HTTP/1.1" 304 0
INFO 2025-08-01 12:32:48,303 basehttp 28831 140574981093056 "GET /admin/jsi18n/ HTTP/1.1" 200 8691
ERROR 2025-08-01 12:32:54,995 log 28831 140574981093056 Internal Server Error: /admin/auth/user/8/change/
Traceback (most recent call last):
  File "/home/ubuntu/.local/lib/python3.13/site-packages/django/template/smartif.py", line 180, in translate_token
    op = OPERATORS[token]
         ~~~~~~~~~^^^^^^^
KeyError: "line.fields|length_is:'1'"

During handling of the above exception, another exception occurred:

Traceback (most recent call last):
  File "/home/ubuntu/.local/lib/python3.13/site-packages/django/core/handlers/exception.py", line 55, in inner
    response = get_response(request)
  File "/home/ubuntu/.local/lib/python3.13/site-packages/django/core/handlers/base.py", line 220, in _get_response
    response = response.render()
  File "/home/ubuntu/.local/lib/python3.13/site-packages/django/template/response.py", line 114, in render
    self.content = self.rendered_content
                   ^^^^^^^^^^^^^^^^^^^^^
  File "/home/ubuntu/.local/lib/python3.13/site-packages/django/template/response.py", line 92, in rendered_content
    return template.render(context, self._request)
           ~~~~~~~~~~~~~~~^^^^^^^^^^^^^^^^^^^^^^^^
  File "/home/ubuntu/.local/lib/python3.13/site-packages/django/template/backends/django.py", line 107, in render
    return self.template.render(context)
           ~~~~~~~~~~~~~~~~~~~~^^^^^^^^^
  File "/home/ubuntu/.local/lib/python3.13/site-packages/django/template/base.py", line 171, in render
    return self._render(context)
           ~~~~~~~~~~~~^^^^^^^^^
  File "/home/ubuntu/.local/lib/python3.13/site-packages/django/template/base.py", line 163, in _render
    return self.nodelist.render(context)
           ~~~~~~~~~~~~~~~~~~~~^^^^^^^^^
  File "/home/ubuntu/.local/lib/python3.13/site-packages/django/template/base.py", line 1016, in render
    return SafeString("".join([node.render_annotated(context) for node in self]))
                               ~~~~~~~~~~~~~~~~~~~~~^^^^^^^^^
  File "/home/ubuntu/.local/lib/python3.13/site-packages/django/template/base.py", line 977, in render_annotated
    return self.render(context)
           ~~~~~~~~~~~^^^^^^^^^
  File "/home/ubuntu/.local/lib/python3.13/site-packages/django/template/loader_tags.py", line 159, in render
    return compiled_parent._render(context)
           ~~~~~~~~~~~~~~~~~~~~~~~^^^^^^^^^
  File "/home/ubuntu/.local/lib/python3.13/site-packages/django/template/base.py", line 163, in _render
    return self.nodelist.render(context)
           ~~~~~~~~~~~~~~~~~~~~^^^^^^^^^
  File "/home/ubuntu/.local/lib/python3.13/site-packages/django/template/base.py", line 1016, in render
    return SafeString("".join([node.render_annotated(context) for node in self]))
                               ~~~~~~~~~~~~~~~~~~~~~^^^^^^^^^
  File "/home/ubuntu/.local/lib/python3.13/site-packages/django/template/base.py", line 977, in render_annotated
    return self.render(context)
           ~~~~~~~~~~~^^^^^^^^^
  File "/home/ubuntu/.local/lib/python3.13/site-packages/django/template/loader_tags.py", line 159, in render
    return compiled_parent._render(context)
           ~~~~~~~~~~~~~~~~~~~~~~~^^^^^^^^^
  File "/home/ubuntu/.local/lib/python3.13/site-packages/django/template/base.py", line 163, in _render
    return self.nodelist.render(context)
           ~~~~~~~~~~~~~~~~~~~~^^^^^^^^^
  File "/home/ubuntu/.local/lib/python3.13/site-packages/django/template/base.py", line 1016, in render
    return SafeString("".join([node.render_annotated(context) for node in self]))
                               ~~~~~~~~~~~~~~~~~~~~~^^^^^^^^^
  File "/home/ubuntu/.local/lib/python3.13/site-packages/django/template/base.py", line 977, in render_annotated
    return self.render(context)
           ~~~~~~~~~~~^^^^^^^^^
  File "/home/ubuntu/.local/lib/python3.13/site-packages/django/template/loader_tags.py", line 65, in render
    result = block.nodelist.render(context)
  File "/home/ubuntu/.local/lib/python3.13/site-packages/django/template/base.py", line 1016, in render
    return SafeString("".join([node.render_annotated(context) for node in self]))
                               ~~~~~~~~~~~~~~~~~~~~~^^^^^^^^^
  File "/home/ubuntu/.local/lib/python3.13/site-packages/django/template/base.py", line 977, in render_annotated
    return self.render(context)
           ~~~~~~~~~~~^^^^^^^^^
  File "/home/ubuntu/.local/lib/python3.13/site-packages/django/template/loader_tags.py", line 65, in render
    result = block.nodelist.render(context)
  File "/home/ubuntu/.local/lib/python3.13/site-packages/django/template/base.py", line 1016, in render
    return SafeString("".join([node.render_annotated(context) for node in self]))
                               ~~~~~~~~~~~~~~~~~~~~~^^^^^^^^^
  File "/home/ubuntu/.local/lib/python3.13/site-packages/django/template/base.py", line 977, in render_annotated
    return self.render(context)
           ~~~~~~~~~~~^^^^^^^^^
  File "/home/ubuntu/.local/lib/python3.13/site-packages/django/template/loader_tags.py", line 65, in render
    result = block.nodelist.render(context)
  File "/home/ubuntu/.local/lib/python3.13/site-packages/django/template/base.py", line 1016, in render
    return SafeString("".join([node.render_annotated(context) for node in self]))
                               ~~~~~~~~~~~~~~~~~~~~~^^^^^^^^^
  File "/home/ubuntu/.local/lib/python3.13/site-packages/django/template/base.py", line 977, in render_annotated
    return self.render(context)
           ~~~~~~~~~~~^^^^^^^^^
  File "/home/ubuntu/.local/lib/python3.13/site-packages/django/template/loader_tags.py", line 210, in render
    return template.render(context)
           ~~~~~~~~~~~~~~~^^^^^^^^^
  File "/home/ubuntu/.local/lib/python3.13/site-packages/django/template/base.py", line 173, in render
    return self._render(context)
           ~~~~~~~~~~~~^^^^^^^^^
  File "/home/ubuntu/.local/lib/python3.13/site-packages/django/template/base.py", line 163, in _render
    return self.nodelist.render(context)
           ~~~~~~~~~~~~~~~~~~~~^^^^^^^^^
  File "/home/ubuntu/.local/lib/python3.13/site-packages/django/template/base.py", line 1016, in render
    return SafeString("".join([node.render_annotated(context) for node in self]))
                               ~~~~~~~~~~~~~~~~~~~~~^^^^^^^^^
  File "/home/ubuntu/.local/lib/python3.13/site-packages/django/template/base.py", line 977, in render_annotated
    return self.render(context)
           ~~~~~~~~~~~^^^^^^^^^
  File "/home/ubuntu/.local/lib/python3.13/site-packages/django/template/defaulttags.py", line 243, in render
    nodelist.append(node.render_annotated(context))
                    ~~~~~~~~~~~~~~~~~~~~~^^^^^^^^^
  File "/home/ubuntu/.local/lib/python3.13/site-packages/django/template/base.py", line 977, in render_annotated
    return self.render(context)
           ~~~~~~~~~~~^^^^^^^^^
  File "/home/ubuntu/.local/lib/python3.13/site-packages/django/template/defaulttags.py", line 327, in render
    return nodelist.render(context)
           ~~~~~~~~~~~~~~~^^^^^^^^^
  File "/home/ubuntu/.local/lib/python3.13/site-packages/django/template/base.py", line 1016, in render
    return SafeString("".join([node.render_annotated(context) for node in self]))
                               ~~~~~~~~~~~~~~~~~~~~~^^^^^^^^^
  File "/home/ubuntu/.local/lib/python3.13/site-packages/django/template/base.py", line 977, in render_annotated
    return self.render(context)
           ~~~~~~~~~~~^^^^^^^^^
  File "/home/ubuntu/.local/lib/python3.13/site-packages/django/template/loader_tags.py", line 199, in render
    template = context.template.engine.select_template(template_name)
  File "/home/ubuntu/.local/lib/python3.13/site-packages/django/template/engine.py", line 208, in select_template
    return self.get_template(template_name)
           ~~~~~~~~~~~~~~~~~^^^^^^^^^^^^^^^
  File "/home/ubuntu/.local/lib/python3.13/site-packages/django/template/engine.py", line 177, in get_template
    template, origin = self.find_template(template_name)
                       ~~~~~~~~~~~~~~~~~~^^^^^^^^^^^^^^^
  File "/home/ubuntu/.local/lib/python3.13/site-packages/django/template/engine.py", line 159, in find_template
    template = loader.get_template(name, skip=skip)
  File "/home/ubuntu/.local/lib/python3.13/site-packages/django/template/loaders/cached.py", line 57, in get_template
    template = super().get_template(template_name, skip)
  File "/home/ubuntu/.local/lib/python3.13/site-packages/django/template/loaders/base.py", line 28, in get_template
    return Template(
        contents,
    ...<2 lines>...
        self.engine,
    )
  File "/home/ubuntu/.local/lib/python3.13/site-packages/django/template/base.py", line 154, in __init__
    self.nodelist = self.compile_nodelist()
                    ~~~~~~~~~~~~~~~~~~~~~^^
  File "/home/ubuntu/.local/lib/python3.13/site-packages/django/template/base.py", line 196, in compile_nodelist
    nodelist = parser.parse()
  File "/home/ubuntu/.local/lib/python3.13/site-packages/django/template/base.py", line 518, in parse
    raise self.error(token, e)
  File "/home/ubuntu/.local/lib/python3.13/site-packages/django/template/base.py", line 516, in parse
    compiled_result = compile_func(self, token)
  File "/home/ubuntu/.local/lib/python3.13/site-packages/django/template/defaulttags.py", line 862, in do_for
    nodelist_loop = parser.parse(
        (
    ...<2 lines>...
        )
    )
  File "/home/ubuntu/.local/lib/python3.13/site-packages/django/template/base.py", line 518, in parse
    raise self.error(token, e)
  File "/home/ubuntu/.local/lib/python3.13/site-packages/django/template/base.py", line 516, in parse
    compiled_result = compile_func(self, token)
  File "/home/ubuntu/.local/lib/python3.13/site-packages/django/template/defaulttags.py", line 961, in do_if
    condition = TemplateIfParser(parser, bits).parse()
                ~~~~~~~~~~~~~~~~^^^^^^^^^^^^^^
  File "/home/ubuntu/.local/lib/python3.13/site-packages/django/template/defaulttags.py", line 894, in __init__
    super().__init__(*args, **kwargs)
    ~~~~~~~~~~~~~~~~^^^^^^^^^^^^^^^^^
  File "/home/ubuntu/.local/lib/python3.13/site-packages/django/template/smartif.py", line 171, in __init__
    mapped_tokens.append(self.translate_token(token))
                         ~~~~~~~~~~~~~~~~~~~~^^^^^^^
  File "/home/ubuntu/.local/lib/python3.13/site-packages/django/template/smartif.py", line 182, in translate_token
    return self.create_var(token)
           ~~~~~~~~~~~~~~~^^^^^^^
  File "/home/ubuntu/.local/lib/python3.13/site-packages/django/template/defaulttags.py", line 897, in create_var
    return TemplateLiteral(self.template_parser.compile_filter(value), value)
                           ~~~~~~~~~~~~~~~~~~~~~~~~~~~~~~~~~~~^^^^^^^
  File "/home/ubuntu/.local/lib/python3.13/site-packages/django/template/base.py", line 609, in compile_filter
    return FilterExpression(token, self)
  File "/home/ubuntu/.local/lib/python3.13/site-packages/django/template/base.py", line 705, in __init__
    filter_func = parser.find_filter(filter_name)
  File "/home/ubuntu/.local/lib/python3.13/site-packages/django/template/base.py", line 615, in find_filter
    raise TemplateSyntaxError("Invalid filter: '%s'" % filter_name)
django.template.exceptions.TemplateSyntaxError: Invalid filter: 'length_is'
ERROR 2025-08-01 12:32:54,999 basehttp 28831 140574981093056 "GET /admin/auth/user/8/change/ HTTP/1.1" 500 661574
INFO 2025-08-01 12:33:00,976 basehttp 28831 140574981093056 "GET /admin/auth/user/ HTTP/1.1" 200 35061
INFO 2025-08-01 12:33:03,996 basehttp 28831 140574981093056 "GET /admin/myapp/cliente/ HTTP/1.1" 200 35607
INFO 2025-08-01 12:33:04,232 basehttp 28831 140574981093056 "GET /admin/jsi18n/ HTTP/1.1" 200 8691
INFO 2025-08-01 12:33:07,237 basehttp 28831 140574981093056 "GET /admin/myapp/cliente/ HTTP/1.1" 200 35607
INFO 2025-08-01 12:33:07,473 basehttp 28831 140574981093056 "GET /admin/jsi18n/ HTTP/1.1" 200 8691
INFO 2025-08-01 12:33:08,540 basehttp 28831 140574981093056 "GET /admin/myapp/cliente/ HTTP/1.1" 200 35607
INFO 2025-08-01 12:33:08,774 basehttp 28831 140574981093056 "GET /admin/jsi18n/ HTTP/1.1" 200 8691
INFO 2025-08-01 12:33:10,115 basehttp 28831 140574981093056 "GET /admin/myapp/disponibilidadplato/ HTTP/1.1" 200 27117
INFO 2025-08-01 12:33:10,347 basehttp 28831 140574981093056 "GET /admin/jsi18n/ HTTP/1.1" 200 8691
ERROR 2025-08-01 12:33:17,305 log 28831 140574981093056 Internal Server Error: /admin/myapp/disponibilidadplato/add/
Traceback (most recent call last):
  File "/home/ubuntu/.local/lib/python3.13/site-packages/django/template/smartif.py", line 180, in translate_token
    op = OPERATORS[token]
         ~~~~~~~~~^^^^^^^
KeyError: "line.fields|length_is:'1'"

During handling of the above exception, another exception occurred:

Traceback (most recent call last):
  File "/home/ubuntu/.local/lib/python3.13/site-packages/django/core/handlers/exception.py", line 55, in inner
    response = get_response(request)
  File "/home/ubuntu/.local/lib/python3.13/site-packages/django/core/handlers/base.py", line 220, in _get_response
    response = response.render()
  File "/home/ubuntu/.local/lib/python3.13/site-packages/django/template/response.py", line 114, in render
    self.content = self.rendered_content
                   ^^^^^^^^^^^^^^^^^^^^^
  File "/home/ubuntu/.local/lib/python3.13/site-packages/django/template/response.py", line 92, in rendered_content
    return template.render(context, self._request)
           ~~~~~~~~~~~~~~~^^^^^^^^^^^^^^^^^^^^^^^^
  File "/home/ubuntu/.local/lib/python3.13/site-packages/django/template/backends/django.py", line 107, in render
    return self.template.render(context)
           ~~~~~~~~~~~~~~~~~~~~^^^^^^^^^
  File "/home/ubuntu/.local/lib/python3.13/site-packages/django/template/base.py", line 171, in render
    return self._render(context)
           ~~~~~~~~~~~~^^^^^^^^^
  File "/home/ubuntu/.local/lib/python3.13/site-packages/django/template/base.py", line 163, in _render
    return self.nodelist.render(context)
           ~~~~~~~~~~~~~~~~~~~~^^^^^^^^^
  File "/home/ubuntu/.local/lib/python3.13/site-packages/django/template/base.py", line 1016, in render
    return SafeString("".join([node.render_annotated(context) for node in self]))
                               ~~~~~~~~~~~~~~~~~~~~~^^^^^^^^^
  File "/home/ubuntu/.local/lib/python3.13/site-packages/django/template/base.py", line 977, in render_annotated
    return self.render(context)
           ~~~~~~~~~~~^^^^^^^^^
  File "/home/ubuntu/.local/lib/python3.13/site-packages/django/template/loader_tags.py", line 159, in render
    return compiled_parent._render(context)
           ~~~~~~~~~~~~~~~~~~~~~~~^^^^^^^^^
  File "/home/ubuntu/.local/lib/python3.13/site-packages/django/template/base.py", line 163, in _render
    return self.nodelist.render(context)
           ~~~~~~~~~~~~~~~~~~~~^^^^^^^^^
  File "/home/ubuntu/.local/lib/python3.13/site-packages/django/template/base.py", line 1016, in render
    return SafeString("".join([node.render_annotated(context) for node in self]))
                               ~~~~~~~~~~~~~~~~~~~~~^^^^^^^^^
  File "/home/ubuntu/.local/lib/python3.13/site-packages/django/template/base.py", line 977, in render_annotated
    return self.render(context)
           ~~~~~~~~~~~^^^^^^^^^
  File "/home/ubuntu/.local/lib/python3.13/site-packages/django/template/loader_tags.py", line 159, in render
    return compiled_parent._render(context)
           ~~~~~~~~~~~~~~~~~~~~~~~^^^^^^^^^
  File "/home/ubuntu/.local/lib/python3.13/site-packages/django/template/base.py", line 163, in _render
    return self.nodelist.render(context)
           ~~~~~~~~~~~~~~~~~~~~^^^^^^^^^
  File "/home/ubuntu/.local/lib/python3.13/site-packages/django/template/base.py", line 1016, in render
    return SafeString("".join([node.render_annotated(context) for node in self]))
                               ~~~~~~~~~~~~~~~~~~~~~^^^^^^^^^
  File "/home/ubuntu/.local/lib/python3.13/site-packages/django/template/base.py", line 977, in render_annotated
    return self.render(context)
           ~~~~~~~~~~~^^^^^^^^^
  File "/home/ubuntu/.local/lib/python3.13/site-packages/django/template/loader_tags.py", line 65, in render
    result = block.nodelist.render(context)
  File "/home/ubuntu/.local/lib/python3.13/site-packages/django/template/base.py", line 1016, in render
    return SafeString("".join([node.render_annotated(context) for node in self]))
                               ~~~~~~~~~~~~~~~~~~~~~^^^^^^^^^
  File "/home/ubuntu/.local/lib/python3.13/site-packages/django/template/base.py", line 977, in render_annotated
    return self.render(context)
           ~~~~~~~~~~~^^^^^^^^^
  File "/home/ubuntu/.local/lib/python3.13/site-packages/django/template/loader_tags.py", line 65, in render
    result = block.nodelist.render(context)
  File "/home/ubuntu/.local/lib/python3.13/site-packages/django/template/base.py", line 1016, in render
    return SafeString("".join([node.render_annotated(context) for node in self]))
                               ~~~~~~~~~~~~~~~~~~~~~^^^^^^^^^
  File "/home/ubuntu/.local/lib/python3.13/site-packages/django/template/base.py", line 977, in render_annotated
    return self.render(context)
           ~~~~~~~~~~~^^^^^^^^^
  File "/home/ubuntu/.local/lib/python3.13/site-packages/django/template/loader_tags.py", line 65, in render
    result = block.nodelist.render(context)
  File "/home/ubuntu/.local/lib/python3.13/site-packages/django/template/base.py", line 1016, in render
    return SafeString("".join([node.render_annotated(context) for node in self]))
                               ~~~~~~~~~~~~~~~~~~~~~^^^^^^^^^
  File "/home/ubuntu/.local/lib/python3.13/site-packages/django/template/base.py", line 977, in render_annotated
    return self.render(context)
           ~~~~~~~~~~~^^^^^^^^^
  File "/home/ubuntu/.local/lib/python3.13/site-packages/django/template/loader_tags.py", line 210, in render
    return template.render(context)
           ~~~~~~~~~~~~~~~^^^^^^^^^
  File "/home/ubuntu/.local/lib/python3.13/site-packages/django/template/base.py", line 173, in render
    return self._render(context)
           ~~~~~~~~~~~~^^^^^^^^^
  File "/home/ubuntu/.local/lib/python3.13/site-packages/django/template/base.py", line 163, in _render
    return self.nodelist.render(context)
           ~~~~~~~~~~~~~~~~~~~~^^^^^^^^^
  File "/home/ubuntu/.local/lib/python3.13/site-packages/django/template/base.py", line 1016, in render
    return SafeString("".join([node.render_annotated(context) for node in self]))
                               ~~~~~~~~~~~~~~~~~~~~~^^^^^^^^^
  File "/home/ubuntu/.local/lib/python3.13/site-packages/django/template/base.py", line 977, in render_annotated
    return self.render(context)
           ~~~~~~~~~~~^^^^^^^^^
  File "/home/ubuntu/.local/lib/python3.13/site-packages/django/template/defaulttags.py", line 243, in render
    nodelist.append(node.render_annotated(context))
                    ~~~~~~~~~~~~~~~~~~~~~^^^^^^^^^
  File "/home/ubuntu/.local/lib/python3.13/site-packages/django/template/base.py", line 977, in render_annotated
    return self.render(context)
           ~~~~~~~~~~~^^^^^^^^^
  File "/home/ubuntu/.local/lib/python3.13/site-packages/django/template/defaulttags.py", line 327, in render
    return nodelist.render(context)
           ~~~~~~~~~~~~~~~^^^^^^^^^
  File "/home/ubuntu/.local/lib/python3.13/site-packages/django/template/base.py", line 1016, in render
    return SafeString("".join([node.render_annotated(context) for node in self]))
                               ~~~~~~~~~~~~~~~~~~~~~^^^^^^^^^
  File "/home/ubuntu/.local/lib/python3.13/site-packages/django/template/base.py", line 977, in render_annotated
    return self.render(context)
           ~~~~~~~~~~~^^^^^^^^^
  File "/home/ubuntu/.local/lib/python3.13/site-packages/django/template/loader_tags.py", line 199, in render
    template = context.template.engine.select_template(template_name)
  File "/home/ubuntu/.local/lib/python3.13/site-packages/django/template/engine.py", line 208, in select_template
    return self.get_template(template_name)
           ~~~~~~~~~~~~~~~~~^^^^^^^^^^^^^^^
  File "/home/ubuntu/.local/lib/python3.13/site-packages/django/template/engine.py", line 177, in get_template
    template, origin = self.find_template(template_name)
                       ~~~~~~~~~~~~~~~~~~^^^^^^^^^^^^^^^
  File "/home/ubuntu/.local/lib/python3.13/site-packages/django/template/engine.py", line 159, in find_template
    template = loader.get_template(name, skip=skip)
  File "/home/ubuntu/.local/lib/python3.13/site-packages/django/template/loaders/cached.py", line 57, in get_template
    template = super().get_template(template_name, skip)
  File "/home/ubuntu/.local/lib/python3.13/site-packages/django/template/loaders/base.py", line 28, in get_template
    return Template(
        contents,
    ...<2 lines>...
        self.engine,
    )
  File "/home/ubuntu/.local/lib/python3.13/site-packages/django/template/base.py", line 154, in __init__
    self.nodelist = self.compile_nodelist()
                    ~~~~~~~~~~~~~~~~~~~~~^^
  File "/home/ubuntu/.local/lib/python3.13/site-packages/django/template/base.py", line 196, in compile_nodelist
    nodelist = parser.parse()
  File "/home/ubuntu/.local/lib/python3.13/site-packages/django/template/base.py", line 518, in parse
    raise self.error(token, e)
  File "/home/ubuntu/.local/lib/python3.13/site-packages/django/template/base.py", line 516, in parse
    compiled_result = compile_func(self, token)
  File "/home/ubuntu/.local/lib/python3.13/site-packages/django/template/defaulttags.py", line 862, in do_for
    nodelist_loop = parser.parse(
        (
    ...<2 lines>...
        )
    )
  File "/home/ubuntu/.local/lib/python3.13/site-packages/django/template/base.py", line 518, in parse
    raise self.error(token, e)
  File "/home/ubuntu/.local/lib/python3.13/site-packages/django/template/base.py", line 516, in parse
    compiled_result = compile_func(self, token)
  File "/home/ubuntu/.local/lib/python3.13/site-packages/django/template/defaulttags.py", line 961, in do_if
    condition = TemplateIfParser(parser, bits).parse()
                ~~~~~~~~~~~~~~~~^^^^^^^^^^^^^^
  File "/home/ubuntu/.local/lib/python3.13/site-packages/django/template/defaulttags.py", line 894, in __init__
    super().__init__(*args, **kwargs)
    ~~~~~~~~~~~~~~~~^^^^^^^^^^^^^^^^^
  File "/home/ubuntu/.local/lib/python3.13/site-packages/django/template/smartif.py", line 171, in __init__
    mapped_tokens.append(self.translate_token(token))
                         ~~~~~~~~~~~~~~~~~~~~^^^^^^^
  File "/home/ubuntu/.local/lib/python3.13/site-packages/django/template/smartif.py", line 182, in translate_token
    return self.create_var(token)
           ~~~~~~~~~~~~~~~^^^^^^^
  File "/home/ubuntu/.local/lib/python3.13/site-packages/django/template/defaulttags.py", line 897, in create_var
    return TemplateLiteral(self.template_parser.compile_filter(value), value)
                           ~~~~~~~~~~~~~~~~~~~~~~~~~~~~~~~~~~~^^^^^^^
  File "/home/ubuntu/.local/lib/python3.13/site-packages/django/template/base.py", line 609, in compile_filter
    return FilterExpression(token, self)
  File "/home/ubuntu/.local/lib/python3.13/site-packages/django/template/base.py", line 705, in __init__
    filter_func = parser.find_filter(filter_name)
  File "/home/ubuntu/.local/lib/python3.13/site-packages/django/template/base.py", line 615, in find_filter
    raise TemplateSyntaxError("Invalid filter: '%s'" % filter_name)
django.template.exceptions.TemplateSyntaxError: Invalid filter: 'length_is'
ERROR 2025-08-01 12:33:17,308 basehttp 28831 140574981093056 "GET /admin/myapp/disponibilidadplato/add/ HTTP/1.1" 500 660381
INFO 2025-08-01 12:34:08,082 basehttp 28831 140574981093056 "GET /admin/myapp/disponibilidadplato/ HTTP/1.1" 200 27117
INFO 2025-08-01 12:34:12,700 basehttp 28831 140574981093056 "GET /admin/myapp/plato/ HTTP/1.1" 200 33603
INFO 2025-08-01 12:34:12,984 basehttp 28831 140574981093056 "GET /admin/jsi18n/ HTTP/1.1" 200 8691
ERROR 2025-08-01 12:34:15,155 log 28831 140574981093056 Internal Server Error: /admin/myapp/plato/5/change/
Traceback (most recent call last):
  File "/home/ubuntu/.local/lib/python3.13/site-packages/django/template/smartif.py", line 180, in translate_token
    op = OPERATORS[token]
         ~~~~~~~~~^^^^^^^
KeyError: "line.fields|length_is:'1'"

During handling of the above exception, another exception occurred:

Traceback (most recent call last):
  File "/home/ubuntu/.local/lib/python3.13/site-packages/django/core/handlers/exception.py", line 55, in inner
    response = get_response(request)
  File "/home/ubuntu/.local/lib/python3.13/site-packages/django/core/handlers/base.py", line 220, in _get_response
    response = response.render()
  File "/home/ubuntu/.local/lib/python3.13/site-packages/django/template/response.py", line 114, in render
    self.content = self.rendered_content
                   ^^^^^^^^^^^^^^^^^^^^^
  File "/home/ubuntu/.local/lib/python3.13/site-packages/django/template/response.py", line 92, in rendered_content
    return template.render(context, self._request)
           ~~~~~~~~~~~~~~~^^^^^^^^^^^^^^^^^^^^^^^^
  File "/home/ubuntu/.local/lib/python3.13/site-packages/django/template/backends/django.py", line 107, in render
    return self.template.render(context)
           ~~~~~~~~~~~~~~~~~~~~^^^^^^^^^
  File "/home/ubuntu/.local/lib/python3.13/site-packages/django/template/base.py", line 171, in render
    return self._render(context)
           ~~~~~~~~~~~~^^^^^^^^^
  File "/home/ubuntu/.local/lib/python3.13/site-packages/django/template/base.py", line 163, in _render
    return self.nodelist.render(context)
           ~~~~~~~~~~~~~~~~~~~~^^^^^^^^^
  File "/home/ubuntu/.local/lib/python3.13/site-packages/django/template/base.py", line 1016, in render
    return SafeString("".join([node.render_annotated(context) for node in self]))
                               ~~~~~~~~~~~~~~~~~~~~~^^^^^^^^^
  File "/home/ubuntu/.local/lib/python3.13/site-packages/django/template/base.py", line 977, in render_annotated
    return self.render(context)
           ~~~~~~~~~~~^^^^^^^^^
  File "/home/ubuntu/.local/lib/python3.13/site-packages/django/template/loader_tags.py", line 159, in render
    return compiled_parent._render(context)
           ~~~~~~~~~~~~~~~~~~~~~~~^^^^^^^^^
  File "/home/ubuntu/.local/lib/python3.13/site-packages/django/template/base.py", line 163, in _render
    return self.nodelist.render(context)
           ~~~~~~~~~~~~~~~~~~~~^^^^^^^^^
  File "/home/ubuntu/.local/lib/python3.13/site-packages/django/template/base.py", line 1016, in render
    return SafeString("".join([node.render_annotated(context) for node in self]))
                               ~~~~~~~~~~~~~~~~~~~~~^^^^^^^^^
  File "/home/ubuntu/.local/lib/python3.13/site-packages/django/template/base.py", line 977, in render_annotated
    return self.render(context)
           ~~~~~~~~~~~^^^^^^^^^
  File "/home/ubuntu/.local/lib/python3.13/site-packages/django/template/loader_tags.py", line 159, in render
    return compiled_parent._render(context)
           ~~~~~~~~~~~~~~~~~~~~~~~^^^^^^^^^
  File "/home/ubuntu/.local/lib/python3.13/site-packages/django/template/base.py", line 163, in _render
    return self.nodelist.render(context)
           ~~~~~~~~~~~~~~~~~~~~^^^^^^^^^
  File "/home/ubuntu/.local/lib/python3.13/site-packages/django/template/base.py", line 1016, in render
    return SafeString("".join([node.render_annotated(context) for node in self]))
                               ~~~~~~~~~~~~~~~~~~~~~^^^^^^^^^
  File "/home/ubuntu/.local/lib/python3.13/site-packages/django/template/base.py", line 977, in render_annotated
    return self.render(context)
           ~~~~~~~~~~~^^^^^^^^^
  File "/home/ubuntu/.local/lib/python3.13/site-packages/django/template/loader_tags.py", line 65, in render
    result = block.nodelist.render(context)
  File "/home/ubuntu/.local/lib/python3.13/site-packages/django/template/base.py", line 1016, in render
    return SafeString("".join([node.render_annotated(context) for node in self]))
                               ~~~~~~~~~~~~~~~~~~~~~^^^^^^^^^
  File "/home/ubuntu/.local/lib/python3.13/site-packages/django/template/base.py", line 977, in render_annotated
    return self.render(context)
           ~~~~~~~~~~~^^^^^^^^^
  File "/home/ubuntu/.local/lib/python3.13/site-packages/django/template/loader_tags.py", line 65, in render
    result = block.nodelist.render(context)
  File "/home/ubuntu/.local/lib/python3.13/site-packages/django/template/base.py", line 1016, in render
    return SafeString("".join([node.render_annotated(context) for node in self]))
                               ~~~~~~~~~~~~~~~~~~~~~^^^^^^^^^
  File "/home/ubuntu/.local/lib/python3.13/site-packages/django/template/base.py", line 977, in render_annotated
    return self.render(context)
           ~~~~~~~~~~~^^^^^^^^^
  File "/home/ubuntu/.local/lib/python3.13/site-packages/django/template/loader_tags.py", line 65, in render
    result = block.nodelist.render(context)
  File "/home/ubuntu/.local/lib/python3.13/site-packages/django/template/base.py", line 1016, in render
    return SafeString("".join([node.render_annotated(context) for node in self]))
                               ~~~~~~~~~~~~~~~~~~~~~^^^^^^^^^
  File "/home/ubuntu/.local/lib/python3.13/site-packages/django/template/base.py", line 977, in render_annotated
    return self.render(context)
           ~~~~~~~~~~~^^^^^^^^^
  File "/home/ubuntu/.local/lib/python3.13/site-packages/django/template/loader_tags.py", line 210, in render
    return template.render(context)
           ~~~~~~~~~~~~~~~^^^^^^^^^
  File "/home/ubuntu/.local/lib/python3.13/site-packages/django/template/base.py", line 173, in render
    return self._render(context)
           ~~~~~~~~~~~~^^^^^^^^^
  File "/home/ubuntu/.local/lib/python3.13/site-packages/django/template/base.py", line 163, in _render
    return self.nodelist.render(context)
           ~~~~~~~~~~~~~~~~~~~~^^^^^^^^^
  File "/home/ubuntu/.local/lib/python3.13/site-packages/django/template/base.py", line 1016, in render
    return SafeString("".join([node.render_annotated(context) for node in self]))
                               ~~~~~~~~~~~~~~~~~~~~~^^^^^^^^^
  File "/home/ubuntu/.local/lib/python3.13/site-packages/django/template/base.py", line 977, in render_annotated
    return self.render(context)
           ~~~~~~~~~~~^^^^^^^^^
  File "/home/ubuntu/.local/lib/python3.13/site-packages/django/template/defaulttags.py", line 243, in render
    nodelist.append(node.render_annotated(context))
                    ~~~~~~~~~~~~~~~~~~~~~^^^^^^^^^
  File "/home/ubuntu/.local/lib/python3.13/site-packages/django/template/base.py", line 977, in render_annotated
    return self.render(context)
           ~~~~~~~~~~~^^^^^^^^^
  File "/home/ubuntu/.local/lib/python3.13/site-packages/django/template/defaulttags.py", line 327, in render
    return nodelist.render(context)
           ~~~~~~~~~~~~~~~^^^^^^^^^
  File "/home/ubuntu/.local/lib/python3.13/site-packages/django/template/base.py", line 1016, in render
    return SafeString("".join([node.render_annotated(context) for node in self]))
                               ~~~~~~~~~~~~~~~~~~~~~^^^^^^^^^
  File "/home/ubuntu/.local/lib/python3.13/site-packages/django/template/base.py", line 977, in render_annotated
    return self.render(context)
           ~~~~~~~~~~~^^^^^^^^^
  File "/home/ubuntu/.local/lib/python3.13/site-packages/django/template/loader_tags.py", line 199, in render
    template = context.template.engine.select_template(template_name)
  File "/home/ubuntu/.local/lib/python3.13/site-packages/django/template/engine.py", line 208, in select_template
    return self.get_template(template_name)
           ~~~~~~~~~~~~~~~~~^^^^^^^^^^^^^^^
  File "/home/ubuntu/.local/lib/python3.13/site-packages/django/template/engine.py", line 177, in get_template
    template, origin = self.find_template(template_name)
                       ~~~~~~~~~~~~~~~~~~^^^^^^^^^^^^^^^
  File "/home/ubuntu/.local/lib/python3.13/site-packages/django/template/engine.py", line 159, in find_template
    template = loader.get_template(name, skip=skip)
  File "/home/ubuntu/.local/lib/python3.13/site-packages/django/template/loaders/cached.py", line 57, in get_template
    template = super().get_template(template_name, skip)
  File "/home/ubuntu/.local/lib/python3.13/site-packages/django/template/loaders/base.py", line 28, in get_template
    return Template(
        contents,
    ...<2 lines>...
        self.engine,
    )
  File "/home/ubuntu/.local/lib/python3.13/site-packages/django/template/base.py", line 154, in __init__
    self.nodelist = self.compile_nodelist()
                    ~~~~~~~~~~~~~~~~~~~~~^^
  File "/home/ubuntu/.local/lib/python3.13/site-packages/django/template/base.py", line 196, in compile_nodelist
    nodelist = parser.parse()
  File "/home/ubuntu/.local/lib/python3.13/site-packages/django/template/base.py", line 518, in parse
    raise self.error(token, e)
  File "/home/ubuntu/.local/lib/python3.13/site-packages/django/template/base.py", line 516, in parse
    compiled_result = compile_func(self, token)
  File "/home/ubuntu/.local/lib/python3.13/site-packages/django/template/defaulttags.py", line 862, in do_for
    nodelist_loop = parser.parse(
        (
    ...<2 lines>...
        )
    )
  File "/home/ubuntu/.local/lib/python3.13/site-packages/django/template/base.py", line 518, in parse
    raise self.error(token, e)
  File "/home/ubuntu/.local/lib/python3.13/site-packages/django/template/base.py", line 516, in parse
    compiled_result = compile_func(self, token)
  File "/home/ubuntu/.local/lib/python3.13/site-packages/django/template/defaulttags.py", line 961, in do_if
    condition = TemplateIfParser(parser, bits).parse()
                ~~~~~~~~~~~~~~~~^^^^^^^^^^^^^^
  File "/home/ubuntu/.local/lib/python3.13/site-packages/django/template/defaulttags.py", line 894, in __init__
    super().__init__(*args, **kwargs)
    ~~~~~~~~~~~~~~~~^^^^^^^^^^^^^^^^^
  File "/home/ubuntu/.local/lib/python3.13/site-packages/django/template/smartif.py", line 171, in __init__
    mapped_tokens.append(self.translate_token(token))
                         ~~~~~~~~~~~~~~~~~~~~^^^^^^^
  File "/home/ubuntu/.local/lib/python3.13/site-packages/django/template/smartif.py", line 182, in translate_token
    return self.create_var(token)
           ~~~~~~~~~~~~~~~^^^^^^^
  File "/home/ubuntu/.local/lib/python3.13/site-packages/django/template/defaulttags.py", line 897, in create_var
    return TemplateLiteral(self.template_parser.compile_filter(value), value)
                           ~~~~~~~~~~~~~~~~~~~~~~~~~~~~~~~~~~~^^^^^^^
  File "/home/ubuntu/.local/lib/python3.13/site-packages/django/template/base.py", line 609, in compile_filter
    return FilterExpression(token, self)
  File "/home/ubuntu/.local/lib/python3.13/site-packages/django/template/base.py", line 705, in __init__
    filter_func = parser.find_filter(filter_name)
  File "/home/ubuntu/.local/lib/python3.13/site-packages/django/template/base.py", line 615, in find_filter
    raise TemplateSyntaxError("Invalid filter: '%s'" % filter_name)
django.template.exceptions.TemplateSyntaxError: Invalid filter: 'length_is'
ERROR 2025-08-01 12:34:15,159 basehttp 28831 140574981093056 "GET /admin/myapp/plato/5/change/ HTTP/1.1" 500 661560
INFO 2025-08-01 12:38:43,667 autoreload 34953 140648095559936 Watching for file changes with StatReloader
INFO 2025-08-01 12:38:47,575 basehttp 34953 140647778428608 "HEAD /admin/myapp/disponibilidadplato/add/ HTTP/1.1" 302 0
INFO 2025-08-01 12:38:52,904 basehttp 34953 140647778428608 "HEAD /admin/myapp/plato/add/ HTTP/1.1" 302 0
INFO 2025-08-01 12:38:57,599 basehttp 34953 140647696692928 "HEAD /admin/myapp/cliente/add/ HTTP/1.1" 302 0
INFO 2025-08-01 12:39:37,727 basehttp 34953 140647688300224 "GET /main/ HTTP/1.1" 302 0
INFO 2025-08-01 12:39:42,141 basehttp 34953 140647679907520 "HEAD /main/ HTTP/1.1" 302 0
INFO 2025-08-01 12:39:47,503 basehttp 34953 140647671514816 "HEAD / HTTP/1.1" 200 0
INFO 2025-08-01 12:40:09,046 basehttp 34953 140647671514816 "HEAD /admin/myapp/plato/add/ HTTP/1.1" 302 0
INFO 2025-08-01 12:40:09,053 basehttp 34953 140647679907520 "HEAD /admin/myapp/disponibilidadplato/add/ HTTP/1.1" 302 0
INFO 2025-08-01 12:46:59,940 basehttp 34953 140647688300224 "GET /admin/ HTTP/1.1" 200 28035
INFO 2025-08-01 12:47:00,220 basehttp 34953 140647671514816 "GET /static/admin/css/dark_mode.css HTTP/1.1" 200 2808
INFO 2025-08-01 12:47:00,221 basehttp 34953 140647679907520 "GET /static/admin/css/base.css HTTP/1.1" 200 22120
INFO 2025-08-01 12:47:00,350 basehttp 34953 140647688300224 "GET /static/admin_interface/css/admin-interface.css?v=42345859042311fcac2b2a49c8b09d24faa4959d8a7aad5855e1c68c HTTP/1.1" 200 17679
INFO 2025-08-01 12:47:00,437 basehttp 34953 140647671514816 "GET /static/admin_interface/css/changelist.css?v=42345859042311fcac2b2a49c8b09d24faa4959d8a7aad5855e1c68c HTTP/1.1" 200 1246
INFO 2025-08-01 12:47:00,644 basehttp 34953 140647688300224 "GET /static/admin_interface/css/file-upload.css?v=42345859042311fcac2b2a49c8b09d24faa4959d8a7aad5855e1c68c HTTP/1.1" 200 1169
INFO 2025-08-01 12:47:00,645 basehttp 34953 140647679907520 "GET /static/admin_interface/css/header.css?v=42345859042311fcac2b2a49c8b09d24faa4959d8a7aad5855e1c68c HTTP/1.1" 200 1009
INFO 2025-08-01 12:47:00,672 basehttp 34953 140647671514816 "GET /static/admin_interface/css/inlines.css?v=42345859042311fcac2b2a49c8b09d24faa4959d8a7aad5855e1c68c HTTP/1.1" 200 2715
INFO 2025-08-01 12:47:00,871 basehttp 34953 140647688300224 "GET /static/admin_interface/css/jquery.ui.tabs.css?v=42345859042311fcac2b2a49c8b09d24faa4959d8a7aad5855e1c68c HTTP/1.1" 200 5558
INFO 2025-08-01 12:47:00,873 basehttp 34953 140647679907520 "GET /static/admin_interface/css/language-chooser.css?v=42345859042311fcac2b2a49c8b09d24faa4959d8a7aad5855e1c68c HTTP/1.1" 200 1734
INFO 2025-08-01 12:47:00,880 basehttp 34953 140647671514816 "GET /static/admin_interface/css/list-filter.css?v=42345859042311fcac2b2a49c8b09d24faa4959d8a7aad5855e1c68c HTTP/1.1" 200 614
INFO 2025-08-01 12:47:01,082 basehttp 34953 140647688300224 "GET /static/admin_interface/css/list-filter-dropdown.css?v=42345859042311fcac2b2a49c8b09d24faa4959d8a7aad5855e1c68c HTTP/1.1" 200 691
INFO 2025-08-01 12:47:01,090 basehttp 34953 140647679907520 "GET /static/admin_interface/css/login.css?v=42345859042311fcac2b2a49c8b09d24faa4959d8a7aad5855e1c68c HTTP/1.1" 200 1240
INFO 2025-08-01 12:47:01,096 basehttp 34953 140647671514816 "GET /static/admin_interface/css/modules.css?v=42345859042311fcac2b2a49c8b09d24faa4959d8a7aad5855e1c68c HTTP/1.1" 200 404
INFO 2025-08-01 12:47:01,307 basehttp 34953 140647671514816 "GET /static/admin_interface/css/object-tools.css?v=42345859042311fcac2b2a49c8b09d24faa4959d8a7aad5855e1c68c HTTP/1.1" 200 319
INFO 2025-08-01 12:47:01,308 basehttp 34953 140647679907520 "GET /static/admin_interface/css/paginator.css?v=42345859042311fcac2b2a49c8b09d24faa4959d8a7aad5855e1c68c HTTP/1.1" 200 797
INFO 2025-08-01 12:47:01,308 basehttp 34953 140647688300224 "GET /static/admin_interface/css/nav-sidebar.css?v=42345859042311fcac2b2a49c8b09d24faa4959d8a7aad5855e1c68c HTTP/1.1" 200 2025
INFO 2025-08-01 12:47:01,400 basehttp 34953 140647696692928 "GET /static/admin_interface/css/fieldsets.css?v=42345859042311fcac2b2a49c8b09d24faa4959d8a7aad5855e1c68c HTTP/1.1" 200 499
INFO 2025-08-01 12:47:01,406 basehttp 34953 140647663122112 "GET /static/admin_interface/css/change-form.css?v=42345859042311fcac2b2a49c8b09d24faa4959d8a7aad5855e1c68c HTTP/1.1" 200 1125
INFO 2025-08-01 12:47:01,413 basehttp 34953 140647654729408 "GET /static/admin/css/nav_sidebar.css HTTP/1.1" 200 2810
INFO 2025-08-01 12:47:01,513 basehttp 34953 140647671514816 "GET /static/admin_interface/css/rtl.css?v=42345859042311fcac2b2a49c8b09d24faa4959d8a7aad5855e1c68c HTTP/1.1" 200 1016
INFO 2025-08-01 12:47:01,516 basehttp 34953 140647688300224 "GET /static/admin_interface/css/sticky-form-controls.css?v=42345859042311fcac2b2a49c8b09d24faa4959d8a7aad5855e1c68c HTTP/1.1" 200 2437
INFO 2025-08-01 12:47:01,522 basehttp 34953 140647679907520 "GET /static/admin_interface/css/tabbed-changeform.css?v=42345859042311fcac2b2a49c8b09d24faa4959d8a7aad5855e1c68c HTTP/1.1" 200 1895
INFO 2025-08-01 12:47:01,609 basehttp 34953 140647696692928 "GET /static/admin_interface/css/widgets.css?v=42345859042311fcac2b2a49c8b09d24faa4959d8a7aad5855e1c68c HTTP/1.1" 200 4752
INFO 2025-08-01 12:47:01,618 basehttp 34953 140647663122112 "GET /static/admin_interface/css/third-party/ckeditor.css?v=42345859042311fcac2b2a49c8b09d24faa4959d8a7aad5855e1c68c HTTP/1.1" 200 2720
INFO 2025-08-01 12:47:01,626 basehttp 34953 140647654729408 "GET /static/admin_interface/css/third-party/import-export.css?v=42345859042311fcac2b2a49c8b09d24faa4959d8a7aad5855e1c68c HTTP/1.1" 200 189
INFO 2025-08-01 12:47:01,722 basehttp 34953 140647671514816 "GET /static/admin_interface/css/third-party/json-widget.css?v=42345859042311fcac2b2a49c8b09d24faa4959d8a7aad5855e1c68c HTTP/1.1" 200 993
INFO 2025-08-01 12:47:01,727 basehttp 34953 140647688300224 "GET /static/admin_interface/css/third-party/modeltranslation.css?v=42345859042311fcac2b2a49c8b09d24faa4959d8a7aad5855e1c68c HTTP/1.1" 200 356
INFO 2025-08-01 12:47:01,732 basehttp 34953 140647679907520 "GET /static/admin_interface/css/third-party/rangefilter.css?v=42345859042311fcac2b2a49c8b09d24faa4959d8a7aad5855e1c68c HTTP/1.1" 200 1238
INFO 2025-08-01 12:47:01,816 basehttp 34953 140647696692928 "GET /static/admin_interface/css/third-party/sorl-thumbnail.css?v=42345859042311fcac2b2a49c8b09d24faa4959d8a7aad5855e1c68c HTTP/1.1" 200 1451
INFO 2025-08-01 12:47:01,827 basehttp 34953 140647663122112 "GET /static/admin_interface/css/third-party/streamfield.css?v=42345859042311fcac2b2a49c8b09d24faa4959d8a7aad5855e1c68c HTTP/1.1" 200 6407
INFO 2025-08-01 12:47:01,841 basehttp 34953 140647654729408 "GET /static/admin_interface/css/third-party/tinymce.css?v=42345859042311fcac2b2a49c8b09d24faa4959d8a7aad5855e1c68c HTTP/1.1" 200 78
INFO 2025-08-01 12:47:01,927 basehttp 34953 140647671514816 "GET /static/admin/css/responsive.css?nocache=42345859042311fcac2b2a49c8b09d24faa4959d8a7aad5855e1c68c HTTP/1.1" 200 16565
INFO 2025-08-01 12:47:01,940 basehttp 34953 140647688300224 "GET /static/admin/css/responsive_rtl.css?nocache=42345859042311fcac2b2a49c8b09d24faa4959d8a7aad5855e1c68c HTTP/1.1" 200 1991
INFO 2025-08-01 12:47:01,945 basehttp 34953 140647679907520 "GET /static/admin_interface/foldable-apps/foldable-apps.css?nocache=42345859042311fcac2b2a49c8b09d24faa4959d8a7aad5855e1c68c HTTP/1.1" 200 1955
INFO 2025-08-01 12:47:02,024 basehttp 34953 140647696692928 "GET /static/admin_interface/magnific-popup/magnific-popup.css?nocache=42345859042311fcac2b2a49c8b09d24faa4959d8a7aad5855e1c68c HTTP/1.1" 200 6951
INFO 2025-08-01 12:47:02,039 basehttp 34953 140647663122112 "GET /static/admin_interface/related-modal/related-modal.css?v=42345859042311fcac2b2a49c8b09d24faa4959d8a7aad5855e1c68c HTTP/1.1" 200 2888
INFO 2025-08-01 12:47:02,053 basehttp 34953 140647654729408 "GET /static/admin/css/dashboard.css HTTP/1.1" 200 441
INFO 2025-08-01 12:47:02,153 basehttp 34953 140647688300224 "GET /static/admin/css/responsive.css HTTP/1.1" 200 16565
INFO 2025-08-01 12:47:02,160 basehttp 34953 140647679907520 "GET /static/admin/js/theme.js HTTP/1.1" 200 1653
INFO 2025-08-01 12:47:02,234 basehttp 34953 140647696692928 "GET /static/admin_interface/foldable-apps/foldable-apps.js?nocache=42345859042311fcac2b2a49c8b09d24faa4959d8a7aad5855e1c68c HTTP/1.1" 200 1750
INFO 2025-08-01 12:47:02,246 basehttp 34953 140647663122112 "GET /static/admin_interface/magnific-popup/jquery.magnific-popup.js?nocache=42345859042311fcac2b2a49c8b09d24faa4959d8a7aad5855e1c68c HTTP/1.1" 200 60830
INFO 2025-08-01 12:47:02,263 basehttp 34953 140647654729408 "GET /static/admin_interface/related-modal/related-modal.js?nocache=42345859042311fcac2b2a49c8b09d24faa4959d8a7aad5855e1c68c HTTP/1.1" 200 7032
INFO 2025-08-01 12:47:02,474 basehttp 34953 140647654729408 "GET /static/admin/js/nav_sidebar.js HTTP/1.1" 200 3063
INFO 2025-08-01 12:47:02,870 basehttp 34953 140647654729408 "GET /static/admin/img/icon-changelink.svg HTTP/1.1" 200 380
INFO 2025-08-01 12:47:02,871 basehttp 34953 140647663122112 "GET /static/admin/img/icon-addlink.svg HTTP/1.1" 200 331
INFO 2025-08-01 12:47:15,475 basehttp 34953 140647663122112 "GET / HTTP/1.1" 200 3314
INFO 2025-08-01 12:47:16,382 basehttp 34953 140647654729408 "GET /static/estilo.css HTTP/1.1" 304 0
INFO 2025-08-01 12:47:16,384 basehttp 34953 140647671514816 "GET /static/img/tutorial-step-4.png HTTP/1.1" 304 0
INFO 2025-08-01 12:47:16,384 basehttp 34953 140647696692928 "GET /static/img/tutorial-step-1.png HTTP/1.1" 304 0
INFO 2025-08-01 12:47:16,385 basehttp 34953 140647663122112 "GET /static/img/logo.flg.png HTTP/1.1" 304 0
INFO 2025-08-01 12:47:16,386 basehttp 34953 140647679907520 "GET /static/img/tutorial-step-3.png HTTP/1.1" 304 0
INFO 2025-08-01 12:47:16,386 basehttp 34953 140647688300224 "GET /static/img/tutorial-step-2.png HTTP/1.1" 304 0
INFO 2025-08-01 12:47:16,673 basehttp 34953 140647663122112 "GET /static/img/footer-dsk.jpg HTTP/1.1" 304 0
WARNING 2025-08-01 12:47:21,998 basehttp 34953 140647688300224 "GET /static/img/menu-label.png HTTP/1.1" 404 1868
INFO 2025-08-01 12:47:22,132 basehttp 34953 140647654729408 "GET /signin/ HTTP/1.1" 200 1605
INFO 2025-08-01 12:47:33,312 basehttp 34953 140647654729408 "POST /signin/ HTTP/1.1" 200 1637
INFO 2025-08-01 12:47:35,166 basehttp 34953 140647654729408 "GET /singup/ HTTP/1.1" 200 1740
INFO 2025-08-01 12:47:51,146 basehttp 34953 140647654729408 "POST /singup/ HTTP/1.1" 302 0
INFO 2025-08-01 12:47:51,620 basehttp 34953 140647654729408 "GET /info/ HTTP/1.1" 200 3925
INFO 2025-08-01 12:48:05,177 basehttp 34953 140647654729408 "POST /info/ HTTP/1.1" 302 0
INFO 2025-08-01 12:48:05,426 basehttp 34953 140647654729408 "GET /main/ HTTP/1.1" 200 33103
INFO 2025-08-01 12:48:05,680 basehttp 34953 140647663122112 "GET /static/styles.css HTTP/1.1" 304 0
WARNING 2025-08-01 12:48:05,686 basehttp 34953 140647696692928 "GET /static/img/imagen1-removebg-preview.png HTTP/1.1" 404 1910
INFO 2025-08-01 12:48:18,702 basehttp 34953 140647663122112 "GET /logout/ HTTP/1.1" 302 0
INFO 2025-08-01 12:48:18,936 basehttp 34953 140647663122112 "GET / HTTP/1.1" 200 3314
INFO 2025-08-01 12:48:24,558 basehttp 34953 140647663122112 "GET /admin/ HTTP/1.1" 302 0
INFO 2025-08-01 12:48:26,001 basehttp 34953 140647663122112 "GET /admin/login/?next=/admin/ HTTP/1.1" 200 16845
INFO 2025-08-01 12:48:27,922 basehttp 34953 140647663122112 "GET /static/admin/css/login.css HTTP/1.1" 200 951
INFO 2025-08-01 12:48:37,918 basehttp 34953 140647663122112 "POST /admin/login/?next=/admin/ HTTP/1.1" 302 0
INFO 2025-08-01 12:48:38,224 basehttp 34953 140647663122112 "GET /admin/ HTTP/1.1" 200 28035
INFO 2025-08-01 12:48:46,489 basehttp 34953 140647663122112 "GET /admin/admin_interface/theme/ HTTP/1.1" 200 29369
INFO 2025-08-01 12:48:46,746 basehttp 34953 140647671514816 "GET /static/admin/js/vendor/jquery/jquery.js HTTP/1.1" 304 0
INFO 2025-08-01 12:48:46,746 basehttp 34953 140647654729408 "GET /static/admin/css/forms.css HTTP/1.1" 200 8525
INFO 2025-08-01 12:48:46,746 basehttp 34953 140647663122112 "GET /static/admin/css/changelists.css HTTP/1.1" 200 6878
INFO 2025-08-01 12:48:46,750 basehttp 34953 140647679907520 "GET /admin/jsi18n/ HTTP/1.1" 200 8691
INFO 2025-08-01 12:48:47,049 basehttp 34953 140647671514816 "GET /static/admin/js/jquery.init.js HTTP/1.1" 304 0
INFO 2025-08-01 12:48:47,081 basehttp 34953 140647654729408 "GET /static/admin/js/actions.js HTTP/1.1" 304 0
INFO 2025-08-01 12:48:47,082 basehttp 34953 140647663122112 "GET /static/admin/js/prepopulate.js HTTP/1.1" 304 0
INFO 2025-08-01 12:48:47,084 basehttp 34953 140647679907520 "GET /static/admin/js/urlify.js HTTP/1.1" 304 0
INFO 2025-08-01 12:48:47,257 basehttp 34953 140647671514816 "GET /static/admin/css/widgets.css HTTP/1.1" 200 11991
INFO 2025-08-01 12:48:47,395 basehttp 34953 140647663122112 "GET /static/admin/js/vendor/xregexp/xregexp.js HTTP/1.1" 304 0
INFO 2025-08-01 12:48:48,137 basehttp 34953 140647696692928 "GET /static/admin/js/admin/RelatedObjectLookups.js HTTP/1.1" 304 0
INFO 2025-08-01 12:48:48,157 basehttp 34953 140647688300224 "GET /static/admin/js/core.js HTTP/1.1" 304 0
INFO 2025-08-01 12:48:48,356 basehttp 34953 140647696692928 "GET /static/admin/js/filters.js HTTP/1.1" 200 978
INFO 2025-08-01 12:48:48,415 basehttp 34953 140647688300224 "GET /static/admin/img/tooltag-add.svg HTTP/1.1" 200 331
INFO 2025-08-01 12:48:51,715 basehttp 34953 140647688300224 "GET /admin/admin_interface/theme/add/ HTTP/1.1" 200 77567
INFO 2025-08-01 12:48:52,195 basehttp 34953 140647663122112 "GET /static/colorfield/colorfield.js HTTP/1.1" 200 408
INFO 2025-08-01 12:48:52,198 basehttp 34953 140647671514816 "GET /admin/jsi18n/ HTTP/1.1" 200 8691
INFO 2025-08-01 12:48:52,199 basehttp 34953 140647696692928 "GET /static/colorfield/jscolor/jscolor.js HTTP/1.1" 200 102106
INFO 2025-08-01 12:48:52,361 basehttp 34953 140647688300224 "GET /static/admin/js/prepopulate_init.js HTTP/1.1" 200 586
INFO 2025-08-01 12:48:52,790 basehttp 34953 140647688300224 "GET /static/admin/js/change_form.js HTTP/1.1" 200 606
INFO 2025-08-01 12:50:16,539 basehttp 34953 140647679907520 "POST /admin/admin_interface/theme/add/ HTTP/1.1" 302 0
INFO 2025-08-01 12:50:16,820 basehttp 34953 140647679907520 "GET /admin/admin_interface/theme/add/ HTTP/1.1" 200 78202
INFO 2025-08-01 12:50:17,069 basehttp 34953 140647663122112 "GET /static/admin_interface/favico/favico-0.3.10-patched.min.js?nocache=42345859042311fcac2b2a49c8b09d24faa4959d8a7aad5855e1c68c HTTP/1.1" 200 9303
INFO 2025-08-01 12:50:17,073 basehttp 34953 140647688300224 "GET /admin/jsi18n/ HTTP/1.1" 200 8691
INFO 2025-08-01 12:50:17,352 basehttp 34953 140647663122112 "GET /media/admin-interface/logo/logo.flg.png HTTP/1.1" 200 70358
INFO 2025-08-01 12:50:17,372 basehttp 34953 140647688300224 "GET /media/admin-interface/favicon/Imagen1-removebg-preview.png HTTP/1.1" 200 57582
INFO 2025-08-01 12:50:17,475 basehttp 34953 140647679907520 "GET /static/admin/img/icon-yes.svg HTTP/1.1" 304 0
INFO 2025-08-01 12:50:25,127 basehttp 34953 140647688300224 "GET /admin/admin_interface/theme/ HTTP/1.1" 200 30208
INFO 2025-08-01 12:50:25,471 basehttp 34953 140647663122112 "GET /media/admin-interface/logo/logo.flg.png HTTP/1.1" 304 0
INFO 2025-08-01 12:50:25,475 basehttp 34953 140647688300224 "GET /admin/jsi18n/ HTTP/1.1" 200 8691
INFO 2025-08-01 12:50:25,715 basehttp 34953 140647688300224 "GET /media/admin-interface/favicon/Imagen1-removebg-preview.png HTTP/1.1" 304 0
INFO 2025-08-01 12:50:31,843 basehttp 34953 140647688300224 "GET /admin/ HTTP/1.1" 200 28806
INFO 2025-08-01 12:50:32,118 basehttp 34953 140647663122112 "GET /media/admin-interface/favicon/Imagen1-removebg-preview.png HTTP/1.1" 304 0
INFO 2025-08-01 12:50:32,120 basehttp 34953 140647688300224 "GET /media/admin-interface/logo/logo.flg.png HTTP/1.1" 304 0
INFO 2025-08-01 12:50:41,259 basehttp 34953 140647663122112 "GET /admin/myapp/empresa/ HTTP/1.1" 200 30961
INFO 2025-08-01 12:50:41,756 basehttp 34953 140647663122112 "GET /admin/jsi18n/ HTTP/1.1" 200 8691
INFO 2025-08-01 12:50:41,757 basehttp 34953 140647688300224 "GET /media/admin-interface/logo/logo.flg.png HTTP/1.1" 304 0
INFO 2025-08-01 12:50:41,758 basehttp 34953 140647679907520 "GET /static/admin/img/search.svg HTTP/1.1" 200 458
INFO 2025-08-01 12:50:42,195 basehttp 34953 140647663122112 "GET /static/admin/img/sorting-icons.svg HTTP/1.1" 200 1097
INFO 2025-08-01 12:50:42,197 basehttp 34953 140647679907520 "GET /media/admin-interface/favicon/Imagen1-removebg-preview.png HTTP/1.1" 304 0
INFO 2025-08-01 12:50:49,759 basehttp 34953 140647663122112 "GET /admin/myapp/movimientoinventario/ HTTP/1.1" 200 39052
INFO 2025-08-01 12:50:50,057 basehttp 34953 140647663122112 "GET /admin/jsi18n/ HTTP/1.1" 200 8691
INFO 2025-08-01 12:50:50,057 basehttp 34953 140647679907520 "GET /media/admin-interface/logo/logo.flg.png HTTP/1.1" 304 0
INFO 2025-08-01 12:50:50,311 basehttp 34953 140647679907520 "GET /media/admin-interface/favicon/Imagen1-removebg-preview.png HTTP/1.1" 304 0
INFO 2025-08-01 12:50:55,784 basehttp 34953 140647679907520 "GET /admin/myapp/reciboitem/ HTTP/1.1" 200 27897
INFO 2025-08-01 12:50:56,075 basehttp 34953 140647663122112 "GET /media/admin-interface/logo/logo.flg.png HTTP/1.1" 304 0
INFO 2025-08-01 12:50:56,080 basehttp 34953 140647679907520 "GET /admin/jsi18n/ HTTP/1.1" 200 8691
INFO 2025-08-01 12:50:56,502 basehttp 34953 140647679907520 "GET /media/admin-interface/favicon/Imagen1-removebg-preview.png HTTP/1.1" 304 0
INFO 2025-08-01 12:51:00,306 basehttp 34953 140647679907520 "GET /admin/myapp/plato/ HTTP/1.1" 200 33620
INFO 2025-08-01 12:51:00,669 basehttp 34953 140647663122112 "GET /media/admin-interface/logo/logo.flg.png HTTP/1.1" 304 0
INFO 2025-08-01 12:51:00,672 basehttp 34953 140647679907520 "GET /admin/jsi18n/ HTTP/1.1" 200 8691
INFO 2025-08-01 12:51:00,910 basehttp 34953 140647679907520 "GET /media/admin-interface/favicon/Imagen1-removebg-preview.png HTTP/1.1" 304 0
INFO 2025-08-01 12:51:02,722 basehttp 34953 140647679907520 "GET /admin/myapp/plato/add/ HTTP/1.1" 200 39326
INFO 2025-08-01 12:51:03,010 basehttp 34953 140647679907520 "GET /admin/jsi18n/ HTTP/1.1" 200 8691
INFO 2025-08-01 12:51:59,842 basehttp 34953 140647679907520 "POST /admin/myapp/plato/add/ HTTP/1.1" 200 39669
INFO 2025-08-01 12:52:00,106 basehttp 34953 140647663122112 "GET /media/admin-interface/logo/logo.flg.png HTTP/1.1" 304 0
INFO 2025-08-01 12:52:00,109 basehttp 34953 140647679907520 "GET /admin/jsi18n/ HTTP/1.1" 200 8691
INFO 2025-08-01 12:52:00,339 basehttp 34953 140647679907520 "GET /media/admin-interface/favicon/Imagen1-removebg-preview.png HTTP/1.1" 304 0
INFO 2025-08-01 12:52:10,387 basehttp 34953 140647679907520 "POST /admin/myapp/plato/add/ HTTP/1.1" 200 39668
INFO 2025-08-01 12:52:11,017 basehttp 34953 140647679907520 "GET /admin/jsi18n/ HTTP/1.1" 200 8691
INFO 2025-08-01 12:52:11,122 basehttp 34953 140647663122112 "GET /media/admin-interface/logo/logo.flg.png HTTP/1.1" 304 0
INFO 2025-08-01 12:52:11,729 basehttp 34953 140647679907520 "GET /media/admin-interface/favicon/Imagen1-removebg-preview.png HTTP/1.1" 304 0
INFO 2025-08-01 12:52:23,356 basehttp 34953 140647679907520 "POST /admin/myapp/plato/add/ HTTP/1.1" 200 39667
INFO 2025-08-01 12:52:23,622 basehttp 34953 140647663122112 "GET /media/admin-interface/logo/logo.flg.png HTTP/1.1" 304 0
INFO 2025-08-01 12:52:23,626 basehttp 34953 140647679907520 "GET /admin/jsi18n/ HTTP/1.1" 200 8691
INFO 2025-08-01 12:52:23,858 basehttp 34953 140647679907520 "GET /media/admin-interface/favicon/Imagen1-removebg-preview.png HTTP/1.1" 304 0
INFO 2025-08-01 12:52:31,150 basehttp 34953 140647679907520 "POST /admin/myapp/plato/add/ HTTP/1.1" 302 0
INFO 2025-08-01 12:52:31,387 basehttp 34953 140647679907520 "GET /admin/myapp/plato/add/ HTTP/1.1" 200 39583
INFO 2025-08-01 12:52:31,638 basehttp 34953 140647679907520 "GET /admin/jsi18n/ HTTP/1.1" 200 8691
INFO 2025-08-01 12:52:34,568 basehttp 34953 140647679907520 "GET /admin/myapp/disponibilidadplato/ HTTP/1.1" 200 40205
INFO 2025-08-01 12:52:34,968 basehttp 34953 140647679907520 "GET /admin/jsi18n/ HTTP/1.1" 200 8691
INFO 2025-08-01 12:52:39,280 basehttp 34953 140647679907520 "GET /admin/myapp/disponibilidadplato/add/ HTTP/1.1" 200 30669
INFO 2025-08-01 12:52:39,635 basehttp 34953 140647663122112 "GET /admin/jsi18n/ HTTP/1.1" 200 8691
INFO 2025-08-01 12:52:39,681 basehttp 34953 140647679907520 "GET /media/admin-interface/logo/logo.flg.png HTTP/1.1" 304 0
INFO 2025-08-01 12:52:40,051 basehttp 34953 140647679907520 "GET /static/admin/img/icon-viewlink.svg HTTP/1.1" 200 581
INFO 2025-08-01 12:52:40,273 basehttp 34953 140647663122112 "GET /media/admin-interface/favicon/Imagen1-removebg-preview.png HTTP/1.1" 304 0
INFO 2025-08-01 12:52:45,127 basehttp 34953 140647663122112 "POST /admin/myapp/disponibilidadplato/add/ HTTP/1.1" 302 0
INFO 2025-08-01 12:52:45,396 basehttp 34953 140647663122112 "GET /admin/myapp/disponibilidadplato/add/ HTTP/1.1" 200 30991
INFO 2025-08-01 12:52:45,661 basehttp 34953 140647663122112 "GET /admin/jsi18n/ HTTP/1.1" 200 8691
INFO 2025-08-01 12:52:48,484 basehttp 34953 140647663122112 "GET / HTTP/1.1" 200 3314
INFO 2025-08-01 12:52:50,440 basehttp 34953 140647663122112 "GET /signin/ HTTP/1.1" 200 1605
INFO 2025-08-01 12:52:57,467 basehttp 34953 140647663122112 "POST /signin/ HTTP/1.1" 200 1637
INFO 2025-08-01 12:53:05,866 basehttp 34953 140647663122112 "POST /signin/ HTTP/1.1" 200 1637
INFO 2025-08-01 12:53:09,255 basehttp 34953 140647663122112 "GET /singup/ HTTP/1.1" 200 1740
INFO 2025-08-01 12:53:16,902 basehttp 34953 140647663122112 "POST /singup/ HTTP/1.1" 200 1760
INFO 2025-08-01 12:53:26,032 basehttp 34953 140647663122112 "GET /signin HTTP/1.1" 301 0
INFO 2025-08-01 12:53:26,293 basehttp 34953 140647679907520 "GET /signin/ HTTP/1.1" 200 1605
INFO 2025-08-01 12:53:34,548 basehttp 34953 140647679907520 "POST /signin/ HTTP/1.1" 200 1637
INFO 2025-08-01 12:53:45,074 basehttp 34953 140647679907520 "POST /signin/ HTTP/1.1" 200 1637
INFO 2025-08-01 12:53:46,937 basehttp 34953 140647679907520 "GET /singup/ HTTP/1.1" 200 1740
INFO 2025-08-01 12:53:58,140 basehttp 34953 140647679907520 "POST /singup/ HTTP/1.1" 302 0
INFO 2025-08-01 12:53:58,365 basehttp 34953 140647679907520 "GET /info/ HTTP/1.1" 200 3925
INFO 2025-08-01 12:54:08,409 basehttp 34953 140647679907520 "POST /info/ HTTP/1.1" 302 0
INFO 2025-08-01 12:54:08,636 basehttp 34953 140647679907520 "GET /main/ HTTP/1.1" 200 35950
WARNING 2025-08-01 12:54:08,945 basehttp 34953 140647679907520 "GET /static/img/imagen1-removebg-preview.png HTTP/1.1" 404 1910
INFO 2025-08-01 12:54:27,107 basehttp 34953 140647688300224 "GET /logout/ HTTP/1.1" 302 0
INFO 2025-08-01 12:54:27,324 basehttp 34953 140647688300224 "GET / HTTP/1.1" 200 3314
