INFO 2025-08-01 12:26:21,718 autoreload 28831 140575295729920 Watching for file changes with StatReloader
INFO 2025-08-01 12:26:24,836 basehttp 28831 140574981093056 "HEAD /admin/ HTTP/1.1" 302 0
INFO 2025-08-01 12:26:29,341 basehttp 28831 140574981093056 "HEAD /admin/myapp/plato/add/ HTTP/1.1" 302 0
INFO 2025-08-01 12:26:33,576 basehttp 28831 140574971651776 "HEAD /admin/myapp/disponibilidadplato/add/ HTTP/1.1" 302 0
WARNING 2025-08-01 12:26:46,132 log 28831 140574963259072 Forbidden (CSRF cookie not set.): /admin/login/
WARNING 2025-08-01 12:26:46,132 basehttp 28831 140574963259072 "POST /admin/login/ HTTP/1.1" 403 2907
INFO 2025-08-01 12:32:32,827 basehttp 28831 140574883575488 "GET /admin/ HTTP/1.1" 200 39081
INFO 2025-08-01 12:32:33,098 basehttp 28831 140574875182784 "GET /static/vendor/fontawesome-free/css/all.min.css HTTP/1.1" 304 0
INFO 2025-08-01 12:32:33,104 basehttp 28831 140574963259072 "GET /static/vendor/adminlte/css/adminlte.min.css HTTP/1.1" 304 0
INFO 2025-08-01 12:32:33,226 basehttp 28831 140574883575488 "GET /static/jazzmin/css/main.css HTTP/1.1" 304 0
INFO 2025-08-01 12:32:33,301 basehttp 28831 140574875182784 "GET /static/admin/js/vendor/jquery/jquery.js HTTP/1.1" 304 0
INFO 2025-08-01 12:32:33,313 basehttp 28831 140574963259072 "GET /static/vendor/adminlte/img/AdminLTELogo.png HTTP/1.1" 304 0
INFO 2025-08-01 12:32:33,427 basehttp 28831 140574883575488 "GET /static/jazzmin/js/main.js HTTP/1.1" 304 0
INFO 2025-08-01 12:32:33,512 basehttp 28831 140574875182784 "GET /static/vendor/fontawesome-free/webfonts/fa-solid-900.woff2 HTTP/1.1" 304 0
INFO 2025-08-01 12:32:33,520 basehttp 28831 140574963259072 "GET /static/vendor/fontawesome-free/webfonts/fa-regular-400.woff2 HTTP/1.1" 304 0
INFO 2025-08-01 12:32:34,256 basehttp 28831 140574971651776 "GET /static/vendor/bootstrap/js/bootstrap.min.js HTTP/1.1" 304 0
INFO 2025-08-01 12:32:34,261 basehttp 28831 140574981093056 "GET /static/vendor/adminlte/js/adminlte.min.js HTTP/1.1" 304 0
INFO 2025-08-01 12:32:44,057 basehttp 28831 140574981093056 "GET /admin/ HTTP/1.1" 200 39081
INFO 2025-08-01 12:32:46,481 basehttp 28831 140574981093056 "GET /admin/auth/group/ HTTP/1.1" 200 24488
INFO 2025-08-01 12:32:46,735 basehttp 28831 140574883575488 "GET /static/admin/js/admin/RelatedObjectLookups.js HTTP/1.1" 304 0
INFO 2025-08-01 12:32:46,736 basehttp 28831 140574875182784 "GET /static/admin/js/core.js HTTP/1.1" 304 0
INFO 2025-08-01 12:32:46,741 basehttp 28831 140574963259072 "GET /static/admin/js/jquery.init.js HTTP/1.1" 304 0
INFO 2025-08-01 12:32:46,742 basehttp 28831 140574981093056 "GET /static/vendor/select2/css/select2.min.css HTTP/1.1" 304 0
INFO 2025-08-01 12:32:46,742 basehttp 28831 140574866790080 "GET /static/admin/js/actions.js HTTP/1.1" 304 0
INFO 2025-08-01 12:32:46,745 basehttp 28831 140574971651776 "GET /admin/jsi18n/ HTTP/1.1" 200 8691
INFO 2025-08-01 12:32:46,939 basehttp 28831 140574883575488 "GET /static/admin/js/prepopulate.js HTTP/1.1" 304 0
INFO 2025-08-01 12:32:46,939 basehttp 28831 140574875182784 "GET /static/admin/js/urlify.js HTTP/1.1" 304 0
INFO 2025-08-01 12:32:46,948 basehttp 28831 140574963259072 "GET /static/admin/js/vendor/xregexp/xregexp.js HTTP/1.1" 304 0
INFO 2025-08-01 12:32:46,951 basehttp 28831 140574866790080 "GET /static/vendor/select2/js/select2.min.js HTTP/1.1" 304 0
INFO 2025-08-01 12:32:46,952 basehttp 28831 140574981093056 "GET /static/jazzmin/js/change_list.js HTTP/1.1" 304 0
INFO 2025-08-01 12:32:48,067 basehttp 28831 140574981093056 "GET /admin/auth/user/ HTTP/1.1" 200 35061
INFO 2025-08-01 12:32:48,301 basehttp 28831 140574866790080 "GET /static/admin/img/icon-no.svg HTTP/1.1" 304 0
INFO 2025-08-01 12:32:48,301 basehttp 28831 140574963259072 "GET /static/admin/img/icon-yes.svg HTTP/1.1" 304 0
INFO 2025-08-01 12:32:48,303 basehttp 28831 140574981093056 "GET /admin/jsi18n/ HTTP/1.1" 200 8691
ERROR 2025-08-01 12:32:54,995 log 28831 140574981093056 Internal Server Error: /admin/auth/user/8/change/
Traceback (most recent call last):
  File "/home/ubuntu/.local/lib/python3.13/site-packages/django/template/smartif.py", line 180, in translate_token
    op = OPERATORS[token]
         ~~~~~~~~~^^^^^^^
KeyError: "line.fields|length_is:'1'"

During handling of the above exception, another exception occurred:

Traceback (most recent call last):
  File "/home/ubuntu/.local/lib/python3.13/site-packages/django/core/handlers/exception.py", line 55, in inner
    response = get_response(request)
  File "/home/ubuntu/.local/lib/python3.13/site-packages/django/core/handlers/base.py", line 220, in _get_response
    response = response.render()
  File "/home/ubuntu/.local/lib/python3.13/site-packages/django/template/response.py", line 114, in render
    self.content = self.rendered_content
                   ^^^^^^^^^^^^^^^^^^^^^
  File "/home/ubuntu/.local/lib/python3.13/site-packages/django/template/response.py", line 92, in rendered_content
    return template.render(context, self._request)
           ~~~~~~~~~~~~~~~^^^^^^^^^^^^^^^^^^^^^^^^
  File "/home/ubuntu/.local/lib/python3.13/site-packages/django/template/backends/django.py", line 107, in render
    return self.template.render(context)
           ~~~~~~~~~~~~~~~~~~~~^^^^^^^^^
  File "/home/ubuntu/.local/lib/python3.13/site-packages/django/template/base.py", line 171, in render
    return self._render(context)
           ~~~~~~~~~~~~^^^^^^^^^
  File "/home/ubuntu/.local/lib/python3.13/site-packages/django/template/base.py", line 163, in _render
    return self.nodelist.render(context)
           ~~~~~~~~~~~~~~~~~~~~^^^^^^^^^
  File "/home/ubuntu/.local/lib/python3.13/site-packages/django/template/base.py", line 1016, in render
    return SafeString("".join([node.render_annotated(context) for node in self]))
                               ~~~~~~~~~~~~~~~~~~~~~^^^^^^^^^
  File "/home/ubuntu/.local/lib/python3.13/site-packages/django/template/base.py", line 977, in render_annotated
    return self.render(context)
           ~~~~~~~~~~~^^^^^^^^^
  File "/home/ubuntu/.local/lib/python3.13/site-packages/django/template/loader_tags.py", line 159, in render
    return compiled_parent._render(context)
           ~~~~~~~~~~~~~~~~~~~~~~~^^^^^^^^^
  File "/home/ubuntu/.local/lib/python3.13/site-packages/django/template/base.py", line 163, in _render
    return self.nodelist.render(context)
           ~~~~~~~~~~~~~~~~~~~~^^^^^^^^^
  File "/home/ubuntu/.local/lib/python3.13/site-packages/django/template/base.py", line 1016, in render
    return SafeString("".join([node.render_annotated(context) for node in self]))
                               ~~~~~~~~~~~~~~~~~~~~~^^^^^^^^^
  File "/home/ubuntu/.local/lib/python3.13/site-packages/django/template/base.py", line 977, in render_annotated
    return self.render(context)
           ~~~~~~~~~~~^^^^^^^^^
  File "/home/ubuntu/.local/lib/python3.13/site-packages/django/template/loader_tags.py", line 159, in render
    return compiled_parent._render(context)
           ~~~~~~~~~~~~~~~~~~~~~~~^^^^^^^^^
  File "/home/ubuntu/.local/lib/python3.13/site-packages/django/template/base.py", line 163, in _render
    return self.nodelist.render(context)
           ~~~~~~~~~~~~~~~~~~~~^^^^^^^^^
  File "/home/ubuntu/.local/lib/python3.13/site-packages/django/template/base.py", line 1016, in render
    return SafeString("".join([node.render_annotated(context) for node in self]))
                               ~~~~~~~~~~~~~~~~~~~~~^^^^^^^^^
  File "/home/ubuntu/.local/lib/python3.13/site-packages/django/template/base.py", line 977, in render_annotated
    return self.render(context)
           ~~~~~~~~~~~^^^^^^^^^
  File "/home/ubuntu/.local/lib/python3.13/site-packages/django/template/loader_tags.py", line 65, in render
    result = block.nodelist.render(context)
  File "/home/ubuntu/.local/lib/python3.13/site-packages/django/template/base.py", line 1016, in render
    return SafeString("".join([node.render_annotated(context) for node in self]))
                               ~~~~~~~~~~~~~~~~~~~~~^^^^^^^^^
  File "/home/ubuntu/.local/lib/python3.13/site-packages/django/template/base.py", line 977, in render_annotated
    return self.render(context)
           ~~~~~~~~~~~^^^^^^^^^
  File "/home/ubuntu/.local/lib/python3.13/site-packages/django/template/loader_tags.py", line 65, in render
    result = block.nodelist.render(context)
  File "/home/ubuntu/.local/lib/python3.13/site-packages/django/template/base.py", line 1016, in render
    return SafeString("".join([node.render_annotated(context) for node in self]))
                               ~~~~~~~~~~~~~~~~~~~~~^^^^^^^^^
  File "/home/ubuntu/.local/lib/python3.13/site-packages/django/template/base.py", line 977, in render_annotated
    return self.render(context)
           ~~~~~~~~~~~^^^^^^^^^
  File "/home/ubuntu/.local/lib/python3.13/site-packages/django/template/loader_tags.py", line 65, in render
    result = block.nodelist.render(context)
  File "/home/ubuntu/.local/lib/python3.13/site-packages/django/template/base.py", line 1016, in render
    return SafeString("".join([node.render_annotated(context) for node in self]))
                               ~~~~~~~~~~~~~~~~~~~~~^^^^^^^^^
  File "/home/ubuntu/.local/lib/python3.13/site-packages/django/template/base.py", line 977, in render_annotated
    return self.render(context)
           ~~~~~~~~~~~^^^^^^^^^
  File "/home/ubuntu/.local/lib/python3.13/site-packages/django/template/loader_tags.py", line 210, in render
    return template.render(context)
           ~~~~~~~~~~~~~~~^^^^^^^^^
  File "/home/ubuntu/.local/lib/python3.13/site-packages/django/template/base.py", line 173, in render
    return self._render(context)
           ~~~~~~~~~~~~^^^^^^^^^
  File "/home/ubuntu/.local/lib/python3.13/site-packages/django/template/base.py", line 163, in _render
    return self.nodelist.render(context)
           ~~~~~~~~~~~~~~~~~~~~^^^^^^^^^
  File "/home/ubuntu/.local/lib/python3.13/site-packages/django/template/base.py", line 1016, in render
    return SafeString("".join([node.render_annotated(context) for node in self]))
                               ~~~~~~~~~~~~~~~~~~~~~^^^^^^^^^
  File "/home/ubuntu/.local/lib/python3.13/site-packages/django/template/base.py", line 977, in render_annotated
    return self.render(context)
           ~~~~~~~~~~~^^^^^^^^^
  File "/home/ubuntu/.local/lib/python3.13/site-packages/django/template/defaulttags.py", line 243, in render
    nodelist.append(node.render_annotated(context))
                    ~~~~~~~~~~~~~~~~~~~~~^^^^^^^^^
  File "/home/ubuntu/.local/lib/python3.13/site-packages/django/template/base.py", line 977, in render_annotated
    return self.render(context)
           ~~~~~~~~~~~^^^^^^^^^
  File "/home/ubuntu/.local/lib/python3.13/site-packages/django/template/defaulttags.py", line 327, in render
    return nodelist.render(context)
           ~~~~~~~~~~~~~~~^^^^^^^^^
  File "/home/ubuntu/.local/lib/python3.13/site-packages/django/template/base.py", line 1016, in render
    return SafeString("".join([node.render_annotated(context) for node in self]))
                               ~~~~~~~~~~~~~~~~~~~~~^^^^^^^^^
  File "/home/ubuntu/.local/lib/python3.13/site-packages/django/template/base.py", line 977, in render_annotated
    return self.render(context)
           ~~~~~~~~~~~^^^^^^^^^
  File "/home/ubuntu/.local/lib/python3.13/site-packages/django/template/loader_tags.py", line 199, in render
    template = context.template.engine.select_template(template_name)
  File "/home/ubuntu/.local/lib/python3.13/site-packages/django/template/engine.py", line 208, in select_template
    return self.get_template(template_name)
           ~~~~~~~~~~~~~~~~~^^^^^^^^^^^^^^^
  File "/home/ubuntu/.local/lib/python3.13/site-packages/django/template/engine.py", line 177, in get_template
    template, origin = self.find_template(template_name)
                       ~~~~~~~~~~~~~~~~~~^^^^^^^^^^^^^^^
  File "/home/ubuntu/.local/lib/python3.13/site-packages/django/template/engine.py", line 159, in find_template
    template = loader.get_template(name, skip=skip)
  File "/home/ubuntu/.local/lib/python3.13/site-packages/django/template/loaders/cached.py", line 57, in get_template
    template = super().get_template(template_name, skip)
  File "/home/ubuntu/.local/lib/python3.13/site-packages/django/template/loaders/base.py", line 28, in get_template
    return Template(
        contents,
    ...<2 lines>...
        self.engine,
    )
  File "/home/ubuntu/.local/lib/python3.13/site-packages/django/template/base.py", line 154, in __init__
    self.nodelist = self.compile_nodelist()
                    ~~~~~~~~~~~~~~~~~~~~~^^
  File "/home/ubuntu/.local/lib/python3.13/site-packages/django/template/base.py", line 196, in compile_nodelist
    nodelist = parser.parse()
  File "/home/ubuntu/.local/lib/python3.13/site-packages/django/template/base.py", line 518, in parse
    raise self.error(token, e)
  File "/home/ubuntu/.local/lib/python3.13/site-packages/django/template/base.py", line 516, in parse
    compiled_result = compile_func(self, token)
  File "/home/ubuntu/.local/lib/python3.13/site-packages/django/template/defaulttags.py", line 862, in do_for
    nodelist_loop = parser.parse(
        (
    ...<2 lines>...
        )
    )
  File "/home/ubuntu/.local/lib/python3.13/site-packages/django/template/base.py", line 518, in parse
    raise self.error(token, e)
  File "/home/ubuntu/.local/lib/python3.13/site-packages/django/template/base.py", line 516, in parse
    compiled_result = compile_func(self, token)
  File "/home/ubuntu/.local/lib/python3.13/site-packages/django/template/defaulttags.py", line 961, in do_if
    condition = TemplateIfParser(parser, bits).parse()
                ~~~~~~~~~~~~~~~~^^^^^^^^^^^^^^
  File "/home/ubuntu/.local/lib/python3.13/site-packages/django/template/defaulttags.py", line 894, in __init__
    super().__init__(*args, **kwargs)
    ~~~~~~~~~~~~~~~~^^^^^^^^^^^^^^^^^
  File "/home/ubuntu/.local/lib/python3.13/site-packages/django/template/smartif.py", line 171, in __init__
    mapped_tokens.append(self.translate_token(token))
                         ~~~~~~~~~~~~~~~~~~~~^^^^^^^
  File "/home/ubuntu/.local/lib/python3.13/site-packages/django/template/smartif.py", line 182, in translate_token
    return self.create_var(token)
           ~~~~~~~~~~~~~~~^^^^^^^
  File "/home/ubuntu/.local/lib/python3.13/site-packages/django/template/defaulttags.py", line 897, in create_var
    return TemplateLiteral(self.template_parser.compile_filter(value), value)
                           ~~~~~~~~~~~~~~~~~~~~~~~~~~~~~~~~~~~^^^^^^^
  File "/home/ubuntu/.local/lib/python3.13/site-packages/django/template/base.py", line 609, in compile_filter
    return FilterExpression(token, self)
  File "/home/ubuntu/.local/lib/python3.13/site-packages/django/template/base.py", line 705, in __init__
    filter_func = parser.find_filter(filter_name)
  File "/home/ubuntu/.local/lib/python3.13/site-packages/django/template/base.py", line 615, in find_filter
    raise TemplateSyntaxError("Invalid filter: '%s'" % filter_name)
django.template.exceptions.TemplateSyntaxError: Invalid filter: 'length_is'
ERROR 2025-08-01 12:32:54,999 basehttp 28831 140574981093056 "GET /admin/auth/user/8/change/ HTTP/1.1" 500 661574
INFO 2025-08-01 12:33:00,976 basehttp 28831 140574981093056 "GET /admin/auth/user/ HTTP/1.1" 200 35061
INFO 2025-08-01 12:33:03,996 basehttp 28831 140574981093056 "GET /admin/myapp/cliente/ HTTP/1.1" 200 35607
INFO 2025-08-01 12:33:04,232 basehttp 28831 140574981093056 "GET /admin/jsi18n/ HTTP/1.1" 200 8691
INFO 2025-08-01 12:33:07,237 basehttp 28831 140574981093056 "GET /admin/myapp/cliente/ HTTP/1.1" 200 35607
INFO 2025-08-01 12:33:07,473 basehttp 28831 140574981093056 "GET /admin/jsi18n/ HTTP/1.1" 200 8691
INFO 2025-08-01 12:33:08,540 basehttp 28831 140574981093056 "GET /admin/myapp/cliente/ HTTP/1.1" 200 35607
INFO 2025-08-01 12:33:08,774 basehttp 28831 140574981093056 "GET /admin/jsi18n/ HTTP/1.1" 200 8691
INFO 2025-08-01 12:33:10,115 basehttp 28831 140574981093056 "GET /admin/myapp/disponibilidadplato/ HTTP/1.1" 200 27117
INFO 2025-08-01 12:33:10,347 basehttp 28831 140574981093056 "GET /admin/jsi18n/ HTTP/1.1" 200 8691
ERROR 2025-08-01 12:33:17,305 log 28831 140574981093056 Internal Server Error: /admin/myapp/disponibilidadplato/add/
Traceback (most recent call last):
  File "/home/ubuntu/.local/lib/python3.13/site-packages/django/template/smartif.py", line 180, in translate_token
    op = OPERATORS[token]
         ~~~~~~~~~^^^^^^^
KeyError: "line.fields|length_is:'1'"

During handling of the above exception, another exception occurred:

Traceback (most recent call last):
  File "/home/ubuntu/.local/lib/python3.13/site-packages/django/core/handlers/exception.py", line 55, in inner
    response = get_response(request)
  File "/home/ubuntu/.local/lib/python3.13/site-packages/django/core/handlers/base.py", line 220, in _get_response
    response = response.render()
  File "/home/ubuntu/.local/lib/python3.13/site-packages/django/template/response.py", line 114, in render
    self.content = self.rendered_content
                   ^^^^^^^^^^^^^^^^^^^^^
  File "/home/ubuntu/.local/lib/python3.13/site-packages/django/template/response.py", line 92, in rendered_content
    return template.render(context, self._request)
           ~~~~~~~~~~~~~~~^^^^^^^^^^^^^^^^^^^^^^^^
  File "/home/ubuntu/.local/lib/python3.13/site-packages/django/template/backends/django.py", line 107, in render
    return self.template.render(context)
           ~~~~~~~~~~~~~~~~~~~~^^^^^^^^^
  File "/home/ubuntu/.local/lib/python3.13/site-packages/django/template/base.py", line 171, in render
    return self._render(context)
           ~~~~~~~~~~~~^^^^^^^^^
  File "/home/ubuntu/.local/lib/python3.13/site-packages/django/template/base.py", line 163, in _render
    return self.nodelist.render(context)
           ~~~~~~~~~~~~~~~~~~~~^^^^^^^^^
  File "/home/ubuntu/.local/lib/python3.13/site-packages/django/template/base.py", line 1016, in render
    return SafeString("".join([node.render_annotated(context) for node in self]))
                               ~~~~~~~~~~~~~~~~~~~~~^^^^^^^^^
  File "/home/ubuntu/.local/lib/python3.13/site-packages/django/template/base.py", line 977, in render_annotated
    return self.render(context)
           ~~~~~~~~~~~^^^^^^^^^
  File "/home/ubuntu/.local/lib/python3.13/site-packages/django/template/loader_tags.py", line 159, in render
    return compiled_parent._render(context)
           ~~~~~~~~~~~~~~~~~~~~~~~^^^^^^^^^
  File "/home/ubuntu/.local/lib/python3.13/site-packages/django/template/base.py", line 163, in _render
    return self.nodelist.render(context)
           ~~~~~~~~~~~~~~~~~~~~^^^^^^^^^
  File "/home/ubuntu/.local/lib/python3.13/site-packages/django/template/base.py", line 1016, in render
    return SafeString("".join([node.render_annotated(context) for node in self]))
                               ~~~~~~~~~~~~~~~~~~~~~^^^^^^^^^
  File "/home/ubuntu/.local/lib/python3.13/site-packages/django/template/base.py", line 977, in render_annotated
    return self.render(context)
           ~~~~~~~~~~~^^^^^^^^^
  File "/home/ubuntu/.local/lib/python3.13/site-packages/django/template/loader_tags.py", line 159, in render
    return compiled_parent._render(context)
           ~~~~~~~~~~~~~~~~~~~~~~~^^^^^^^^^
  File "/home/ubuntu/.local/lib/python3.13/site-packages/django/template/base.py", line 163, in _render
    return self.nodelist.render(context)
           ~~~~~~~~~~~~~~~~~~~~^^^^^^^^^
  File "/home/ubuntu/.local/lib/python3.13/site-packages/django/template/base.py", line 1016, in render
    return SafeString("".join([node.render_annotated(context) for node in self]))
                               ~~~~~~~~~~~~~~~~~~~~~^^^^^^^^^
  File "/home/ubuntu/.local/lib/python3.13/site-packages/django/template/base.py", line 977, in render_annotated
    return self.render(context)
           ~~~~~~~~~~~^^^^^^^^^
  File "/home/ubuntu/.local/lib/python3.13/site-packages/django/template/loader_tags.py", line 65, in render
    result = block.nodelist.render(context)
  File "/home/ubuntu/.local/lib/python3.13/site-packages/django/template/base.py", line 1016, in render
    return SafeString("".join([node.render_annotated(context) for node in self]))
                               ~~~~~~~~~~~~~~~~~~~~~^^^^^^^^^
  File "/home/ubuntu/.local/lib/python3.13/site-packages/django/template/base.py", line 977, in render_annotated
    return self.render(context)
           ~~~~~~~~~~~^^^^^^^^^
  File "/home/ubuntu/.local/lib/python3.13/site-packages/django/template/loader_tags.py", line 65, in render
    result = block.nodelist.render(context)
  File "/home/ubuntu/.local/lib/python3.13/site-packages/django/template/base.py", line 1016, in render
    return SafeString("".join([node.render_annotated(context) for node in self]))
                               ~~~~~~~~~~~~~~~~~~~~~^^^^^^^^^
  File "/home/ubuntu/.local/lib/python3.13/site-packages/django/template/base.py", line 977, in render_annotated
    return self.render(context)
           ~~~~~~~~~~~^^^^^^^^^
  File "/home/ubuntu/.local/lib/python3.13/site-packages/django/template/loader_tags.py", line 65, in render
    result = block.nodelist.render(context)
  File "/home/ubuntu/.local/lib/python3.13/site-packages/django/template/base.py", line 1016, in render
    return SafeString("".join([node.render_annotated(context) for node in self]))
                               ~~~~~~~~~~~~~~~~~~~~~^^^^^^^^^
  File "/home/ubuntu/.local/lib/python3.13/site-packages/django/template/base.py", line 977, in render_annotated
    return self.render(context)
           ~~~~~~~~~~~^^^^^^^^^
  File "/home/ubuntu/.local/lib/python3.13/site-packages/django/template/loader_tags.py", line 210, in render
    return template.render(context)
           ~~~~~~~~~~~~~~~^^^^^^^^^
  File "/home/ubuntu/.local/lib/python3.13/site-packages/django/template/base.py", line 173, in render
    return self._render(context)
           ~~~~~~~~~~~~^^^^^^^^^
  File "/home/ubuntu/.local/lib/python3.13/site-packages/django/template/base.py", line 163, in _render
    return self.nodelist.render(context)
           ~~~~~~~~~~~~~~~~~~~~^^^^^^^^^
  File "/home/ubuntu/.local/lib/python3.13/site-packages/django/template/base.py", line 1016, in render
    return SafeString("".join([node.render_annotated(context) for node in self]))
                               ~~~~~~~~~~~~~~~~~~~~~^^^^^^^^^
  File "/home/ubuntu/.local/lib/python3.13/site-packages/django/template/base.py", line 977, in render_annotated
    return self.render(context)
           ~~~~~~~~~~~^^^^^^^^^
  File "/home/ubuntu/.local/lib/python3.13/site-packages/django/template/defaulttags.py", line 243, in render
    nodelist.append(node.render_annotated(context))
                    ~~~~~~~~~~~~~~~~~~~~~^^^^^^^^^
  File "/home/ubuntu/.local/lib/python3.13/site-packages/django/template/base.py", line 977, in render_annotated
    return self.render(context)
           ~~~~~~~~~~~^^^^^^^^^
  File "/home/ubuntu/.local/lib/python3.13/site-packages/django/template/defaulttags.py", line 327, in render
    return nodelist.render(context)
           ~~~~~~~~~~~~~~~^^^^^^^^^
  File "/home/ubuntu/.local/lib/python3.13/site-packages/django/template/base.py", line 1016, in render
    return SafeString("".join([node.render_annotated(context) for node in self]))
                               ~~~~~~~~~~~~~~~~~~~~~^^^^^^^^^
  File "/home/ubuntu/.local/lib/python3.13/site-packages/django/template/base.py", line 977, in render_annotated
    return self.render(context)
           ~~~~~~~~~~~^^^^^^^^^
  File "/home/ubuntu/.local/lib/python3.13/site-packages/django/template/loader_tags.py", line 199, in render
    template = context.template.engine.select_template(template_name)
  File "/home/ubuntu/.local/lib/python3.13/site-packages/django/template/engine.py", line 208, in select_template
    return self.get_template(template_name)
           ~~~~~~~~~~~~~~~~~^^^^^^^^^^^^^^^
  File "/home/ubuntu/.local/lib/python3.13/site-packages/django/template/engine.py", line 177, in get_template
    template, origin = self.find_template(template_name)
                       ~~~~~~~~~~~~~~~~~~^^^^^^^^^^^^^^^
  File "/home/ubuntu/.local/lib/python3.13/site-packages/django/template/engine.py", line 159, in find_template
    template = loader.get_template(name, skip=skip)
  File "/home/ubuntu/.local/lib/python3.13/site-packages/django/template/loaders/cached.py", line 57, in get_template
    template = super().get_template(template_name, skip)
  File "/home/ubuntu/.local/lib/python3.13/site-packages/django/template/loaders/base.py", line 28, in get_template
    return Template(
        contents,
    ...<2 lines>...
        self.engine,
    )
  File "/home/ubuntu/.local/lib/python3.13/site-packages/django/template/base.py", line 154, in __init__
    self.nodelist = self.compile_nodelist()
                    ~~~~~~~~~~~~~~~~~~~~~^^
  File "/home/ubuntu/.local/lib/python3.13/site-packages/django/template/base.py", line 196, in compile_nodelist
    nodelist = parser.parse()
  File "/home/ubuntu/.local/lib/python3.13/site-packages/django/template/base.py", line 518, in parse
    raise self.error(token, e)
  File "/home/ubuntu/.local/lib/python3.13/site-packages/django/template/base.py", line 516, in parse
    compiled_result = compile_func(self, token)
  File "/home/ubuntu/.local/lib/python3.13/site-packages/django/template/defaulttags.py", line 862, in do_for
    nodelist_loop = parser.parse(
        (
    ...<2 lines>...
        )
    )
  File "/home/ubuntu/.local/lib/python3.13/site-packages/django/template/base.py", line 518, in parse
    raise self.error(token, e)
  File "/home/ubuntu/.local/lib/python3.13/site-packages/django/template/base.py", line 516, in parse
    compiled_result = compile_func(self, token)
  File "/home/ubuntu/.local/lib/python3.13/site-packages/django/template/defaulttags.py", line 961, in do_if
    condition = TemplateIfParser(parser, bits).parse()
                ~~~~~~~~~~~~~~~~^^^^^^^^^^^^^^
  File "/home/ubuntu/.local/lib/python3.13/site-packages/django/template/defaulttags.py", line 894, in __init__
    super().__init__(*args, **kwargs)
    ~~~~~~~~~~~~~~~~^^^^^^^^^^^^^^^^^
  File "/home/ubuntu/.local/lib/python3.13/site-packages/django/template/smartif.py", line 171, in __init__
    mapped_tokens.append(self.translate_token(token))
                         ~~~~~~~~~~~~~~~~~~~~^^^^^^^
  File "/home/ubuntu/.local/lib/python3.13/site-packages/django/template/smartif.py", line 182, in translate_token
    return self.create_var(token)
           ~~~~~~~~~~~~~~~^^^^^^^
  File "/home/ubuntu/.local/lib/python3.13/site-packages/django/template/defaulttags.py", line 897, in create_var
    return TemplateLiteral(self.template_parser.compile_filter(value), value)
                           ~~~~~~~~~~~~~~~~~~~~~~~~~~~~~~~~~~~^^^^^^^
  File "/home/ubuntu/.local/lib/python3.13/site-packages/django/template/base.py", line 609, in compile_filter
    return FilterExpression(token, self)
  File "/home/ubuntu/.local/lib/python3.13/site-packages/django/template/base.py", line 705, in __init__
    filter_func = parser.find_filter(filter_name)
  File "/home/ubuntu/.local/lib/python3.13/site-packages/django/template/base.py", line 615, in find_filter
    raise TemplateSyntaxError("Invalid filter: '%s'" % filter_name)
django.template.exceptions.TemplateSyntaxError: Invalid filter: 'length_is'
ERROR 2025-08-01 12:33:17,308 basehttp 28831 140574981093056 "GET /admin/myapp/disponibilidadplato/add/ HTTP/1.1" 500 660381
INFO 2025-08-01 12:34:08,082 basehttp 28831 140574981093056 "GET /admin/myapp/disponibilidadplato/ HTTP/1.1" 200 27117
INFO 2025-08-01 12:34:12,700 basehttp 28831 140574981093056 "GET /admin/myapp/plato/ HTTP/1.1" 200 33603
INFO 2025-08-01 12:34:12,984 basehttp 28831 140574981093056 "GET /admin/jsi18n/ HTTP/1.1" 200 8691
ERROR 2025-08-01 12:34:15,155 log 28831 140574981093056 Internal Server Error: /admin/myapp/plato/5/change/
Traceback (most recent call last):
  File "/home/ubuntu/.local/lib/python3.13/site-packages/django/template/smartif.py", line 180, in translate_token
    op = OPERATORS[token]
         ~~~~~~~~~^^^^^^^
KeyError: "line.fields|length_is:'1'"

During handling of the above exception, another exception occurred:

Traceback (most recent call last):
  File "/home/ubuntu/.local/lib/python3.13/site-packages/django/core/handlers/exception.py", line 55, in inner
    response = get_response(request)
  File "/home/ubuntu/.local/lib/python3.13/site-packages/django/core/handlers/base.py", line 220, in _get_response
    response = response.render()
  File "/home/ubuntu/.local/lib/python3.13/site-packages/django/template/response.py", line 114, in render
    self.content = self.rendered_content
                   ^^^^^^^^^^^^^^^^^^^^^
  File "/home/ubuntu/.local/lib/python3.13/site-packages/django/template/response.py", line 92, in rendered_content
    return template.render(context, self._request)
           ~~~~~~~~~~~~~~~^^^^^^^^^^^^^^^^^^^^^^^^
  File "/home/ubuntu/.local/lib/python3.13/site-packages/django/template/backends/django.py", line 107, in render
    return self.template.render(context)
           ~~~~~~~~~~~~~~~~~~~~^^^^^^^^^
  File "/home/ubuntu/.local/lib/python3.13/site-packages/django/template/base.py", line 171, in render
    return self._render(context)
           ~~~~~~~~~~~~^^^^^^^^^
  File "/home/ubuntu/.local/lib/python3.13/site-packages/django/template/base.py", line 163, in _render
    return self.nodelist.render(context)
           ~~~~~~~~~~~~~~~~~~~~^^^^^^^^^
  File "/home/ubuntu/.local/lib/python3.13/site-packages/django/template/base.py", line 1016, in render
    return SafeString("".join([node.render_annotated(context) for node in self]))
                               ~~~~~~~~~~~~~~~~~~~~~^^^^^^^^^
  File "/home/ubuntu/.local/lib/python3.13/site-packages/django/template/base.py", line 977, in render_annotated
    return self.render(context)
           ~~~~~~~~~~~^^^^^^^^^
  File "/home/ubuntu/.local/lib/python3.13/site-packages/django/template/loader_tags.py", line 159, in render
    return compiled_parent._render(context)
           ~~~~~~~~~~~~~~~~~~~~~~~^^^^^^^^^
  File "/home/ubuntu/.local/lib/python3.13/site-packages/django/template/base.py", line 163, in _render
    return self.nodelist.render(context)
           ~~~~~~~~~~~~~~~~~~~~^^^^^^^^^
  File "/home/ubuntu/.local/lib/python3.13/site-packages/django/template/base.py", line 1016, in render
    return SafeString("".join([node.render_annotated(context) for node in self]))
                               ~~~~~~~~~~~~~~~~~~~~~^^^^^^^^^
  File "/home/ubuntu/.local/lib/python3.13/site-packages/django/template/base.py", line 977, in render_annotated
    return self.render(context)
           ~~~~~~~~~~~^^^^^^^^^
  File "/home/ubuntu/.local/lib/python3.13/site-packages/django/template/loader_tags.py", line 159, in render
    return compiled_parent._render(context)
           ~~~~~~~~~~~~~~~~~~~~~~~^^^^^^^^^
  File "/home/ubuntu/.local/lib/python3.13/site-packages/django/template/base.py", line 163, in _render
    return self.nodelist.render(context)
           ~~~~~~~~~~~~~~~~~~~~^^^^^^^^^
  File "/home/ubuntu/.local/lib/python3.13/site-packages/django/template/base.py", line 1016, in render
    return SafeString("".join([node.render_annotated(context) for node in self]))
                               ~~~~~~~~~~~~~~~~~~~~~^^^^^^^^^
  File "/home/ubuntu/.local/lib/python3.13/site-packages/django/template/base.py", line 977, in render_annotated
    return self.render(context)
           ~~~~~~~~~~~^^^^^^^^^
  File "/home/ubuntu/.local/lib/python3.13/site-packages/django/template/loader_tags.py", line 65, in render
    result = block.nodelist.render(context)
  File "/home/ubuntu/.local/lib/python3.13/site-packages/django/template/base.py", line 1016, in render
    return SafeString("".join([node.render_annotated(context) for node in self]))
                               ~~~~~~~~~~~~~~~~~~~~~^^^^^^^^^
  File "/home/ubuntu/.local/lib/python3.13/site-packages/django/template/base.py", line 977, in render_annotated
    return self.render(context)
           ~~~~~~~~~~~^^^^^^^^^
  File "/home/ubuntu/.local/lib/python3.13/site-packages/django/template/loader_tags.py", line 65, in render
    result = block.nodelist.render(context)
  File "/home/ubuntu/.local/lib/python3.13/site-packages/django/template/base.py", line 1016, in render
    return SafeString("".join([node.render_annotated(context) for node in self]))
                               ~~~~~~~~~~~~~~~~~~~~~^^^^^^^^^
  File "/home/ubuntu/.local/lib/python3.13/site-packages/django/template/base.py", line 977, in render_annotated
    return self.render(context)
           ~~~~~~~~~~~^^^^^^^^^
  File "/home/ubuntu/.local/lib/python3.13/site-packages/django/template/loader_tags.py", line 65, in render
    result = block.nodelist.render(context)
  File "/home/ubuntu/.local/lib/python3.13/site-packages/django/template/base.py", line 1016, in render
    return SafeString("".join([node.render_annotated(context) for node in self]))
                               ~~~~~~~~~~~~~~~~~~~~~^^^^^^^^^
  File "/home/ubuntu/.local/lib/python3.13/site-packages/django/template/base.py", line 977, in render_annotated
    return self.render(context)
           ~~~~~~~~~~~^^^^^^^^^
  File "/home/ubuntu/.local/lib/python3.13/site-packages/django/template/loader_tags.py", line 210, in render
    return template.render(context)
           ~~~~~~~~~~~~~~~^^^^^^^^^
  File "/home/ubuntu/.local/lib/python3.13/site-packages/django/template/base.py", line 173, in render
    return self._render(context)
           ~~~~~~~~~~~~^^^^^^^^^
  File "/home/ubuntu/.local/lib/python3.13/site-packages/django/template/base.py", line 163, in _render
    return self.nodelist.render(context)
           ~~~~~~~~~~~~~~~~~~~~^^^^^^^^^
  File "/home/ubuntu/.local/lib/python3.13/site-packages/django/template/base.py", line 1016, in render
    return SafeString("".join([node.render_annotated(context) for node in self]))
                               ~~~~~~~~~~~~~~~~~~~~~^^^^^^^^^
  File "/home/ubuntu/.local/lib/python3.13/site-packages/django/template/base.py", line 977, in render_annotated
    return self.render(context)
           ~~~~~~~~~~~^^^^^^^^^
  File "/home/ubuntu/.local/lib/python3.13/site-packages/django/template/defaulttags.py", line 243, in render
    nodelist.append(node.render_annotated(context))
                    ~~~~~~~~~~~~~~~~~~~~~^^^^^^^^^
  File "/home/ubuntu/.local/lib/python3.13/site-packages/django/template/base.py", line 977, in render_annotated
    return self.render(context)
           ~~~~~~~~~~~^^^^^^^^^
  File "/home/ubuntu/.local/lib/python3.13/site-packages/django/template/defaulttags.py", line 327, in render
    return nodelist.render(context)
           ~~~~~~~~~~~~~~~^^^^^^^^^
  File "/home/ubuntu/.local/lib/python3.13/site-packages/django/template/base.py", line 1016, in render
    return SafeString("".join([node.render_annotated(context) for node in self]))
                               ~~~~~~~~~~~~~~~~~~~~~^^^^^^^^^
  File "/home/ubuntu/.local/lib/python3.13/site-packages/django/template/base.py", line 977, in render_annotated
    return self.render(context)
           ~~~~~~~~~~~^^^^^^^^^
  File "/home/ubuntu/.local/lib/python3.13/site-packages/django/template/loader_tags.py", line 199, in render
    template = context.template.engine.select_template(template_name)
  File "/home/ubuntu/.local/lib/python3.13/site-packages/django/template/engine.py", line 208, in select_template
    return self.get_template(template_name)
           ~~~~~~~~~~~~~~~~~^^^^^^^^^^^^^^^
  File "/home/ubuntu/.local/lib/python3.13/site-packages/django/template/engine.py", line 177, in get_template
    template, origin = self.find_template(template_name)
                       ~~~~~~~~~~~~~~~~~~^^^^^^^^^^^^^^^
  File "/home/ubuntu/.local/lib/python3.13/site-packages/django/template/engine.py", line 159, in find_template
    template = loader.get_template(name, skip=skip)
  File "/home/ubuntu/.local/lib/python3.13/site-packages/django/template/loaders/cached.py", line 57, in get_template
    template = super().get_template(template_name, skip)
  File "/home/ubuntu/.local/lib/python3.13/site-packages/django/template/loaders/base.py", line 28, in get_template
    return Template(
        contents,
    ...<2 lines>...
        self.engine,
    )
  File "/home/ubuntu/.local/lib/python3.13/site-packages/django/template/base.py", line 154, in __init__
    self.nodelist = self.compile_nodelist()
                    ~~~~~~~~~~~~~~~~~~~~~^^
  File "/home/ubuntu/.local/lib/python3.13/site-packages/django/template/base.py", line 196, in compile_nodelist
    nodelist = parser.parse()
  File "/home/ubuntu/.local/lib/python3.13/site-packages/django/template/base.py", line 518, in parse
    raise self.error(token, e)
  File "/home/ubuntu/.local/lib/python3.13/site-packages/django/template/base.py", line 516, in parse
    compiled_result = compile_func(self, token)
  File "/home/ubuntu/.local/lib/python3.13/site-packages/django/template/defaulttags.py", line 862, in do_for
    nodelist_loop = parser.parse(
        (
    ...<2 lines>...
        )
    )
  File "/home/ubuntu/.local/lib/python3.13/site-packages/django/template/base.py", line 518, in parse
    raise self.error(token, e)
  File "/home/ubuntu/.local/lib/python3.13/site-packages/django/template/base.py", line 516, in parse
    compiled_result = compile_func(self, token)
  File "/home/ubuntu/.local/lib/python3.13/site-packages/django/template/defaulttags.py", line 961, in do_if
    condition = TemplateIfParser(parser, bits).parse()
                ~~~~~~~~~~~~~~~~^^^^^^^^^^^^^^
  File "/home/ubuntu/.local/lib/python3.13/site-packages/django/template/defaulttags.py", line 894, in __init__
    super().__init__(*args, **kwargs)
    ~~~~~~~~~~~~~~~~^^^^^^^^^^^^^^^^^
  File "/home/ubuntu/.local/lib/python3.13/site-packages/django/template/smartif.py", line 171, in __init__
    mapped_tokens.append(self.translate_token(token))
                         ~~~~~~~~~~~~~~~~~~~~^^^^^^^
  File "/home/ubuntu/.local/lib/python3.13/site-packages/django/template/smartif.py", line 182, in translate_token
    return self.create_var(token)
           ~~~~~~~~~~~~~~~^^^^^^^
  File "/home/ubuntu/.local/lib/python3.13/site-packages/django/template/defaulttags.py", line 897, in create_var
    return TemplateLiteral(self.template_parser.compile_filter(value), value)
                           ~~~~~~~~~~~~~~~~~~~~~~~~~~~~~~~~~~~^^^^^^^
  File "/home/ubuntu/.local/lib/python3.13/site-packages/django/template/base.py", line 609, in compile_filter
    return FilterExpression(token, self)
  File "/home/ubuntu/.local/lib/python3.13/site-packages/django/template/base.py", line 705, in __init__
    filter_func = parser.find_filter(filter_name)
  File "/home/ubuntu/.local/lib/python3.13/site-packages/django/template/base.py", line 615, in find_filter
    raise TemplateSyntaxError("Invalid filter: '%s'" % filter_name)
django.template.exceptions.TemplateSyntaxError: Invalid filter: 'length_is'
ERROR 2025-08-01 12:34:15,159 basehttp 28831 140574981093056 "GET /admin/myapp/plato/5/change/ HTTP/1.1" 500 661560
INFO 2025-08-01 12:38:43,667 autoreload 34953 140648095559936 Watching for file changes with StatReloader
INFO 2025-08-01 12:38:47,575 basehttp 34953 140647778428608 "HEAD /admin/myapp/disponibilidadplato/add/ HTTP/1.1" 302 0
INFO 2025-08-01 12:38:52,904 basehttp 34953 140647778428608 "HEAD /admin/myapp/plato/add/ HTTP/1.1" 302 0
INFO 2025-08-01 12:38:57,599 basehttp 34953 140647696692928 "HEAD /admin/myapp/cliente/add/ HTTP/1.1" 302 0
INFO 2025-08-01 12:39:37,727 basehttp 34953 140647688300224 "GET /main/ HTTP/1.1" 302 0
INFO 2025-08-01 12:39:42,141 basehttp 34953 140647679907520 "HEAD /main/ HTTP/1.1" 302 0
INFO 2025-08-01 12:39:47,503 basehttp 34953 140647671514816 "HEAD / HTTP/1.1" 200 0
INFO 2025-08-01 12:40:09,046 basehttp 34953 140647671514816 "HEAD /admin/myapp/plato/add/ HTTP/1.1" 302 0
INFO 2025-08-01 12:40:09,053 basehttp 34953 140647679907520 "HEAD /admin/myapp/disponibilidadplato/add/ HTTP/1.1" 302 0
INFO 2025-08-01 12:46:59,940 basehttp 34953 140647688300224 "GET /admin/ HTTP/1.1" 200 28035
INFO 2025-08-01 12:47:00,220 basehttp 34953 140647671514816 "GET /static/admin/css/dark_mode.css HTTP/1.1" 200 2808
INFO 2025-08-01 12:47:00,221 basehttp 34953 140647679907520 "GET /static/admin/css/base.css HTTP/1.1" 200 22120
INFO 2025-08-01 12:47:00,350 basehttp 34953 140647688300224 "GET /static/admin_interface/css/admin-interface.css?v=42345859042311fcac2b2a49c8b09d24faa4959d8a7aad5855e1c68c HTTP/1.1" 200 17679
INFO 2025-08-01 12:47:00,437 basehttp 34953 140647671514816 "GET /static/admin_interface/css/changelist.css?v=42345859042311fcac2b2a49c8b09d24faa4959d8a7aad5855e1c68c HTTP/1.1" 200 1246
INFO 2025-08-01 12:47:00,644 basehttp 34953 140647688300224 "GET /static/admin_interface/css/file-upload.css?v=42345859042311fcac2b2a49c8b09d24faa4959d8a7aad5855e1c68c HTTP/1.1" 200 1169
INFO 2025-08-01 12:47:00,645 basehttp 34953 140647679907520 "GET /static/admin_interface/css/header.css?v=42345859042311fcac2b2a49c8b09d24faa4959d8a7aad5855e1c68c HTTP/1.1" 200 1009
INFO 2025-08-01 12:47:00,672 basehttp 34953 140647671514816 "GET /static/admin_interface/css/inlines.css?v=42345859042311fcac2b2a49c8b09d24faa4959d8a7aad5855e1c68c HTTP/1.1" 200 2715
INFO 2025-08-01 12:47:00,871 basehttp 34953 140647688300224 "GET /static/admin_interface/css/jquery.ui.tabs.css?v=42345859042311fcac2b2a49c8b09d24faa4959d8a7aad5855e1c68c HTTP/1.1" 200 5558
INFO 2025-08-01 12:47:00,873 basehttp 34953 140647679907520 "GET /static/admin_interface/css/language-chooser.css?v=42345859042311fcac2b2a49c8b09d24faa4959d8a7aad5855e1c68c HTTP/1.1" 200 1734
INFO 2025-08-01 12:47:00,880 basehttp 34953 140647671514816 "GET /static/admin_interface/css/list-filter.css?v=42345859042311fcac2b2a49c8b09d24faa4959d8a7aad5855e1c68c HTTP/1.1" 200 614
INFO 2025-08-01 12:47:01,082 basehttp 34953 140647688300224 "GET /static/admin_interface/css/list-filter-dropdown.css?v=42345859042311fcac2b2a49c8b09d24faa4959d8a7aad5855e1c68c HTTP/1.1" 200 691
INFO 2025-08-01 12:47:01,090 basehttp 34953 140647679907520 "GET /static/admin_interface/css/login.css?v=42345859042311fcac2b2a49c8b09d24faa4959d8a7aad5855e1c68c HTTP/1.1" 200 1240
INFO 2025-08-01 12:47:01,096 basehttp 34953 140647671514816 "GET /static/admin_interface/css/modules.css?v=42345859042311fcac2b2a49c8b09d24faa4959d8a7aad5855e1c68c HTTP/1.1" 200 404
INFO 2025-08-01 12:47:01,307 basehttp 34953 140647671514816 "GET /static/admin_interface/css/object-tools.css?v=42345859042311fcac2b2a49c8b09d24faa4959d8a7aad5855e1c68c HTTP/1.1" 200 319
INFO 2025-08-01 12:47:01,308 basehttp 34953 140647679907520 "GET /static/admin_interface/css/paginator.css?v=42345859042311fcac2b2a49c8b09d24faa4959d8a7aad5855e1c68c HTTP/1.1" 200 797
INFO 2025-08-01 12:47:01,308 basehttp 34953 140647688300224 "GET /static/admin_interface/css/nav-sidebar.css?v=42345859042311fcac2b2a49c8b09d24faa4959d8a7aad5855e1c68c HTTP/1.1" 200 2025
INFO 2025-08-01 12:47:01,400 basehttp 34953 140647696692928 "GET /static/admin_interface/css/fieldsets.css?v=42345859042311fcac2b2a49c8b09d24faa4959d8a7aad5855e1c68c HTTP/1.1" 200 499
INFO 2025-08-01 12:47:01,406 basehttp 34953 140647663122112 "GET /static/admin_interface/css/change-form.css?v=42345859042311fcac2b2a49c8b09d24faa4959d8a7aad5855e1c68c HTTP/1.1" 200 1125
INFO 2025-08-01 12:47:01,413 basehttp 34953 140647654729408 "GET /static/admin/css/nav_sidebar.css HTTP/1.1" 200 2810
INFO 2025-08-01 12:47:01,513 basehttp 34953 140647671514816 "GET /static/admin_interface/css/rtl.css?v=42345859042311fcac2b2a49c8b09d24faa4959d8a7aad5855e1c68c HTTP/1.1" 200 1016
INFO 2025-08-01 12:47:01,516 basehttp 34953 140647688300224 "GET /static/admin_interface/css/sticky-form-controls.css?v=42345859042311fcac2b2a49c8b09d24faa4959d8a7aad5855e1c68c HTTP/1.1" 200 2437
INFO 2025-08-01 12:47:01,522 basehttp 34953 140647679907520 "GET /static/admin_interface/css/tabbed-changeform.css?v=42345859042311fcac2b2a49c8b09d24faa4959d8a7aad5855e1c68c HTTP/1.1" 200 1895
INFO 2025-08-01 12:47:01,609 basehttp 34953 140647696692928 "GET /static/admin_interface/css/widgets.css?v=42345859042311fcac2b2a49c8b09d24faa4959d8a7aad5855e1c68c HTTP/1.1" 200 4752
INFO 2025-08-01 12:47:01,618 basehttp 34953 140647663122112 "GET /static/admin_interface/css/third-party/ckeditor.css?v=42345859042311fcac2b2a49c8b09d24faa4959d8a7aad5855e1c68c HTTP/1.1" 200 2720
INFO 2025-08-01 12:47:01,626 basehttp 34953 140647654729408 "GET /static/admin_interface/css/third-party/import-export.css?v=42345859042311fcac2b2a49c8b09d24faa4959d8a7aad5855e1c68c HTTP/1.1" 200 189
INFO 2025-08-01 12:47:01,722 basehttp 34953 140647671514816 "GET /static/admin_interface/css/third-party/json-widget.css?v=42345859042311fcac2b2a49c8b09d24faa4959d8a7aad5855e1c68c HTTP/1.1" 200 993
INFO 2025-08-01 12:47:01,727 basehttp 34953 140647688300224 "GET /static/admin_interface/css/third-party/modeltranslation.css?v=42345859042311fcac2b2a49c8b09d24faa4959d8a7aad5855e1c68c HTTP/1.1" 200 356
INFO 2025-08-01 12:47:01,732 basehttp 34953 140647679907520 "GET /static/admin_interface/css/third-party/rangefilter.css?v=42345859042311fcac2b2a49c8b09d24faa4959d8a7aad5855e1c68c HTTP/1.1" 200 1238
INFO 2025-08-01 12:47:01,816 basehttp 34953 140647696692928 "GET /static/admin_interface/css/third-party/sorl-thumbnail.css?v=42345859042311fcac2b2a49c8b09d24faa4959d8a7aad5855e1c68c HTTP/1.1" 200 1451
INFO 2025-08-01 12:47:01,827 basehttp 34953 140647663122112 "GET /static/admin_interface/css/third-party/streamfield.css?v=42345859042311fcac2b2a49c8b09d24faa4959d8a7aad5855e1c68c HTTP/1.1" 200 6407
INFO 2025-08-01 12:47:01,841 basehttp 34953 140647654729408 "GET /static/admin_interface/css/third-party/tinymce.css?v=42345859042311fcac2b2a49c8b09d24faa4959d8a7aad5855e1c68c HTTP/1.1" 200 78
INFO 2025-08-01 12:47:01,927 basehttp 34953 140647671514816 "GET /static/admin/css/responsive.css?nocache=42345859042311fcac2b2a49c8b09d24faa4959d8a7aad5855e1c68c HTTP/1.1" 200 16565
INFO 2025-08-01 12:47:01,940 basehttp 34953 140647688300224 "GET /static/admin/css/responsive_rtl.css?nocache=42345859042311fcac2b2a49c8b09d24faa4959d8a7aad5855e1c68c HTTP/1.1" 200 1991
INFO 2025-08-01 12:47:01,945 basehttp 34953 140647679907520 "GET /static/admin_interface/foldable-apps/foldable-apps.css?nocache=42345859042311fcac2b2a49c8b09d24faa4959d8a7aad5855e1c68c HTTP/1.1" 200 1955
INFO 2025-08-01 12:47:02,024 basehttp 34953 140647696692928 "GET /static/admin_interface/magnific-popup/magnific-popup.css?nocache=42345859042311fcac2b2a49c8b09d24faa4959d8a7aad5855e1c68c HTTP/1.1" 200 6951
INFO 2025-08-01 12:47:02,039 basehttp 34953 140647663122112 "GET /static/admin_interface/related-modal/related-modal.css?v=42345859042311fcac2b2a49c8b09d24faa4959d8a7aad5855e1c68c HTTP/1.1" 200 2888
INFO 2025-08-01 12:47:02,053 basehttp 34953 140647654729408 "GET /static/admin/css/dashboard.css HTTP/1.1" 200 441
INFO 2025-08-01 12:47:02,153 basehttp 34953 140647688300224 "GET /static/admin/css/responsive.css HTTP/1.1" 200 16565
INFO 2025-08-01 12:47:02,160 basehttp 34953 140647679907520 "GET /static/admin/js/theme.js HTTP/1.1" 200 1653
INFO 2025-08-01 12:47:02,234 basehttp 34953 140647696692928 "GET /static/admin_interface/foldable-apps/foldable-apps.js?nocache=42345859042311fcac2b2a49c8b09d24faa4959d8a7aad5855e1c68c HTTP/1.1" 200 1750
INFO 2025-08-01 12:47:02,246 basehttp 34953 140647663122112 "GET /static/admin_interface/magnific-popup/jquery.magnific-popup.js?nocache=42345859042311fcac2b2a49c8b09d24faa4959d8a7aad5855e1c68c HTTP/1.1" 200 60830
INFO 2025-08-01 12:47:02,263 basehttp 34953 140647654729408 "GET /static/admin_interface/related-modal/related-modal.js?nocache=42345859042311fcac2b2a49c8b09d24faa4959d8a7aad5855e1c68c HTTP/1.1" 200 7032
INFO 2025-08-01 12:47:02,474 basehttp 34953 140647654729408 "GET /static/admin/js/nav_sidebar.js HTTP/1.1" 200 3063
INFO 2025-08-01 12:47:02,870 basehttp 34953 140647654729408 "GET /static/admin/img/icon-changelink.svg HTTP/1.1" 200 380
INFO 2025-08-01 12:47:02,871 basehttp 34953 140647663122112 "GET /static/admin/img/icon-addlink.svg HTTP/1.1" 200 331
INFO 2025-08-01 12:47:15,475 basehttp 34953 140647663122112 "GET / HTTP/1.1" 200 3314
INFO 2025-08-01 12:47:16,382 basehttp 34953 140647654729408 "GET /static/estilo.css HTTP/1.1" 304 0
INFO 2025-08-01 12:47:16,384 basehttp 34953 140647671514816 "GET /static/img/tutorial-step-4.png HTTP/1.1" 304 0
INFO 2025-08-01 12:47:16,384 basehttp 34953 140647696692928 "GET /static/img/tutorial-step-1.png HTTP/1.1" 304 0
INFO 2025-08-01 12:47:16,385 basehttp 34953 140647663122112 "GET /static/img/logo.flg.png HTTP/1.1" 304 0
INFO 2025-08-01 12:47:16,386 basehttp 34953 140647679907520 "GET /static/img/tutorial-step-3.png HTTP/1.1" 304 0
INFO 2025-08-01 12:47:16,386 basehttp 34953 140647688300224 "GET /static/img/tutorial-step-2.png HTTP/1.1" 304 0
INFO 2025-08-01 12:47:16,673 basehttp 34953 140647663122112 "GET /static/img/footer-dsk.jpg HTTP/1.1" 304 0
WARNING 2025-08-01 12:47:21,998 basehttp 34953 140647688300224 "GET /static/img/menu-label.png HTTP/1.1" 404 1868
INFO 2025-08-01 12:47:22,132 basehttp 34953 140647654729408 "GET /signin/ HTTP/1.1" 200 1605
INFO 2025-08-01 12:47:33,312 basehttp 34953 140647654729408 "POST /signin/ HTTP/1.1" 200 1637
INFO 2025-08-01 12:47:35,166 basehttp 34953 140647654729408 "GET /singup/ HTTP/1.1" 200 1740
INFO 2025-08-01 12:47:51,146 basehttp 34953 140647654729408 "POST /singup/ HTTP/1.1" 302 0
INFO 2025-08-01 12:47:51,620 basehttp 34953 140647654729408 "GET /info/ HTTP/1.1" 200 3925
INFO 2025-08-01 12:48:05,177 basehttp 34953 140647654729408 "POST /info/ HTTP/1.1" 302 0
INFO 2025-08-01 12:48:05,426 basehttp 34953 140647654729408 "GET /main/ HTTP/1.1" 200 33103
INFO 2025-08-01 12:48:05,680 basehttp 34953 140647663122112 "GET /static/styles.css HTTP/1.1" 304 0
WARNING 2025-08-01 12:48:05,686 basehttp 34953 140647696692928 "GET /static/img/imagen1-removebg-preview.png HTTP/1.1" 404 1910
INFO 2025-08-01 12:48:18,702 basehttp 34953 140647663122112 "GET /logout/ HTTP/1.1" 302 0
INFO 2025-08-01 12:48:18,936 basehttp 34953 140647663122112 "GET / HTTP/1.1" 200 3314
INFO 2025-08-01 12:48:24,558 basehttp 34953 140647663122112 "GET /admin/ HTTP/1.1" 302 0
INFO 2025-08-01 12:48:26,001 basehttp 34953 140647663122112 "GET /admin/login/?next=/admin/ HTTP/1.1" 200 16845
INFO 2025-08-01 12:48:27,922 basehttp 34953 140647663122112 "GET /static/admin/css/login.css HTTP/1.1" 200 951
INFO 2025-08-01 12:48:37,918 basehttp 34953 140647663122112 "POST /admin/login/?next=/admin/ HTTP/1.1" 302 0
INFO 2025-08-01 12:48:38,224 basehttp 34953 140647663122112 "GET /admin/ HTTP/1.1" 200 28035
INFO 2025-08-01 12:48:46,489 basehttp 34953 140647663122112 "GET /admin/admin_interface/theme/ HTTP/1.1" 200 29369
INFO 2025-08-01 12:48:46,746 basehttp 34953 140647671514816 "GET /static/admin/js/vendor/jquery/jquery.js HTTP/1.1" 304 0
INFO 2025-08-01 12:48:46,746 basehttp 34953 140647654729408 "GET /static/admin/css/forms.css HTTP/1.1" 200 8525
INFO 2025-08-01 12:48:46,746 basehttp 34953 140647663122112 "GET /static/admin/css/changelists.css HTTP/1.1" 200 6878
INFO 2025-08-01 12:48:46,750 basehttp 34953 140647679907520 "GET /admin/jsi18n/ HTTP/1.1" 200 8691
INFO 2025-08-01 12:48:47,049 basehttp 34953 140647671514816 "GET /static/admin/js/jquery.init.js HTTP/1.1" 304 0
INFO 2025-08-01 12:48:47,081 basehttp 34953 140647654729408 "GET /static/admin/js/actions.js HTTP/1.1" 304 0
INFO 2025-08-01 12:48:47,082 basehttp 34953 140647663122112 "GET /static/admin/js/prepopulate.js HTTP/1.1" 304 0
INFO 2025-08-01 12:48:47,084 basehttp 34953 140647679907520 "GET /static/admin/js/urlify.js HTTP/1.1" 304 0
INFO 2025-08-01 12:48:47,257 basehttp 34953 140647671514816 "GET /static/admin/css/widgets.css HTTP/1.1" 200 11991
INFO 2025-08-01 12:48:47,395 basehttp 34953 140647663122112 "GET /static/admin/js/vendor/xregexp/xregexp.js HTTP/1.1" 304 0
INFO 2025-08-01 12:48:48,137 basehttp 34953 140647696692928 "GET /static/admin/js/admin/RelatedObjectLookups.js HTTP/1.1" 304 0
INFO 2025-08-01 12:48:48,157 basehttp 34953 140647688300224 "GET /static/admin/js/core.js HTTP/1.1" 304 0
INFO 2025-08-01 12:48:48,356 basehttp 34953 140647696692928 "GET /static/admin/js/filters.js HTTP/1.1" 200 978
INFO 2025-08-01 12:48:48,415 basehttp 34953 140647688300224 "GET /static/admin/img/tooltag-add.svg HTTP/1.1" 200 331
INFO 2025-08-01 12:48:51,715 basehttp 34953 140647688300224 "GET /admin/admin_interface/theme/add/ HTTP/1.1" 200 77567
INFO 2025-08-01 12:48:52,195 basehttp 34953 140647663122112 "GET /static/colorfield/colorfield.js HTTP/1.1" 200 408
INFO 2025-08-01 12:48:52,198 basehttp 34953 140647671514816 "GET /admin/jsi18n/ HTTP/1.1" 200 8691
INFO 2025-08-01 12:48:52,199 basehttp 34953 140647696692928 "GET /static/colorfield/jscolor/jscolor.js HTTP/1.1" 200 102106
INFO 2025-08-01 12:48:52,361 basehttp 34953 140647688300224 "GET /static/admin/js/prepopulate_init.js HTTP/1.1" 200 586
INFO 2025-08-01 12:48:52,790 basehttp 34953 140647688300224 "GET /static/admin/js/change_form.js HTTP/1.1" 200 606
INFO 2025-08-01 12:50:16,539 basehttp 34953 140647679907520 "POST /admin/admin_interface/theme/add/ HTTP/1.1" 302 0
INFO 2025-08-01 12:50:16,820 basehttp 34953 140647679907520 "GET /admin/admin_interface/theme/add/ HTTP/1.1" 200 78202
INFO 2025-08-01 12:50:17,069 basehttp 34953 140647663122112 "GET /static/admin_interface/favico/favico-0.3.10-patched.min.js?nocache=42345859042311fcac2b2a49c8b09d24faa4959d8a7aad5855e1c68c HTTP/1.1" 200 9303
INFO 2025-08-01 12:50:17,073 basehttp 34953 140647688300224 "GET /admin/jsi18n/ HTTP/1.1" 200 8691
INFO 2025-08-01 12:50:17,352 basehttp 34953 140647663122112 "GET /media/admin-interface/logo/logo.flg.png HTTP/1.1" 200 70358
INFO 2025-08-01 12:50:17,372 basehttp 34953 140647688300224 "GET /media/admin-interface/favicon/Imagen1-removebg-preview.png HTTP/1.1" 200 57582
INFO 2025-08-01 12:50:17,475 basehttp 34953 140647679907520 "GET /static/admin/img/icon-yes.svg HTTP/1.1" 304 0
INFO 2025-08-01 12:50:25,127 basehttp 34953 140647688300224 "GET /admin/admin_interface/theme/ HTTP/1.1" 200 30208
INFO 2025-08-01 12:50:25,471 basehttp 34953 140647663122112 "GET /media/admin-interface/logo/logo.flg.png HTTP/1.1" 304 0
INFO 2025-08-01 12:50:25,475 basehttp 34953 140647688300224 "GET /admin/jsi18n/ HTTP/1.1" 200 8691
INFO 2025-08-01 12:50:25,715 basehttp 34953 140647688300224 "GET /media/admin-interface/favicon/Imagen1-removebg-preview.png HTTP/1.1" 304 0
INFO 2025-08-01 12:50:31,843 basehttp 34953 140647688300224 "GET /admin/ HTTP/1.1" 200 28806
INFO 2025-08-01 12:50:32,118 basehttp 34953 140647663122112 "GET /media/admin-interface/favicon/Imagen1-removebg-preview.png HTTP/1.1" 304 0
INFO 2025-08-01 12:50:32,120 basehttp 34953 140647688300224 "GET /media/admin-interface/logo/logo.flg.png HTTP/1.1" 304 0
INFO 2025-08-01 12:50:41,259 basehttp 34953 140647663122112 "GET /admin/myapp/empresa/ HTTP/1.1" 200 30961
INFO 2025-08-01 12:50:41,756 basehttp 34953 140647663122112 "GET /admin/jsi18n/ HTTP/1.1" 200 8691
INFO 2025-08-01 12:50:41,757 basehttp 34953 140647688300224 "GET /media/admin-interface/logo/logo.flg.png HTTP/1.1" 304 0
INFO 2025-08-01 12:50:41,758 basehttp 34953 140647679907520 "GET /static/admin/img/search.svg HTTP/1.1" 200 458
INFO 2025-08-01 12:50:42,195 basehttp 34953 140647663122112 "GET /static/admin/img/sorting-icons.svg HTTP/1.1" 200 1097
INFO 2025-08-01 12:50:42,197 basehttp 34953 140647679907520 "GET /media/admin-interface/favicon/Imagen1-removebg-preview.png HTTP/1.1" 304 0
INFO 2025-08-01 12:50:49,759 basehttp 34953 140647663122112 "GET /admin/myapp/movimientoinventario/ HTTP/1.1" 200 39052
INFO 2025-08-01 12:50:50,057 basehttp 34953 140647663122112 "GET /admin/jsi18n/ HTTP/1.1" 200 8691
INFO 2025-08-01 12:50:50,057 basehttp 34953 140647679907520 "GET /media/admin-interface/logo/logo.flg.png HTTP/1.1" 304 0
INFO 2025-08-01 12:50:50,311 basehttp 34953 140647679907520 "GET /media/admin-interface/favicon/Imagen1-removebg-preview.png HTTP/1.1" 304 0
INFO 2025-08-01 12:50:55,784 basehttp 34953 140647679907520 "GET /admin/myapp/reciboitem/ HTTP/1.1" 200 27897
INFO 2025-08-01 12:50:56,075 basehttp 34953 140647663122112 "GET /media/admin-interface/logo/logo.flg.png HTTP/1.1" 304 0
INFO 2025-08-01 12:50:56,080 basehttp 34953 140647679907520 "GET /admin/jsi18n/ HTTP/1.1" 200 8691
INFO 2025-08-01 12:50:56,502 basehttp 34953 140647679907520 "GET /media/admin-interface/favicon/Imagen1-removebg-preview.png HTTP/1.1" 304 0
INFO 2025-08-01 12:51:00,306 basehttp 34953 140647679907520 "GET /admin/myapp/plato/ HTTP/1.1" 200 33620
INFO 2025-08-01 12:51:00,669 basehttp 34953 140647663122112 "GET /media/admin-interface/logo/logo.flg.png HTTP/1.1" 304 0
INFO 2025-08-01 12:51:00,672 basehttp 34953 140647679907520 "GET /admin/jsi18n/ HTTP/1.1" 200 8691
INFO 2025-08-01 12:51:00,910 basehttp 34953 140647679907520 "GET /media/admin-interface/favicon/Imagen1-removebg-preview.png HTTP/1.1" 304 0
INFO 2025-08-01 12:51:02,722 basehttp 34953 140647679907520 "GET /admin/myapp/plato/add/ HTTP/1.1" 200 39326
INFO 2025-08-01 12:51:03,010 basehttp 34953 140647679907520 "GET /admin/jsi18n/ HTTP/1.1" 200 8691
INFO 2025-08-01 12:51:59,842 basehttp 34953 140647679907520 "POST /admin/myapp/plato/add/ HTTP/1.1" 200 39669
INFO 2025-08-01 12:52:00,106 basehttp 34953 140647663122112 "GET /media/admin-interface/logo/logo.flg.png HTTP/1.1" 304 0
INFO 2025-08-01 12:52:00,109 basehttp 34953 140647679907520 "GET /admin/jsi18n/ HTTP/1.1" 200 8691
INFO 2025-08-01 12:52:00,339 basehttp 34953 140647679907520 "GET /media/admin-interface/favicon/Imagen1-removebg-preview.png HTTP/1.1" 304 0
INFO 2025-08-01 12:52:10,387 basehttp 34953 140647679907520 "POST /admin/myapp/plato/add/ HTTP/1.1" 200 39668
INFO 2025-08-01 12:52:11,017 basehttp 34953 140647679907520 "GET /admin/jsi18n/ HTTP/1.1" 200 8691
INFO 2025-08-01 12:52:11,122 basehttp 34953 140647663122112 "GET /media/admin-interface/logo/logo.flg.png HTTP/1.1" 304 0
INFO 2025-08-01 12:52:11,729 basehttp 34953 140647679907520 "GET /media/admin-interface/favicon/Imagen1-removebg-preview.png HTTP/1.1" 304 0
INFO 2025-08-01 12:52:23,356 basehttp 34953 140647679907520 "POST /admin/myapp/plato/add/ HTTP/1.1" 200 39667
INFO 2025-08-01 12:52:23,622 basehttp 34953 140647663122112 "GET /media/admin-interface/logo/logo.flg.png HTTP/1.1" 304 0
INFO 2025-08-01 12:52:23,626 basehttp 34953 140647679907520 "GET /admin/jsi18n/ HTTP/1.1" 200 8691
INFO 2025-08-01 12:52:23,858 basehttp 34953 140647679907520 "GET /media/admin-interface/favicon/Imagen1-removebg-preview.png HTTP/1.1" 304 0
INFO 2025-08-01 12:52:31,150 basehttp 34953 140647679907520 "POST /admin/myapp/plato/add/ HTTP/1.1" 302 0
INFO 2025-08-01 12:52:31,387 basehttp 34953 140647679907520 "GET /admin/myapp/plato/add/ HTTP/1.1" 200 39583
INFO 2025-08-01 12:52:31,638 basehttp 34953 140647679907520 "GET /admin/jsi18n/ HTTP/1.1" 200 8691
INFO 2025-08-01 12:52:34,568 basehttp 34953 140647679907520 "GET /admin/myapp/disponibilidadplato/ HTTP/1.1" 200 40205
INFO 2025-08-01 12:52:34,968 basehttp 34953 140647679907520 "GET /admin/jsi18n/ HTTP/1.1" 200 8691
INFO 2025-08-01 12:52:39,280 basehttp 34953 140647679907520 "GET /admin/myapp/disponibilidadplato/add/ HTTP/1.1" 200 30669
INFO 2025-08-01 12:52:39,635 basehttp 34953 140647663122112 "GET /admin/jsi18n/ HTTP/1.1" 200 8691
INFO 2025-08-01 12:52:39,681 basehttp 34953 140647679907520 "GET /media/admin-interface/logo/logo.flg.png HTTP/1.1" 304 0
INFO 2025-08-01 12:52:40,051 basehttp 34953 140647679907520 "GET /static/admin/img/icon-viewlink.svg HTTP/1.1" 200 581
INFO 2025-08-01 12:52:40,273 basehttp 34953 140647663122112 "GET /media/admin-interface/favicon/Imagen1-removebg-preview.png HTTP/1.1" 304 0
INFO 2025-08-01 12:52:45,127 basehttp 34953 140647663122112 "POST /admin/myapp/disponibilidadplato/add/ HTTP/1.1" 302 0
INFO 2025-08-01 12:52:45,396 basehttp 34953 140647663122112 "GET /admin/myapp/disponibilidadplato/add/ HTTP/1.1" 200 30991
INFO 2025-08-01 12:52:45,661 basehttp 34953 140647663122112 "GET /admin/jsi18n/ HTTP/1.1" 200 8691
INFO 2025-08-01 12:52:48,484 basehttp 34953 140647663122112 "GET / HTTP/1.1" 200 3314
INFO 2025-08-01 12:52:50,440 basehttp 34953 140647663122112 "GET /signin/ HTTP/1.1" 200 1605
INFO 2025-08-01 12:52:57,467 basehttp 34953 140647663122112 "POST /signin/ HTTP/1.1" 200 1637
INFO 2025-08-01 12:53:05,866 basehttp 34953 140647663122112 "POST /signin/ HTTP/1.1" 200 1637
INFO 2025-08-01 12:53:09,255 basehttp 34953 140647663122112 "GET /singup/ HTTP/1.1" 200 1740
INFO 2025-08-01 12:53:16,902 basehttp 34953 140647663122112 "POST /singup/ HTTP/1.1" 200 1760
INFO 2025-08-01 12:53:26,032 basehttp 34953 140647663122112 "GET /signin HTTP/1.1" 301 0
INFO 2025-08-01 12:53:26,293 basehttp 34953 140647679907520 "GET /signin/ HTTP/1.1" 200 1605
INFO 2025-08-01 12:53:34,548 basehttp 34953 140647679907520 "POST /signin/ HTTP/1.1" 200 1637
INFO 2025-08-01 12:53:45,074 basehttp 34953 140647679907520 "POST /signin/ HTTP/1.1" 200 1637
INFO 2025-08-01 12:53:46,937 basehttp 34953 140647679907520 "GET /singup/ HTTP/1.1" 200 1740
INFO 2025-08-01 12:53:58,140 basehttp 34953 140647679907520 "POST /singup/ HTTP/1.1" 302 0
INFO 2025-08-01 12:53:58,365 basehttp 34953 140647679907520 "GET /info/ HTTP/1.1" 200 3925
INFO 2025-08-01 12:54:08,409 basehttp 34953 140647679907520 "POST /info/ HTTP/1.1" 302 0
INFO 2025-08-01 12:54:08,636 basehttp 34953 140647679907520 "GET /main/ HTTP/1.1" 200 35950
WARNING 2025-08-01 12:54:08,945 basehttp 34953 140647679907520 "GET /static/img/imagen1-removebg-preview.png HTTP/1.1" 404 1910
INFO 2025-08-01 12:54:27,107 basehttp 34953 140647688300224 "GET /logout/ HTTP/1.1" 302 0
INFO 2025-08-01 12:54:27,324 basehttp 34953 140647688300224 "GET / HTTP/1.1" 200 3314
INFO 2025-08-01 12:56:36,782 basehttp 34953 140647671514816 "HEAD /media/platos/paella_valenciana.jpg HTTP/1.1" 200 0
ERROR 2025-08-01 12:56:59,119 exception 43893 139900329210112 Invalid HTTP_HOST header: 'testserver'. You may need to add 'testserver' to ALLOWED_HOSTS.
Traceback (most recent call last):
  File "/home/ubuntu/.local/lib/python3.13/site-packages/django/core/handlers/exception.py", line 55, in inner
    response = get_response(request)
  File "/home/ubuntu/.local/lib/python3.13/site-packages/django/utils/deprecation.py", line 119, in __call__
    response = self.process_request(request)
  File "/home/ubuntu/.local/lib/python3.13/site-packages/django/middleware/common.py", line 48, in process_request
    host = request.get_host()
  File "/home/ubuntu/.local/lib/python3.13/site-packages/django/http/request.py", line 186, in get_host
    raise DisallowedHost(msg)
django.core.exceptions.DisallowedHost: Invalid HTTP_HOST header: 'testserver'. You may need to add 'testserver' to ALLOWED_HOSTS.
WARNING 2025-08-01 12:56:59,212 log 43893 139900329210112 Bad Request: /main/
INFO 2025-08-01 12:57:28,554 autoreload 34953 140648095559936 /workspace/myapp/views.py changed, reloading.
INFO 2025-08-01 12:57:29,125 autoreload 44232 139680751657216 Watching for file changes with StatReloader
INFO 2025-08-01 12:57:34,391 autoreload 44232 139680751657216 /workspace/mysitio/urls.py changed, reloading.
INFO 2025-08-01 12:57:34,871 autoreload 44296 139715646025984 Watching for file changes with StatReloader
INFO 2025-08-01 12:57:37,993 basehttp 44296 139715328898752 "HEAD /test_images/ HTTP/1.1" 200 0
INFO 2025-08-01 12:57:43,470 basehttp 44296 139715328898752 "GET /test_images/ HTTP/1.1" 200 5137
INFO 2025-08-01 12:57:48,677 basehttp 44296 139715319457472 "GET /test_images/ HTTP/1.1" 200 5137
INFO 2025-08-01 12:57:55,468 basehttp 44296 139715311064768 "GET / HTTP/1.1" 200 3314
INFO 2025-08-01 12:57:55,704 basehttp 44296 139715311064768 "GET /static/estilo.css HTTP/1.1" 304 0
INFO 2025-08-01 12:57:55,705 basehttp 44296 139715302672064 "GET /static/img/logo.flg.png HTTP/1.1" 304 0
INFO 2025-08-01 12:57:55,913 basehttp 44296 139715302672064 "GET /static/img/tutorial-step-1.png HTTP/1.1" 304 0
INFO 2025-08-01 12:57:55,919 basehttp 44296 139715311064768 "GET /static/img/tutorial-step-3.png HTTP/1.1" 304 0
INFO 2025-08-01 12:57:56,123 basehttp 44296 139715302672064 "GET /static/img/tutorial-step-4.png HTTP/1.1" 304 0
WARNING 2025-08-01 12:57:56,139 basehttp 44296 139715311064768 "GET /static/img/menu-label.png HTTP/1.1" 404 1868
INFO 2025-08-01 12:57:56,351 basehttp 44296 139715302672064 "GET /static/img/footer-dsk.jpg HTTP/1.1" 304 0
INFO 2025-08-01 12:57:57,048 basehttp 44296 139715311064768 "GET /static/img/tutorial-step-2.png HTTP/1.1" 304 0
INFO 2025-08-01 12:57:58,814 basehttp 44296 139715311064768 "GET /signin/ HTTP/1.1" 200 1605
INFO 2025-08-01 12:58:41,741 basehttp 44296 139715311064768 "POST /signin/ HTTP/1.1" 302 0
INFO 2025-08-01 12:58:41,958 basehttp 44296 139715311064768 "GET /main/ HTTP/1.1" 200 35712
INFO 2025-08-01 12:58:42,436 basehttp 44296 139715311064768 "GET /media/platos/paella_valenciana.jpg HTTP/1.1" 200 3484
INFO 2025-08-01 12:58:42,440 basehttp 44296 139715302672064 "GET /media/platos/tortilla_espanola.jpg HTTP/1.1" 200 4054
INFO 2025-08-01 12:58:42,440 basehttp 44296 139715319457472 "GET /media/platos/pollo_ajillo.jpg HTTP/1.1" 200 3381
INFO 2025-08-01 12:58:42,651 basehttp 44296 139715311064768 "GET /static/styles.css HTTP/1.1" 304 0
INFO 2025-08-01 12:58:42,657 basehttp 44296 139715302672064 "GET /media/platos/ensalada_cesar.jpg HTTP/1.1" 200 3001
WARNING 2025-08-01 12:58:42,659 basehttp 44296 139715319457472 "GET /static/img/imagen1-removebg-preview.png HTTP/1.1" 404 1910
INFO 2025-08-01 12:58:43,619 basehttp 44296 139715328898752 "GET /media/platos/salmon_plancha.jpg HTTP/1.1" 200 3464
INFO 2025-08-01 12:58:43,640 basehttp 44296 139715076417216 "GET /media/platos/crema_calabaza.jpg HTTP/1.1" 200 3642
INFO 2025-08-01 12:58:57,140 basehttp 44296 139715076417216 "GET /main/?dia=LUN&grupo=ARROCES%20Y%20PASTAS HTTP/1.1" 200 22198
WARNING 2025-08-01 12:58:57,400 basehttp 44296 139715328898752 "GET /static/img/imagen1-removebg-preview.png HTTP/1.1" 404 1910
INFO 2025-08-01 12:58:59,070 basehttp 44296 139715076417216 "GET /main/?dia=LUN&grupo=CARNE HTTP/1.1" 200 22094
WARNING 2025-08-01 12:58:59,341 basehttp 44296 139715076417216 "GET /static/img/imagen1-removebg-preview.png HTTP/1.1" 404 1910
INFO 2025-08-01 12:58:59,343 basehttp 44296 139715302672064 "GET /media/platos/pollo_ajillo.jpg HTTP/1.1" 304 0
INFO 2025-08-01 12:59:00,830 basehttp 44296 139715302672064 "GET /main/?dia=LUN&grupo=ENSALADA%20Y%20VERDURA HTTP/1.1" 200 22193
WARNING 2025-08-01 12:59:01,127 basehttp 44296 139715311064768 "GET /static/img/imagen1-removebg-preview.png HTTP/1.1" 404 1910
INFO 2025-08-01 12:59:01,133 basehttp 44296 139715084809920 "GET /media/platos/ensalada_cesar.jpg HTTP/1.1" 304 0
INFO 2025-08-01 12:59:02,988 basehttp 44296 139715084809920 "GET /main/?dia=LUN&grupo=PESCADO HTTP/1.1" 200 22115
WARNING 2025-08-01 12:59:03,255 basehttp 44296 139715302672064 "GET /static/img/imagen1-removebg-preview.png HTTP/1.1" 404 1910
INFO 2025-08-01 12:59:03,401 basehttp 44296 139715084809920 "GET /media/platos/salmon_plancha.jpg HTTP/1.1" 304 0
INFO 2025-08-01 12:59:05,453 basehttp 44296 139715084809920 "GET /main/?dia=LUN&grupo=PLATO%20DE%20CUCHARA HTTP/1.1" 200 22165
WARNING 2025-08-01 12:59:05,734 basehttp 44296 139715084809920 "GET /static/img/imagen1-removebg-preview.png HTTP/1.1" 404 1910
INFO 2025-08-01 12:59:06,669 basehttp 44296 139715311064768 "GET /media/platos/crema_calabaza.jpg HTTP/1.1" 304 0
INFO 2025-08-01 12:59:07,760 basehttp 44296 139715311064768 "GET /main/?dia=LUN&grupo=TORTILLAS HTTP/1.1" 200 22124
INFO 2025-08-01 12:59:08,183 basehttp 44296 139715311064768 "GET /media/platos/tortilla_espanola.jpg HTTP/1.1" 304 0
WARNING 2025-08-01 12:59:08,909 basehttp 44296 139715084809920 "GET /static/img/imagen1-removebg-preview.png HTTP/1.1" 404 1910
INFO 2025-08-01 12:59:09,951 basehttp 44296 139715311064768 "GET /main/?dia=LUN HTTP/1.1" 200 35712
INFO 2025-08-01 12:59:10,359 basehttp 44296 139715311064768 "GET /media/platos/paella_valenciana.jpg HTTP/1.1" 304 0
WARNING 2025-08-01 12:59:11,128 basehttp 44296 139715302672064 "GET /static/img/imagen1-removebg-preview.png HTTP/1.1" 404 1910
INFO 2025-08-01 12:59:15,305 basehttp 44296 139715311064768 "GET /logout/ HTTP/1.1" 302 0
INFO 2025-08-01 12:59:15,521 basehttp 44296 139715311064768 "GET / HTTP/1.1" 200 3314
INFO 2025-08-01 12:59:19,912 basehttp 44296 139715311064768 "GET /admin/ HTTP/1.1" 302 0
INFO 2025-08-01 12:59:20,137 basehttp 44296 139715311064768 "GET /admin/login/?next=/admin/ HTTP/1.1" 200 17180
INFO 2025-08-01 12:59:20,375 basehttp 44296 139715076417216 "GET /static/admin/css/dark_mode.css HTTP/1.1" 304 0
INFO 2025-08-01 12:59:20,375 basehttp 44296 139715311064768 "GET /static/admin/css/base.css HTTP/1.1" 304 0
INFO 2025-08-01 12:59:20,586 basehttp 44296 139715311064768 "GET /static/admin/js/theme.js HTTP/1.1" 304 0
INFO 2025-08-01 12:59:20,598 basehttp 44296 139715076417216 "GET /static/admin/css/nav_sidebar.css HTTP/1.1" 304 0
INFO 2025-08-01 12:59:20,795 basehttp 44296 139715311064768 "GET /static/admin_interface/css/changelist.css?v=42345859042311fcac2b2a49c8b09d24faa4959d8a7aad5855e1c68c HTTP/1.1" 304 0
INFO 2025-08-01 12:59:20,811 basehttp 44296 139715076417216 "GET /static/admin_interface/css/change-form.css?v=42345859042311fcac2b2a49c8b09d24faa4959d8a7aad5855e1c68c HTTP/1.1" 304 0
INFO 2025-08-01 12:59:21,005 basehttp 44296 139715311064768 "GET /static/admin_interface/css/fieldsets.css?v=42345859042311fcac2b2a49c8b09d24faa4959d8a7aad5855e1c68c HTTP/1.1" 304 0
INFO 2025-08-01 12:59:21,021 basehttp 44296 139715076417216 "GET /static/admin_interface/css/file-upload.css?v=42345859042311fcac2b2a49c8b09d24faa4959d8a7aad5855e1c68c HTTP/1.1" 304 0
INFO 2025-08-01 12:59:21,216 basehttp 44296 139715311064768 "GET /static/admin_interface/css/header.css?v=42345859042311fcac2b2a49c8b09d24faa4959d8a7aad5855e1c68c HTTP/1.1" 304 0
INFO 2025-08-01 12:59:21,240 basehttp 44296 139715076417216 "GET /static/admin_interface/css/inlines.css?v=42345859042311fcac2b2a49c8b09d24faa4959d8a7aad5855e1c68c HTTP/1.1" 304 0
INFO 2025-08-01 12:59:21,425 basehttp 44296 139715311064768 "GET /static/admin_interface/css/jquery.ui.tabs.css?v=42345859042311fcac2b2a49c8b09d24faa4959d8a7aad5855e1c68c HTTP/1.1" 304 0
INFO 2025-08-01 12:59:21,456 basehttp 44296 139715076417216 "GET /static/admin_interface/css/language-chooser.css?v=42345859042311fcac2b2a49c8b09d24faa4959d8a7aad5855e1c68c HTTP/1.1" 304 0
INFO 2025-08-01 12:59:21,556 basehttp 44296 139715302672064 "GET /static/admin_interface/css/admin-interface.css?v=42345859042311fcac2b2a49c8b09d24faa4959d8a7aad5855e1c68c HTTP/1.1" 304 0
INFO 2025-08-01 12:59:21,639 basehttp 44296 139715311064768 "GET /static/admin_interface/css/list-filter.css?v=42345859042311fcac2b2a49c8b09d24faa4959d8a7aad5855e1c68c HTTP/1.1" 304 0
INFO 2025-08-01 12:59:21,698 basehttp 44296 139715076417216 "GET /static/admin_interface/css/list-filter-dropdown.css?v=42345859042311fcac2b2a49c8b09d24faa4959d8a7aad5855e1c68c HTTP/1.1" 304 0
INFO 2025-08-01 12:59:21,767 basehttp 44296 139715302672064 "GET /static/admin_interface/css/login.css?v=42345859042311fcac2b2a49c8b09d24faa4959d8a7aad5855e1c68c HTTP/1.1" 304 0
INFO 2025-08-01 12:59:21,851 basehttp 44296 139715311064768 "GET /static/admin_interface/css/modules.css?v=42345859042311fcac2b2a49c8b09d24faa4959d8a7aad5855e1c68c HTTP/1.1" 304 0
INFO 2025-08-01 12:59:21,912 basehttp 44296 139715076417216 "GET /static/admin_interface/css/nav-sidebar.css?v=42345859042311fcac2b2a49c8b09d24faa4959d8a7aad5855e1c68c HTTP/1.1" 304 0
INFO 2025-08-01 12:59:21,977 basehttp 44296 139715302672064 "GET /static/admin_interface/css/paginator.css?v=42345859042311fcac2b2a49c8b09d24faa4959d8a7aad5855e1c68c HTTP/1.1" 304 0
INFO 2025-08-01 12:59:22,063 basehttp 44296 139715311064768 "GET /static/admin_interface/css/object-tools.css?v=42345859042311fcac2b2a49c8b09d24faa4959d8a7aad5855e1c68c HTTP/1.1" 304 0
INFO 2025-08-01 12:59:22,126 basehttp 44296 139715076417216 "GET /static/admin_interface/css/rtl.css?v=42345859042311fcac2b2a49c8b09d24faa4959d8a7aad5855e1c68c HTTP/1.1" 304 0
INFO 2025-08-01 12:59:22,185 basehttp 44296 139715302672064 "GET /static/admin_interface/css/sticky-form-controls.css?v=42345859042311fcac2b2a49c8b09d24faa4959d8a7aad5855e1c68c HTTP/1.1" 304 0
INFO 2025-08-01 12:59:22,272 basehttp 44296 139715311064768 "GET /static/admin_interface/css/tabbed-changeform.css?v=42345859042311fcac2b2a49c8b09d24faa4959d8a7aad5855e1c68c HTTP/1.1" 304 0
INFO 2025-08-01 12:59:22,354 basehttp 44296 139715076417216 "GET /static/admin_interface/css/widgets.css?v=42345859042311fcac2b2a49c8b09d24faa4959d8a7aad5855e1c68c HTTP/1.1" 304 0
INFO 2025-08-01 12:59:22,397 basehttp 44296 139715302672064 "GET /static/admin_interface/css/third-party/ckeditor.css?v=42345859042311fcac2b2a49c8b09d24faa4959d8a7aad5855e1c68c HTTP/1.1" 304 0
INFO 2025-08-01 12:59:22,484 basehttp 44296 139715311064768 "GET /static/admin_interface/css/third-party/import-export.css?v=42345859042311fcac2b2a49c8b09d24faa4959d8a7aad5855e1c68c HTTP/1.1" 304 0
INFO 2025-08-01 12:59:22,577 basehttp 44296 139715076417216 "GET /static/admin_interface/css/third-party/json-widget.css?v=42345859042311fcac2b2a49c8b09d24faa4959d8a7aad5855e1c68c HTTP/1.1" 304 0
INFO 2025-08-01 12:59:22,609 basehttp 44296 139715302672064 "GET /static/admin_interface/css/third-party/modeltranslation.css?v=42345859042311fcac2b2a49c8b09d24faa4959d8a7aad5855e1c68c HTTP/1.1" 304 0
INFO 2025-08-01 12:59:22,692 basehttp 44296 139715311064768 "GET /static/admin_interface/css/third-party/rangefilter.css?v=42345859042311fcac2b2a49c8b09d24faa4959d8a7aad5855e1c68c HTTP/1.1" 304 0
INFO 2025-08-01 12:59:22,792 basehttp 44296 139715076417216 "GET /static/admin_interface/css/third-party/sorl-thumbnail.css?v=42345859042311fcac2b2a49c8b09d24faa4959d8a7aad5855e1c68c HTTP/1.1" 304 0
INFO 2025-08-01 12:59:22,823 basehttp 44296 139715302672064 "GET /static/admin_interface/css/third-party/streamfield.css?v=42345859042311fcac2b2a49c8b09d24faa4959d8a7aad5855e1c68c HTTP/1.1" 304 0
INFO 2025-08-01 12:59:22,903 basehttp 44296 139715311064768 "GET /static/admin_interface/css/third-party/tinymce.css?v=42345859042311fcac2b2a49c8b09d24faa4959d8a7aad5855e1c68c HTTP/1.1" 304 0
INFO 2025-08-01 12:59:23,008 basehttp 44296 139715076417216 "GET /static/admin/css/login.css HTTP/1.1" 304 0
INFO 2025-08-01 12:59:23,036 basehttp 44296 139715302672064 "GET /static/admin/css/responsive.css HTTP/1.1" 304 0
INFO 2025-08-01 12:59:23,115 basehttp 44296 139715311064768 "GET /static/admin/css/responsive.css?nocache=42345859042311fcac2b2a49c8b09d24faa4959d8a7aad5855e1c68c HTTP/1.1" 304 0
INFO 2025-08-01 12:59:23,221 basehttp 44296 139715076417216 "GET /static/admin/css/responsive_rtl.css?nocache=42345859042311fcac2b2a49c8b09d24faa4959d8a7aad5855e1c68c HTTP/1.1" 304 0
INFO 2025-08-01 12:59:23,251 basehttp 44296 139715302672064 "GET /static/admin_interface/foldable-apps/foldable-apps.css?nocache=42345859042311fcac2b2a49c8b09d24faa4959d8a7aad5855e1c68c HTTP/1.1" 304 0
INFO 2025-08-01 12:59:23,326 basehttp 44296 139715311064768 "GET /static/admin_interface/magnific-popup/magnific-popup.css?nocache=42345859042311fcac2b2a49c8b09d24faa4959d8a7aad5855e1c68c HTTP/1.1" 304 0
INFO 2025-08-01 12:59:23,433 basehttp 44296 139715076417216 "GET /static/admin_interface/related-modal/related-modal.css?v=42345859042311fcac2b2a49c8b09d24faa4959d8a7aad5855e1c68c HTTP/1.1" 304 0
INFO 2025-08-01 12:59:23,461 basehttp 44296 139715302672064 "GET /static/admin_interface/favico/favico-0.3.10-patched.min.js?nocache=42345859042311fcac2b2a49c8b09d24faa4959d8a7aad5855e1c68c HTTP/1.1" 304 0
INFO 2025-08-01 12:59:23,536 basehttp 44296 139715311064768 "GET /static/admin_interface/foldable-apps/foldable-apps.js?nocache=42345859042311fcac2b2a49c8b09d24faa4959d8a7aad5855e1c68c HTTP/1.1" 304 0
INFO 2025-08-01 12:59:23,649 basehttp 44296 139715076417216 "GET /static/admin_interface/magnific-popup/jquery.magnific-popup.js?nocache=42345859042311fcac2b2a49c8b09d24faa4959d8a7aad5855e1c68c HTTP/1.1" 304 0
INFO 2025-08-01 12:59:23,673 basehttp 44296 139715302672064 "GET /static/admin_interface/related-modal/related-modal.js?nocache=42345859042311fcac2b2a49c8b09d24faa4959d8a7aad5855e1c68c HTTP/1.1" 304 0
INFO 2025-08-01 12:59:23,676 basehttp 44296 139715084809920 "GET /media/admin-interface/logo/logo.flg.png HTTP/1.1" 304 0
INFO 2025-08-01 12:59:23,885 basehttp 44296 139715302672064 "GET /static/admin/js/nav_sidebar.js HTTP/1.1" 304 0
INFO 2025-08-01 12:59:23,889 basehttp 44296 139715084809920 "GET /media/admin-interface/favicon/Imagen1-removebg-preview.png HTTP/1.1" 304 0
INFO 2025-08-01 12:59:24,337 basehttp 44296 139715084809920 "GET /admin/ HTTP/1.1" 302 0
INFO 2025-08-01 12:59:24,550 basehttp 44296 139715084809920 "GET /admin/login/?next=/admin/ HTTP/1.1" 200 17180
INFO 2025-08-01 12:59:40,289 basehttp 44296 139715084809920 "POST /admin/login/?next=/admin/ HTTP/1.1" 302 0
INFO 2025-08-01 12:59:40,584 basehttp 44296 139715084809920 "GET /admin/ HTTP/1.1" 200 29582
INFO 2025-08-01 12:59:40,858 basehttp 44296 139715302672064 "GET /static/admin/css/dashboard.css HTTP/1.1" 304 0
INFO 2025-08-01 12:59:41,111 basehttp 44296 139715302672064 "GET /static/admin/img/icon-addlink.svg HTTP/1.1" 304 0
INFO 2025-08-01 12:59:41,113 basehttp 44296 139715084809920 "GET /static/admin/img/icon-changelink.svg HTTP/1.1" 304 0
INFO 2025-08-01 12:59:54,052 basehttp 44296 139715302672064 "GET /admin/myapp/plato/ HTTP/1.1" 200 34127
INFO 2025-08-01 12:59:54,318 basehttp 44296 139715084809920 "GET /static/admin/css/changelists.css HTTP/1.1" 304 0
INFO 2025-08-01 12:59:54,320 basehttp 44296 139715311064768 "GET /static/admin/js/vendor/jquery/jquery.js HTTP/1.1" 304 0
INFO 2025-08-01 12:59:54,322 basehttp 44296 139715076417216 "GET /admin/jsi18n/ HTTP/1.1" 200 8691
INFO 2025-08-01 12:59:54,473 basehttp 44296 139715302672064 "GET /static/admin/js/jquery.init.js HTTP/1.1" 304 0
INFO 2025-08-01 12:59:54,528 basehttp 44296 139715084809920 "GET /static/admin/js/core.js HTTP/1.1" 304 0
INFO 2025-08-01 12:59:54,530 basehttp 44296 139715311064768 "GET /static/admin/js/admin/RelatedObjectLookups.js HTTP/1.1" 304 0
INFO 2025-08-01 12:59:54,543 basehttp 44296 139715076417216 "GET /static/admin/js/actions.js HTTP/1.1" 304 0
INFO 2025-08-01 12:59:54,683 basehttp 44296 139715302672064 "GET /static/admin/js/vendor/xregexp/xregexp.js HTTP/1.1" 304 0
INFO 2025-08-01 12:59:54,746 basehttp 44296 139715311064768 "GET /static/admin/img/search.svg HTTP/1.1" 304 0
INFO 2025-08-01 12:59:56,952 basehttp 44296 139715328898752 "GET /static/admin/js/prepopulate.js HTTP/1.1" 304 0
INFO 2025-08-01 12:59:57,072 basehttp 44296 139715068024512 "GET /static/admin/js/urlify.js HTTP/1.1" 304 0
INFO 2025-08-01 12:59:57,268 basehttp 44296 139715328898752 "GET /static/admin/js/filters.js HTTP/1.1" 304 0
INFO 2025-08-01 12:59:57,485 basehttp 44296 139715068024512 "GET /static/admin/img/tooltag-add.svg HTTP/1.1" 304 0
INFO 2025-08-01 13:00:02,575 basehttp 44296 139715068024512 "GET /admin/myapp/plato/add/ HTTP/1.1" 200 39326
INFO 2025-08-01 13:00:04,716 basehttp 44296 139715311064768 "GET /static/admin/js/prepopulate_init.js HTTP/1.1" 304 0
INFO 2025-08-01 13:00:04,717 basehttp 44296 139715068024512 "GET /static/admin/css/forms.css HTTP/1.1" 304 0
INFO 2025-08-01 13:00:04,720 basehttp 44296 139715328898752 "GET /admin/jsi18n/ HTTP/1.1" 200 8691
INFO 2025-08-01 13:00:05,812 basehttp 44296 139715311064768 "GET /static/admin/js/change_form.js HTTP/1.1" 304 0
INFO 2025-08-01 13:00:05,813 basehttp 44296 139715328898752 "GET /static/admin/css/widgets.css HTTP/1.1" 304 0
INFO 2025-08-01 13:00:09,140 basehttp 44296 139715328898752 "GET /admin/myapp/plato/ HTTP/1.1" 200 34127
INFO 2025-08-01 13:00:19,079 basehttp 44296 139715328898752 "GET /admin/myapp/disponibilidadplato/ HTTP/1.1" 200 40590
INFO 2025-08-01 13:00:19,486 basehttp 44296 139715311064768 "GET /media/admin-interface/logo/logo.flg.png HTTP/1.1" 304 0
INFO 2025-08-01 13:00:19,488 basehttp 44296 139715328898752 "GET /admin/jsi18n/ HTTP/1.1" 200 8691
INFO 2025-08-01 13:00:19,711 basehttp 44296 139715328898752 "GET /media/admin-interface/favicon/Imagen1-removebg-preview.png HTTP/1.1" 304 0
INFO 2025-08-01 13:00:20,795 basehttp 44296 139715328898752 "GET /admin/myapp/disponibilidadplato/26/change/ HTTP/1.1" 200 30941
INFO 2025-08-01 13:00:21,280 basehttp 44296 139715328898752 "GET /admin/jsi18n/ HTTP/1.1" 200 8691
INFO 2025-08-01 13:00:26,439 basehttp 44296 139715328898752 "GET /admin/myapp/plato/6/change/?_to_field=id&_popup=1&_modal=696424 HTTP/1.1" 200 29161
INFO 2025-08-01 13:00:31,088 basehttp 44296 139715328898752 "GET /admin/myapp/plato/6/change/?_to_field=id&_popup=1&_modal=942567 HTTP/1.1" 200 29161
INFO 2025-08-01 13:00:34,466 basehttp 44296 139715328898752 "GET /admin/myapp/plato/6/change/?_to_field=id&_modal=435818&_popup=1 HTTP/1.1" 200 29161
INFO 2025-08-01 13:00:37,345 basehttp 44296 139715328898752 "GET /admin/myapp/plato/add/?_to_field=id&_popup=1&_modal=257060 HTTP/1.1" 200 28827
INFO 2025-08-01 13:00:44,485 basehttp 44296 139715328898752 "GET /admin/myapp/disponibilidadplato/26/delete/ HTTP/1.1" 200 27689
INFO 2025-08-01 13:00:44,838 basehttp 44296 139715328898752 "GET /static/admin/js/cancel.js HTTP/1.1" 200 729
INFO 2025-08-01 13:00:45,960 basehttp 44296 139715328898752 "POST /admin/myapp/disponibilidadplato/26/delete/ HTTP/1.1" 302 0
INFO 2025-08-01 13:00:46,198 basehttp 44296 139715328898752 "GET /admin/myapp/disponibilidadplato/ HTTP/1.1" 200 40411
INFO 2025-08-01 13:00:46,589 basehttp 44296 139715328898752 "GET /admin/jsi18n/ HTTP/1.1" 200 8691
INFO 2025-08-01 13:00:46,850 basehttp 44296 139715328898752 "GET /static/admin/img/icon-yes.svg HTTP/1.1" 304 0
INFO 2025-08-01 13:00:48,923 basehttp 44296 139715328898752 "GET /admin/myapp/disponibilidadplato/add/ HTTP/1.1" 200 30669
INFO 2025-08-01 13:00:49,184 basehttp 44296 139715328898752 "GET /admin/jsi18n/ HTTP/1.1" 200 8691
INFO 2025-08-01 13:00:51,409 basehttp 44296 139715328898752 "GET /admin/myapp/plato/add/?_to_field=id&_popup=1&_modal=847954 HTTP/1.1" 200 28827
INFO 2025-08-01 13:00:57,253 basehttp 44296 139715328898752 "GET /admin/myapp/plato/ HTTP/1.1" 200 34127
INFO 2025-08-01 13:00:57,602 basehttp 44296 139715328898752 "GET /admin/jsi18n/ HTTP/1.1" 200 8691
INFO 2025-08-01 13:01:04,811 basehttp 44296 139715328898752 "POST /admin/myapp/plato/ HTTP/1.1" 200 27647
INFO 2025-08-01 13:01:06,249 basehttp 44296 139715328898752 "POST /admin/myapp/plato/ HTTP/1.1" 302 0
INFO 2025-08-01 13:01:06,489 basehttp 44296 139715328898752 "GET /admin/myapp/plato/ HTTP/1.1" 200 33765
INFO 2025-08-01 13:01:07,006 basehttp 44296 139715328898752 "GET /admin/jsi18n/ HTTP/1.1" 200 8691
INFO 2025-08-01 13:01:09,266 basehttp 44296 139715328898752 "GET /admin/myapp/plato/add/ HTTP/1.1" 200 39326
INFO 2025-08-01 13:01:09,564 basehttp 44296 139715328898752 "GET /admin/jsi18n/ HTTP/1.1" 200 8691
INFO 2025-08-01 13:02:08,172 basehttp 44296 139715328898752 "POST /admin/myapp/plato/add/ HTTP/1.1" 302 0
INFO 2025-08-01 13:02:08,408 basehttp 44296 139715328898752 "GET /admin/myapp/plato/add/ HTTP/1.1" 200 39600
INFO 2025-08-01 13:02:08,690 basehttp 44296 139715311064768 "GET /media/admin-interface/logo/logo.flg.png HTTP/1.1" 304 0
INFO 2025-08-01 13:02:08,692 basehttp 44296 139715328898752 "GET /admin/jsi18n/ HTTP/1.1" 200 8691
INFO 2025-08-01 13:02:08,998 basehttp 44296 139715328898752 "GET /media/admin-interface/favicon/Imagen1-removebg-preview.png HTTP/1.1" 304 0
INFO 2025-08-01 13:02:11,669 basehttp 44296 139715328898752 "GET /admin/myapp/disponibilidadplato/ HTTP/1.1" 200 40205
INFO 2025-08-01 13:02:12,004 basehttp 44296 139715328898752 "GET /admin/jsi18n/ HTTP/1.1" 200 8691
INFO 2025-08-01 13:02:14,573 basehttp 44296 139715328898752 "GET /admin/myapp/disponibilidadplato/add/ HTTP/1.1" 200 30686
INFO 2025-08-01 13:02:14,835 basehttp 44296 139715311064768 "GET /static/admin/img/icon-viewlink.svg HTTP/1.1" 304 0
INFO 2025-08-01 13:02:14,837 basehttp 44296 139715328898752 "GET /admin/jsi18n/ HTTP/1.1" 200 8691
INFO 2025-08-01 13:02:20,111 basehttp 44296 139715328898752 "POST /admin/myapp/disponibilidadplato/add/ HTTP/1.1" 302 0
INFO 2025-08-01 13:02:21,178 basehttp 44296 139715328898752 "GET /admin/myapp/disponibilidadplato/add/ HTTP/1.1" 200 31027
INFO 2025-08-01 13:02:22,479 basehttp 44296 139715311064768 "GET /admin/jsi18n/ HTTP/1.1" 200 8691
INFO 2025-08-01 13:02:25,066 basehttp 44296 139715311064768 "GET / HTTP/1.1" 200 3314
INFO 2025-08-01 13:02:27,482 basehttp 44296 139715311064768 "GET /signin/ HTTP/1.1" 200 1605
INFO 2025-08-01 13:02:51,869 basehttp 44296 139715311064768 "POST /signin/ HTTP/1.1" 302 0
INFO 2025-08-01 13:02:52,093 basehttp 44296 139715311064768 "GET /main/ HTTP/1.1" 200 32908
INFO 2025-08-01 13:02:52,362 basehttp 44296 139715076417216 "GET /media/platos/ensalada_cesar.jpg HTTP/1.1" 304 0
WARNING 2025-08-01 13:02:52,363 basehttp 44296 139715311064768 "GET /static/img/imagen1-removebg-preview.png HTTP/1.1" 404 1910
INFO 2025-08-01 13:02:52,363 basehttp 44296 139715302672064 "GET /media/platos/pollo_ajillo.jpg HTTP/1.1" 304 0
INFO 2025-08-01 13:02:52,363 basehttp 44296 139715068024512 "GET /media/platos/tortilla_espanola.jpg HTTP/1.1" 304 0
INFO 2025-08-01 13:02:52,363 basehttp 44296 139715328898752 "GET /media/platos/paella_valenciana.jpg HTTP/1.1" 304 0
INFO 2025-08-01 13:02:52,364 basehttp 44296 139715084809920 "GET /media/platos/salmon_plancha.jpg HTTP/1.1" 304 0
INFO 2025-08-01 13:02:57,761 basehttp 44296 139715084809920 "GET /main/?dia=SAB HTTP/1.1" 200 21704
WARNING 2025-08-01 13:02:58,117 basehttp 44296 139715084809920 "GET /static/img/imagen1-removebg-preview.png HTTP/1.1" 404 1910
INFO 2025-08-01 13:02:58,120 basehttp 44296 139715328898752 "GET /media/platos/crema_de_coliflor.png HTTP/1.1" 200 1859156
INFO 2025-08-01 13:03:16,772 basehttp 44296 139715328898752 "GET /main/?dia=SAB&grupo=ARROCES%20Y%20PASTAS HTTP/1.1" 200 19583
WARNING 2025-08-01 13:03:17,055 basehttp 44296 139715328898752 "GET /static/img/imagen1-removebg-preview.png HTTP/1.1" 404 1910
INFO 2025-08-01 13:03:19,418 basehttp 44296 139715068024512 "GET /main/?dia=SAB&grupo=CARNE HTTP/1.1" 200 19517
WARNING 2025-08-01 13:03:19,836 basehttp 44296 139715068024512 "GET /static/img/imagen1-removebg-preview.png HTTP/1.1" 404 1910
INFO 2025-08-01 13:03:21,125 basehttp 44296 139715302672064 "GET /main/?dia=SAB&grupo=ENSALADA%20Y%20VERDURA HTTP/1.1" 200 19595
WARNING 2025-08-01 13:03:21,560 basehttp 44296 139715302672064 "GET /static/img/imagen1-removebg-preview.png HTTP/1.1" 404 1910
INFO 2025-08-01 13:03:23,268 basehttp 44296 139715076417216 "GET /main/?dia=SAB&grupo=PESCADO HTTP/1.1" 200 19529
WARNING 2025-08-01 13:03:23,667 basehttp 44296 139715076417216 "GET /static/img/imagen1-removebg-preview.png HTTP/1.1" 404 1910
INFO 2025-08-01 13:03:25,995 basehttp 44296 139715076417216 "GET /main/?dia=SAB&grupo=PLATO%20DE%20CUCHARA HTTP/1.1" 200 22226
WARNING 2025-08-01 13:03:26,941 basehttp 44296 139715076417216 "GET /static/img/imagen1-removebg-preview.png HTTP/1.1" 404 1910
INFO 2025-08-01 13:03:27,640 basehttp 44296 139715302672064 "GET /media/platos/crema_de_coliflor.png HTTP/1.1" 304 0
INFO 2025-08-01 13:03:53,480 basehttp 44296 139715302672064 "POST /main/?dia=SAB&grupo=PLATO%20DE%20CUCHARA HTTP/1.1" 302 0
INFO 2025-08-01 13:03:53,699 basehttp 44296 139715302672064 "GET /main/?dia=SAB&grupo=PLATO%20DE%20CUCHARA HTTP/1.1" 200 25668
WARNING 2025-08-01 13:03:54,216 basehttp 44296 139715302672064 "GET /static/img/imagen1-removebg-preview.png HTTP/1.1" 404 1910
INFO 2025-08-01 13:03:54,735 basehttp 44296 139715302672064 "GET /media/platos/crema_de_coliflor.png HTTP/1.1" 304 0
INFO 2025-08-01 13:04:15,842 basehttp 44296 139715302672064 "POST /procesar-pago/ HTTP/1.1" 302 0
INFO 2025-08-01 13:04:16,061 basehttp 44296 139715302672064 "GET /pago/ HTTP/1.1" 200 4754
INFO 2025-08-01 13:04:29,918 basehttp 44296 139715302672064 "POST /procesar-pago/ HTTP/1.1" 302 0
INFO 2025-08-01 13:04:30,196 basehttp 44296 139715302672064 "GET /main/ HTTP/1.1" 200 32908
WARNING 2025-08-01 13:04:31,193 basehttp 44296 139715302672064 "GET /static/img/imagen1-removebg-preview.png HTTP/1.1" 404 1910
INFO 2025-08-01 13:04:31,194 basehttp 44296 139715076417216 "GET /media/platos/paella_valenciana.jpg HTTP/1.1" 304 0
INFO 2025-08-01 13:04:35,813 basehttp 44296 139715068024512 "GET /media/platos/ensalada_cesar.jpg HTTP/1.1" 304 0
INFO 2025-08-01 13:04:35,845 basehttp 44296 139715328898752 "GET /media/platos/tortilla_espanola.jpg HTTP/1.1" 304 0
INFO 2025-08-01 13:04:35,847 basehttp 44296 139715311761088 "GET /media/platos/pollo_ajillo.jpg HTTP/1.1" 304 0
INFO 2025-08-01 13:04:35,848 basehttp 44296 139715084809920 "GET /media/platos/salmon_plancha.jpg HTTP/1.1" 304 0
INFO 2025-08-01 13:04:44,647 basehttp 44296 139715084809920 "GET /main/?dia=LUN&grupo=ARROCES%20Y%20PASTAS HTTP/1.1" 200 22198
WARNING 2025-08-01 13:04:45,129 basehttp 44296 139715084809920 "GET /static/img/imagen1-removebg-preview.png HTTP/1.1" 404 1910
INFO 2025-08-01 13:04:47,479 basehttp 44296 139715311761088 "GET /main/?dia=LUN&grupo=CARNE HTTP/1.1" 200 22094
WARNING 2025-08-01 13:04:47,755 basehttp 44296 139715328898752 "GET /static/img/imagen1-removebg-preview.png HTTP/1.1" 404 1910
INFO 2025-08-01 13:04:51,701 basehttp 44296 139715311761088 "GET /main/?dia=LUN HTTP/1.1" 200 32908
WARNING 2025-08-01 13:04:52,054 basehttp 44296 139715068024512 "GET /static/img/imagen1-removebg-preview.png HTTP/1.1" 404 1910
INFO 2025-08-01 13:04:57,858 basehttp 44296 139715311761088 "GET /main/?dia=MAR HTTP/1.1" 200 32909
WARNING 2025-08-01 13:04:58,147 basehttp 44296 139715311761088 "GET /static/img/imagen1-removebg-preview.png HTTP/1.1" 404 1910
INFO 2025-08-01 13:05:23,330 basehttp 44296 139715076417216 "GET /main/?dia=LUN HTTP/1.1" 200 32908
WARNING 2025-08-01 13:05:23,835 basehttp 44296 139715076417216 "GET /static/img/imagen1-removebg-preview.png HTTP/1.1" 404 1910
INFO 2025-08-01 13:05:25,070 basehttp 44296 139715076417216 "GET /media/platos/paella_valenciana.jpg HTTP/1.1" 304 0
INFO 2025-08-01 13:05:25,552 basehttp 44296 139715076417216 "GET /logout/ HTTP/1.1" 302 0
INFO 2025-08-01 13:05:27,188 basehttp 44296 139715076417216 "GET / HTTP/1.1" 200 3314
INFO 2025-08-01 13:05:31,637 basehttp 44296 139715076417216 "GET /signin/ HTTP/1.1" 200 1605
INFO 2025-08-01 13:05:44,266 basehttp 44296 139715076417216 "POST /signin/ HTTP/1.1" 302 0
INFO 2025-08-01 13:05:44,485 basehttp 44296 139715076417216 "GET /main/ HTTP/1.1" 200 32908
WARNING 2025-08-01 13:05:44,786 basehttp 44296 139715068024512 "GET /static/img/imagen1-removebg-preview.png HTTP/1.1" 404 1910
INFO 2025-08-01 13:05:45,178 basehttp 44296 139715076417216 "GET /media/platos/tortilla_espanola.jpg HTTP/1.1" 304 0
INFO 2025-08-01 13:05:47,747 basehttp 44296 139715328898752 "GET /media/platos/pollo_ajillo.jpg HTTP/1.1" 304 0
INFO 2025-08-01 13:05:47,763 basehttp 44296 139715311761088 "GET /media/platos/ensalada_cesar.jpg HTTP/1.1" 304 0
INFO 2025-08-01 13:05:47,865 basehttp 44296 139715303368384 "GET /media/platos/salmon_plancha.jpg HTTP/1.1" 304 0
WARNING 2025-08-01 13:05:48,053 log 44296 139715311761088 Not Found: /.well-known/appspecific/com.chrome.devtools.json
WARNING 2025-08-01 13:05:48,053 basehttp 44296 139715311761088 "GET /.well-known/appspecific/com.chrome.devtools.json HTTP/1.1" 404 6064
WARNING 2025-08-01 13:06:01,633 log 44296 139715311761088 Not Found: /.well-known/appspecific/com.chrome.devtools.json
WARNING 2025-08-01 13:06:01,633 basehttp 44296 139715311761088 "GET /.well-known/appspecific/com.chrome.devtools.json HTTP/1.1" 404 6064
WARNING 2025-08-01 13:06:01,847 log 44296 139715311761088 Not Found: /.well-known/appspecific/com.chrome.devtools.json
WARNING 2025-08-01 13:06:01,848 basehttp 44296 139715311761088 "GET /.well-known/appspecific/com.chrome.devtools.json HTTP/1.1" 404 6064
INFO 2025-08-01 13:08:51,732 autoreload 44296 139715646025984 /workspace/myapp/admin.py changed, reloading.
INFO 2025-08-01 13:08:52,226 autoreload 50129 140172596609280 Watching for file changes with StatReloader
INFO 2025-08-01 13:09:22,663 autoreload 50129 140172596609280 /workspace/myapp/forms.py changed, reloading.
INFO 2025-08-01 13:09:23,140 autoreload 50364 140293411143936 Watching for file changes with StatReloader
INFO 2025-08-01 13:09:36,163 basehttp 50364 140293026346688 "HEAD /admin/myapp/disponibilidadplato/1/change/ HTTP/1.1" 302 0
INFO 2025-08-01 13:10:08,737 autoreload 50364 140293411143936 /workspace/myapp/views.py changed, reloading.
INFO 2025-08-01 13:10:09,262 autoreload 50681 139654303424768 Watching for file changes with StatReloader
INFO 2025-08-01 13:10:35,761 autoreload 50681 139654303424768 /workspace/mysitio/urls.py changed, reloading.
INFO 2025-08-01 13:10:36,279 autoreload 50924 139740960555264 Watching for file changes with StatReloader
INFO 2025-08-01 13:10:40,731 basehttp 50924 139740575692480 "HEAD /admin_test/ HTTP/1.1" 200 0
INFO 2025-08-01 13:11:10,946 basehttp 50924 139740575692480 "HEAD /admin/ HTTP/1.1" 302 0
INFO 2025-08-01 13:11:10,953 basehttp 50924 139740566251200 "HEAD /admin/myapp/plato/add/ HTTP/1.1" 302 0
INFO 2025-08-01 13:11:10,960 basehttp 50924 139740557858496 "HEAD /admin/myapp/disponibilidadplato/1/change/ HTTP/1.1" 302 0
INFO 2025-08-01 13:11:10,966 basehttp 50924 139740549465792 "HEAD /admin/myapp/disponibilidadplato/ HTTP/1.1" 302 0
INFO 2025-08-01 13:14:05,657 basehttp 50924 139740549465792 "GET /admin/ HTTP/1.1" 302 0
INFO 2025-08-01 13:14:05,909 basehttp 50924 139740549465792 "GET /admin/login/?next=/admin/ HTTP/1.1" 200 17469
INFO 2025-08-01 13:14:06,232 basehttp 50924 139740557858496 "GET /static/admin/css/base.css HTTP/1.1" 304 0
INFO 2025-08-01 13:14:06,233 basehttp 50924 139740566251200 "GET /static/admin/css/dark_mode.css HTTP/1.1" 304 0
INFO 2025-08-01 13:14:06,327 basehttp 50924 139740549465792 "GET /static/admin/css/nav_sidebar.css HTTP/1.1" 304 0
INFO 2025-08-01 13:14:06,442 basehttp 50924 139740557858496 "GET /static/admin_interface/css/admin-interface.css?v=42345859042311fcac2b2a49c8b09d24faa4959d8a7aad5855e1c68c HTTP/1.1" 304 0
INFO 2025-08-01 13:14:06,443 basehttp 50924 139740566251200 "GET /static/admin_interface/css/changelist.css?v=42345859042311fcac2b2a49c8b09d24faa4959d8a7aad5855e1c68c HTTP/1.1" 304 0
INFO 2025-08-01 13:14:06,528 basehttp 50924 139740549465792 "GET /static/admin_interface/css/change-form.css?v=42345859042311fcac2b2a49c8b09d24faa4959d8a7aad5855e1c68c HTTP/1.1" 304 0
INFO 2025-08-01 13:14:06,667 basehttp 50924 139740557858496 "GET /static/admin_interface/css/jquery.ui.tabs.css?v=42345859042311fcac2b2a49c8b09d24faa4959d8a7aad5855e1c68c HTTP/1.1" 304 0
INFO 2025-08-01 13:14:06,668 basehttp 50924 139740566251200 "GET /static/admin_interface/css/inlines.css?v=42345859042311fcac2b2a49c8b09d24faa4959d8a7aad5855e1c68c HTTP/1.1" 304 0
INFO 2025-08-01 13:14:06,740 basehttp 50924 139740549465792 "GET /static/admin_interface/css/language-chooser.css?v=42345859042311fcac2b2a49c8b09d24faa4959d8a7aad5855e1c68c HTTP/1.1" 304 0
INFO 2025-08-01 13:14:06,881 basehttp 50924 139740566251200 "GET /static/admin_interface/css/list-filter.css?v=42345859042311fcac2b2a49c8b09d24faa4959d8a7aad5855e1c68c HTTP/1.1" 304 0
INFO 2025-08-01 13:14:06,915 basehttp 50924 139740557858496 "GET /static/admin_interface/css/list-filter-dropdown.css?v=42345859042311fcac2b2a49c8b09d24faa4959d8a7aad5855e1c68c HTTP/1.1" 304 0
INFO 2025-08-01 13:14:06,970 basehttp 50924 139740549465792 "GET /static/admin_interface/css/login.css?v=42345859042311fcac2b2a49c8b09d24faa4959d8a7aad5855e1c68c HTTP/1.1" 304 0
INFO 2025-08-01 13:14:07,103 basehttp 50924 139740566251200 "GET /static/admin_interface/css/modules.css?v=42345859042311fcac2b2a49c8b09d24faa4959d8a7aad5855e1c68c HTTP/1.1" 304 0
INFO 2025-08-01 13:14:07,125 basehttp 50924 139740557858496 "GET /static/admin_interface/css/nav-sidebar.css?v=42345859042311fcac2b2a49c8b09d24faa4959d8a7aad5855e1c68c HTTP/1.1" 304 0
INFO 2025-08-01 13:14:07,175 basehttp 50924 139740549465792 "GET /static/admin_interface/css/paginator.css?v=42345859042311fcac2b2a49c8b09d24faa4959d8a7aad5855e1c68c HTTP/1.1" 304 0
INFO 2025-08-01 13:14:07,322 basehttp 50924 139740566251200 "GET /static/admin_interface/css/object-tools.css?v=42345859042311fcac2b2a49c8b09d24faa4959d8a7aad5855e1c68c HTTP/1.1" 304 0
INFO 2025-08-01 13:14:07,339 basehttp 50924 139740557858496 "GET /static/admin_interface/css/rtl.css?v=42345859042311fcac2b2a49c8b09d24faa4959d8a7aad5855e1c68c HTTP/1.1" 304 0
INFO 2025-08-01 13:14:07,372 basehttp 50924 139740575692480 "GET /static/admin_interface/css/fieldsets.css?v=42345859042311fcac2b2a49c8b09d24faa4959d8a7aad5855e1c68c HTTP/1.1" 304 0
INFO 2025-08-01 13:14:07,376 basehttp 50924 139740549465792 "GET /static/admin_interface/css/sticky-form-controls.css?v=42345859042311fcac2b2a49c8b09d24faa4959d8a7aad5855e1c68c HTTP/1.1" 304 0
INFO 2025-08-01 13:14:07,394 basehttp 50924 139740540024512 "GET /static/admin_interface/css/header.css?v=42345859042311fcac2b2a49c8b09d24faa4959d8a7aad5855e1c68c HTTP/1.1" 304 0
INFO 2025-08-01 13:14:07,395 basehttp 50924 139740531631808 "GET /static/admin_interface/css/file-upload.css?v=42345859042311fcac2b2a49c8b09d24faa4959d8a7aad5855e1c68c HTTP/1.1" 304 0
INFO 2025-08-01 13:14:07,531 basehttp 50924 139740566251200 "GET /static/admin_interface/css/tabbed-changeform.css?v=42345859042311fcac2b2a49c8b09d24faa4959d8a7aad5855e1c68c HTTP/1.1" 304 0
INFO 2025-08-01 13:14:07,553 basehttp 50924 139740557858496 "GET /static/admin_interface/css/widgets.css?v=42345859042311fcac2b2a49c8b09d24faa4959d8a7aad5855e1c68c HTTP/1.1" 304 0
INFO 2025-08-01 13:14:07,578 basehttp 50924 139740575692480 "GET /static/admin_interface/css/third-party/ckeditor.css?v=42345859042311fcac2b2a49c8b09d24faa4959d8a7aad5855e1c68c HTTP/1.1" 304 0
INFO 2025-08-01 13:14:07,578 basehttp 50924 139740549465792 "GET /static/admin_interface/css/third-party/import-export.css?v=42345859042311fcac2b2a49c8b09d24faa4959d8a7aad5855e1c68c HTTP/1.1" 304 0
INFO 2025-08-01 13:14:07,603 basehttp 50924 139740540024512 "GET /static/admin_interface/css/third-party/json-widget.css?v=42345859042311fcac2b2a49c8b09d24faa4959d8a7aad5855e1c68c HTTP/1.1" 304 0
INFO 2025-08-01 13:14:07,607 basehttp 50924 139740531631808 "GET /static/admin_interface/css/third-party/modeltranslation.css?v=42345859042311fcac2b2a49c8b09d24faa4959d8a7aad5855e1c68c HTTP/1.1" 304 0
INFO 2025-08-01 13:14:07,742 basehttp 50924 139740566251200 "GET /static/admin_interface/css/third-party/rangefilter.css?v=42345859042311fcac2b2a49c8b09d24faa4959d8a7aad5855e1c68c HTTP/1.1" 304 0
INFO 2025-08-01 13:14:07,763 basehttp 50924 139740557858496 "GET /static/admin_interface/css/third-party/sorl-thumbnail.css?v=42345859042311fcac2b2a49c8b09d24faa4959d8a7aad5855e1c68c HTTP/1.1" 304 0
INFO 2025-08-01 13:14:07,789 basehttp 50924 139740549465792 "GET /static/admin_interface/css/third-party/streamfield.css?v=42345859042311fcac2b2a49c8b09d24faa4959d8a7aad5855e1c68c HTTP/1.1" 304 0
INFO 2025-08-01 13:14:07,792 basehttp 50924 139740575692480 "GET /static/admin_interface/css/third-party/tinymce.css?v=42345859042311fcac2b2a49c8b09d24faa4959d8a7aad5855e1c68c HTTP/1.1" 304 0
INFO 2025-08-01 13:14:07,811 basehttp 50924 139740540024512 "GET /static/admin/css/login.css HTTP/1.1" 304 0
INFO 2025-08-01 13:14:07,817 basehttp 50924 139740531631808 "GET /static/admin/css/responsive.css HTTP/1.1" 304 0
INFO 2025-08-01 13:14:07,962 basehttp 50924 139740566251200 "GET /static/admin/css/responsive.css?nocache=42345859042311fcac2b2a49c8b09d24faa4959d8a7aad5855e1c68c HTTP/1.1" 304 0
INFO 2025-08-01 13:14:07,980 basehttp 50924 139740557858496 "GET /static/admin/css/responsive_rtl.css?nocache=42345859042311fcac2b2a49c8b09d24faa4959d8a7aad5855e1c68c HTTP/1.1" 304 0
INFO 2025-08-01 13:14:07,999 basehttp 50924 139740549465792 "GET /static/admin_interface/foldable-apps/foldable-apps.css?nocache=42345859042311fcac2b2a49c8b09d24faa4959d8a7aad5855e1c68c HTTP/1.1" 304 0
INFO 2025-08-01 13:14:08,007 basehttp 50924 139740575692480 "GET /static/admin_interface/magnific-popup/magnific-popup.css?nocache=42345859042311fcac2b2a49c8b09d24faa4959d8a7aad5855e1c68c HTTP/1.1" 304 0
INFO 2025-08-01 13:14:08,023 basehttp 50924 139740540024512 "GET /static/admin_interface/related-modal/related-modal.css?v=42345859042311fcac2b2a49c8b09d24faa4959d8a7aad5855e1c68c HTTP/1.1" 304 0
INFO 2025-08-01 13:14:08,053 basehttp 50924 139740531631808 "GET /static/admin/js/theme.js HTTP/1.1" 304 0
INFO 2025-08-01 13:14:08,180 basehttp 50924 139740566251200 "GET /static/admin_interface/favico/favico-0.3.10-patched.min.js?nocache=42345859042311fcac2b2a49c8b09d24faa4959d8a7aad5855e1c68c HTTP/1.1" 304 0
INFO 2025-08-01 13:14:08,194 basehttp 50924 139740557858496 "GET /static/admin_interface/foldable-apps/foldable-apps.js?nocache=42345859042311fcac2b2a49c8b09d24faa4959d8a7aad5855e1c68c HTTP/1.1" 304 0
INFO 2025-08-01 13:14:08,209 basehttp 50924 139740549465792 "GET /static/admin_interface/magnific-popup/jquery.magnific-popup.js?nocache=42345859042311fcac2b2a49c8b09d24faa4959d8a7aad5855e1c68c HTTP/1.1" 304 0
INFO 2025-08-01 13:14:08,219 basehttp 50924 139740575692480 "GET /static/admin_interface/related-modal/related-modal.js?nocache=42345859042311fcac2b2a49c8b09d24faa4959d8a7aad5855e1c68c HTTP/1.1" 304 0
INFO 2025-08-01 13:14:08,247 basehttp 50924 139740540024512 "GET /media/admin-interface/logo/logo.flg.png HTTP/1.1" 304 0
INFO 2025-08-01 13:14:08,434 basehttp 50924 139740549465792 "GET /media/admin-interface/favicon/Imagen1-removebg-preview.png HTTP/1.1" 304 0
INFO 2025-08-01 13:14:08,436 basehttp 50924 139740575692480 "GET /static/admin/js/nav_sidebar.js HTTP/1.1" 304 0
INFO 2025-08-01 13:14:08,449 basehttp 50924 139740557858496 "GET /static/admin/img/icon-alert.svg HTTP/1.1" 200 504
INFO 2025-08-01 13:14:23,702 basehttp 50924 139740557858496 "POST /admin/login/?next=/admin/ HTTP/1.1" 302 0
INFO 2025-08-01 13:14:23,934 basehttp 50924 139740557858496 "GET /admin/ HTTP/1.1" 200 31077
INFO 2025-08-01 13:14:24,191 basehttp 50924 139740575692480 "GET /static/admin/css/dashboard.css HTTP/1.1" 304 0
INFO 2025-08-01 13:14:24,405 basehttp 50924 139740549465792 "GET /static/admin/img/icon-deletelink.svg HTTP/1.1" 200 392
INFO 2025-08-01 13:14:24,407 basehttp 50924 139740575692480 "GET /static/admin/img/icon-addlink.svg HTTP/1.1" 304 0
INFO 2025-08-01 13:14:24,409 basehttp 50924 139740557858496 "GET /static/admin/img/icon-changelink.svg HTTP/1.1" 304 0
INFO 2025-08-01 13:14:34,432 basehttp 50924 139740557858496 "GET /admin/myapp/disponibilidadplato/ HTTP/1.1" 200 43994
INFO 2025-08-01 13:14:34,701 basehttp 50924 139740549465792 "GET /static/admin/js/vendor/jquery/jquery.js HTTP/1.1" 304 0
INFO 2025-08-01 13:14:34,705 basehttp 50924 139740557858496 "GET /static/admin/css/changelists.css HTTP/1.1" 304 0
INFO 2025-08-01 13:14:34,707 basehttp 50924 139740531631808 "GET /static/admin/js/admin/RelatedObjectLookups.js HTTP/1.1" 304 0
INFO 2025-08-01 13:14:34,707 basehttp 50924 139740540024512 "GET /static/admin/js/jquery.init.js HTTP/1.1" 304 0
INFO 2025-08-01 13:14:34,709 basehttp 50924 139740575692480 "GET /admin/jsi18n/ HTTP/1.1" 200 8691
INFO 2025-08-01 13:14:34,709 basehttp 50924 139740566251200 "GET /static/admin/js/core.js HTTP/1.1" 304 0
INFO 2025-08-01 13:14:34,908 basehttp 50924 139740549465792 "GET /static/admin/js/actions.js HTTP/1.1" 304 0
INFO 2025-08-01 13:14:34,921 basehttp 50924 139740540024512 "GET /static/admin/js/urlify.js HTTP/1.1" 304 0
INFO 2025-08-01 13:14:34,922 basehttp 50924 139740557858496 "GET /static/admin/js/prepopulate.js HTTP/1.1" 304 0
INFO 2025-08-01 13:14:34,931 basehttp 50924 139740531631808 "GET /static/admin/js/vendor/xregexp/xregexp.js HTTP/1.1" 304 0
INFO 2025-08-01 13:14:34,937 basehttp 50924 139740575692480 "GET /static/admin/img/search.svg HTTP/1.1" 304 0
INFO 2025-08-01 13:14:35,153 basehttp 50924 139740575692480 "GET /static/admin/js/filters.js HTTP/1.1" 304 0
INFO 2025-08-01 13:14:35,178 basehttp 50924 139740531631808 "GET /static/admin/img/tooltag-add.svg HTTP/1.1" 304 0
INFO 2025-08-01 13:14:39,175 basehttp 50924 139740531631808 "GET /admin/myapp/disponibilidadplato/25/change/ HTTP/1.1" 200 31121
INFO 2025-08-01 13:14:39,615 basehttp 50924 139740557858496 "GET /static/admin/js/prepopulate_init.js HTTP/1.1" 304 0
INFO 2025-08-01 13:14:39,616 basehttp 50924 139740531631808 "GET /static/admin/css/forms.css HTTP/1.1" 304 0
INFO 2025-08-01 13:14:39,618 basehttp 50924 139740575692480 "GET /admin/jsi18n/ HTTP/1.1" 200 8691
INFO 2025-08-01 13:14:39,832 basehttp 50924 139740575692480 "GET /static/admin/img/icon-viewlink.svg HTTP/1.1" 304 0
INFO 2025-08-01 13:14:39,833 basehttp 50924 139740531631808 "GET /static/admin/css/widgets.css HTTP/1.1" 304 0
INFO 2025-08-01 13:14:40,049 basehttp 50924 139740531631808 "GET /static/admin/js/change_form.js HTTP/1.1" 304 0
INFO 2025-08-01 13:14:43,547 basehttp 50924 139740531631808 "GET /admin/myapp/plato/5/change/?_to_field=id&_popup=1&_modal=448795 HTTP/1.1" 200 31061
WARNING 2025-08-01 13:14:58,873 log 50924 139740531631808 Not Found: /.well-known/appspecific/com.chrome.devtools.json
WARNING 2025-08-01 13:14:58,873 basehttp 50924 139740531631808 "GET /.well-known/appspecific/com.chrome.devtools.json HTTP/1.1" 404 6237
INFO 2025-08-01 13:16:15,155 basehttp 50924 139740531631808 "GET /admin/myapp/plato/5/change/?_to_field=id&_popup=1&_modal=87369 HTTP/1.1" 200 31061
INFO 2025-08-01 13:16:44,789 basehttp 50924 139740531631808 "GET /admin/admin_interface/theme/ HTTP/1.1" 200 30208
INFO 2025-08-01 13:16:45,141 basehttp 50924 139740531631808 "GET /admin/jsi18n/ HTTP/1.1" 200 8691
INFO 2025-08-01 13:16:45,157 basehttp 50924 139740575692480 "GET /media/admin-interface/logo/logo.flg.png HTTP/1.1" 304 0
INFO 2025-08-01 13:16:45,372 basehttp 50924 139740575692480 "GET /media/admin-interface/favicon/Imagen1-removebg-preview.png HTTP/1.1" 304 0
INFO 2025-08-01 13:16:46,511 basehttp 50924 139740575692480 "GET /admin/admin_interface/theme/2/change/ HTTP/1.1" 200 78942
INFO 2025-08-01 13:16:46,844 basehttp 50924 139740557858496 "GET /static/colorfield/jscolor/jscolor.js HTTP/1.1" 304 0
INFO 2025-08-01 13:16:46,844 basehttp 50924 139740540024512 "GET /static/colorfield/colorfield.js HTTP/1.1" 304 0
INFO 2025-08-01 13:16:46,846 basehttp 50924 139740531631808 "GET /admin/jsi18n/ HTTP/1.1" 200 8691
INFO 2025-08-01 13:17:25,062 autoreload 50924 139740960555264 /workspace/myapp/forms.py changed, reloading.
INFO 2025-08-01 13:17:25,599 autoreload 53780 139939044458752 Watching for file changes with StatReloader
INFO 2025-08-01 13:17:36,887 autoreload 53780 139939044458752 /workspace/myapp/admin.py changed, reloading.
INFO 2025-08-01 13:17:37,376 autoreload 53867 140395348574464 Watching for file changes with StatReloader
INFO 2025-08-01 13:18:30,624 autoreload 54425 139972098384128 Watching for file changes with StatReloader
INFO 2025-08-01 13:18:31,412 basehttp 54425 139971700713152 "POST /admin/admin_interface/theme/2/change/ HTTP/1.1" 302 0
INFO 2025-08-01 13:18:31,674 basehttp 54425 139971700713152 "GET /admin/admin_interface/theme/add/ HTTP/1.1" 200 78148
INFO 2025-08-01 13:18:32,103 basehttp 54425 139971709105856 "GET /admin/jsi18n/ HTTP/1.1" 200 8691
INFO 2025-08-01 13:18:32,327 basehttp 54425 139971709105856 "GET /static/admin/img/icon-yes.svg HTTP/1.1" 304 0
INFO 2025-08-01 13:18:38,130 basehttp 54425 139971683927744 "HEAD /admin/myapp/disponibilidadplato/1/change/ HTTP/1.1" 302 0
INFO 2025-08-01 13:18:38,137 basehttp 54425 139971675535040 "HEAD /admin/myapp/disponibilidadplato/add/ HTTP/1.1" 302 0
INFO 2025-08-01 13:18:38,143 basehttp 54425 139971667142336 "HEAD /admin/myapp/disponibilidadplato/ HTTP/1.1" 302 0
INFO 2025-08-01 13:18:48,716 basehttp 54425 139971709105856 "GET /admin/admin_interface/theme/ HTTP/1.1" 200 30154
INFO 2025-08-01 13:18:49,051 basehttp 54425 139971700713152 "GET /admin/jsi18n/ HTTP/1.1" 200 8691
INFO 2025-08-01 13:18:50,350 basehttp 54425 139971700713152 "GET /admin/admin_interface/theme/2/change/ HTTP/1.1" 200 78888
INFO 2025-08-01 13:18:50,605 basehttp 54425 139971709105856 "GET /admin/jsi18n/ HTTP/1.1" 200 8691
INFO 2025-08-01 13:19:06,961 basehttp 54425 139971667142336 "HEAD /admin/myapp/disponibilidadplato/28/change/ HTTP/1.1" 302 0
INFO 2025-08-01 13:19:11,278 basehttp 54425 139971709105856 "POST /admin/admin_interface/theme/2/change/ HTTP/1.1" 302 0
INFO 2025-08-01 13:19:11,501 basehttp 54425 139971709105856 "GET /admin/admin_interface/theme/ HTTP/1.1" 200 30373
INFO 2025-08-01 13:19:11,760 basehttp 54425 139971709105856 "GET /admin/jsi18n/ HTTP/1.1" 200 8691
INFO 2025-08-01 13:19:17,069 basehttp 54425 139971709105856 "GET /admin/admin_interface/theme/2/change/ HTTP/1.1" 200 78888
INFO 2025-08-01 13:19:17,354 basehttp 54425 139971700713152 "GET /admin/jsi18n/ HTTP/1.1" 200 8691
INFO 2025-08-01 13:20:08,627 basehttp 54425 139971692320448 "POST /admin/admin_interface/theme/2/change/ HTTP/1.1" 302 0
INFO 2025-08-01 13:20:08,849 basehttp 54425 139971692320448 "GET /admin/admin_interface/theme/ HTTP/1.1" 200 30373
INFO 2025-08-01 13:20:09,271 basehttp 54425 139971692320448 "GET /admin/jsi18n/ HTTP/1.1" 200 8691
INFO 2025-08-01 13:20:09,271 basehttp 54425 139971709105856 "GET /media/admin-interface/logo/logo.flg.png HTTP/1.1" 304 0
INFO 2025-08-01 13:20:09,501 basehttp 54425 139971692320448 "GET /media/admin-interface/favicon/Imagen1-removebg-preview.png HTTP/1.1" 304 0
INFO 2025-08-01 13:20:15,380 basehttp 54425 139971692320448 "GET /admin/ HTTP/1.1" 200 32139
INFO 2025-08-01 13:20:28,524 basehttp 54425 139971692320448 "POST /admin/logout/ HTTP/1.1" 302 0
INFO 2025-08-01 13:20:28,858 basehttp 54425 139971692320448 "GET / HTTP/1.1" 200 3314
INFO 2025-08-01 13:20:29,095 basehttp 54425 139971692320448 "GET /static/estilo.css HTTP/1.1" 304 0
INFO 2025-08-01 13:20:29,097 basehttp 54425 139971709105856 "GET /static/img/logo.flg.png HTTP/1.1" 304 0
INFO 2025-08-01 13:20:29,098 basehttp 54425 139971700713152 "GET /static/img/tutorial-step-1.png HTTP/1.1" 304 0
INFO 2025-08-01 13:20:29,302 basehttp 54425 139971692320448 "GET /static/img/footer-dsk.jpg HTTP/1.1" 304 0
INFO 2025-08-01 13:20:29,308 basehttp 54425 139971709105856 "GET /static/img/tutorial-step-3.png HTTP/1.1" 304 0
INFO 2025-08-01 13:20:29,311 basehttp 54425 139971700713152 "GET /static/img/tutorial-step-2.png HTTP/1.1" 304 0
INFO 2025-08-01 13:20:30,222 basehttp 54425 139971667142336 "GET /static/img/tutorial-step-4.png HTTP/1.1" 304 0
WARNING 2025-08-01 13:20:30,232 basehttp 54425 139971675535040 "GET /static/img/menu-label.png HTTP/1.1" 404 1868
INFO 2025-08-01 13:20:39,424 basehttp 54425 139971667142336 "GET /admin/ HTTP/1.1" 302 0
INFO 2025-08-01 13:20:39,640 basehttp 54425 139971667142336 "GET /admin/login/?next=/admin/ HTTP/1.1" 200 17126
INFO 2025-08-01 13:21:00,506 basehttp 54425 139971667142336 "POST /admin/login/?next=/admin/ HTTP/1.1" 302 0
INFO 2025-08-01 13:21:00,938 basehttp 54425 139971667142336 "GET /admin/ HTTP/1.1" 200 32139
INFO 2025-08-01 13:21:05,327 basehttp 54425 139971667142336 "GET /admin/myapp/disponibilidadplato/ HTTP/1.1" 200 45585
INFO 2025-08-01 13:21:05,579 basehttp 54425 139971667142336 "GET /admin/jsi18n/ HTTP/1.1" 200 8691
INFO 2025-08-01 13:21:05,853 basehttp 54425 139971667142336 "GET /static/admin/img/sorting-icons.svg HTTP/1.1" 304 0
INFO 2025-08-01 13:21:26,502 basehttp 54425 139971667142336 "POST /admin/myapp/disponibilidadplato/ HTTP/1.1" 302 0
INFO 2025-08-01 13:21:26,769 basehttp 54425 139971667142336 "GET /admin/myapp/disponibilidadplato/ HTTP/1.1" 200 48997
INFO 2025-08-01 13:21:27,142 basehttp 54425 139971667142336 "GET /admin/jsi18n/ HTTP/1.1" 200 8691
INFO 2025-08-01 13:21:31,959 basehttp 54425 139971667142336 "GET /admin/myapp/plato/ HTTP/1.1" 200 35201
INFO 2025-08-01 13:21:32,488 basehttp 54425 139971667142336 "GET /admin/jsi18n/ HTTP/1.1" 200 8691
INFO 2025-08-01 13:21:32,492 basehttp 54425 139971709105856 "GET /media/platos/salmon_plancha.jpg HTTP/1.1" 304 0
INFO 2025-08-01 13:21:32,493 basehttp 54425 139971700713152 "GET /media/platos/crema_de_coliflor.png HTTP/1.1" 304 0
INFO 2025-08-01 13:21:32,705 basehttp 54425 139971667142336 "GET /media/platos/ensalada_cesar.jpg HTTP/1.1" 304 0
INFO 2025-08-01 13:21:32,728 basehttp 54425 139971692320448 "GET /media/platos/paella_valenciana.jpg HTTP/1.1" 304 0
INFO 2025-08-01 13:21:32,730 basehttp 54425 139971700713152 "GET /media/platos/pollo_ajillo.jpg HTTP/1.1" 304 0
INFO 2025-08-01 13:21:32,730 basehttp 54425 139971709105856 "GET /media/platos/tortilla_espanola.jpg HTTP/1.1" 304 0
INFO 2025-08-01 13:21:39,744 basehttp 54425 139971700713152 "GET /admin/myapp/plato/5/change/ HTTP/1.1" 200 41747
INFO 2025-08-01 13:21:40,196 basehttp 54425 139971709105856 "GET /admin/jsi18n/ HTTP/1.1" 200 8691
INFO 2025-08-01 13:21:47,712 basehttp 54425 139971709105856 "GET /admin/myapp/cliente/ HTTP/1.1" 200 37433
INFO 2025-08-01 13:21:48,020 basehttp 54425 139971700713152 "GET /admin/jsi18n/ HTTP/1.1" 200 8691
INFO 2025-08-01 13:21:48,185 basehttp 54425 139971709105856 "GET /static/admin/img/icon-no.svg HTTP/1.1" 304 0
INFO 2025-08-01 13:21:49,592 basehttp 54425 139971709105856 "GET /admin/myapp/disponibilidadplato/ HTTP/1.1" 200 48857
INFO 2025-08-01 13:21:49,954 basehttp 54425 139971709105856 "GET /admin/jsi18n/ HTTP/1.1" 200 8691
INFO 2025-08-01 13:21:58,948 basehttp 54425 139971709105856 "GET /admin/myapp/disponibilidadplato/?q=crema HTTP/1.1" 200 36741
INFO 2025-08-01 13:21:59,295 basehttp 54425 139971709105856 "GET /admin/jsi18n/ HTTP/1.1" 200 8691
INFO 2025-08-01 13:22:14,111 basehttp 54425 139971709105856 "GET /admin/myapp/disponibilidadplato/add/?_changelist_filters=q%3Dcrema HTTP/1.1" 200 33306
INFO 2025-08-01 13:22:14,395 basehttp 54425 139971709105856 "GET /admin/jsi18n/ HTTP/1.1" 200 8691
INFO 2025-08-01 13:22:21,697 basehttp 54425 139971709105856 "GET /admin/myapp/plato/7/change/?_to_field=id&_popup=1&_modal=329864 HTTP/1.1" 200 31090
INFO 2025-08-01 13:22:26,171 basehttp 54425 139971709105856 "GET /admin/ HTTP/1.1" 200 32139
INFO 2025-08-01 13:23:46,807 basehttp 54425 139971683927744 "GET /admin/myapp/disponibilidadplato/ HTTP/1.1" 302 0
INFO 2025-08-01 13:24:03,115 autoreload 54425 139972098384128 /workspace/myapp/admin.py changed, reloading.
INFO 2025-08-01 13:24:03,612 autoreload 57106 140596525846784 Watching for file changes with StatReloader
INFO 2025-08-01 13:24:30,057 autoreload 57106 140596525846784 /workspace/myapp/views.py changed, reloading.
INFO 2025-08-01 13:24:30,547 autoreload 57338 139799594275072 Watching for file changes with StatReloader
INFO 2025-08-01 13:25:02,044 autoreload 57338 139799594275072 /workspace/mysitio/urls.py changed, reloading.
INFO 2025-08-01 13:25:02,541 autoreload 57595 140220039758080 Watching for file changes with StatReloader
INFO 2025-08-01 13:25:06,283 basehttp 57595 140219722618560 "HEAD /test_admin_links/ HTTP/1.1" 200 0
INFO 2025-08-01 13:25:14,263 basehttp 57595 140219722618560 "GET /test_admin_links/ HTTP/1.1" 200 12653
INFO 2025-08-01 13:25:35,158 basehttp 57595 140219713177280 "HEAD /admin/myapp/disponibilidadplato/1/change/ HTTP/1.1" 302 0
INFO 2025-08-01 13:35:43,537 autoreload 57595 140220039758080 /workspace/mysitio/settings.py changed, reloading.
INFO 2025-08-01 13:35:44,066 autoreload 61868 139687166443776 Watching for file changes with StatReloader
INFO 2025-08-01 13:36:31,224 autoreload 62105 139663517384960 Watching for file changes with StatReloader
INFO 2025-08-01 13:36:35,281 basehttp 62105 139663133112000 "HEAD /admin/ HTTP/1.1" 302 0
INFO 2025-08-01 13:36:40,609 basehttp 62105 139663133112000 "GET /admin/ HTTP/1.1" 302 0
INFO 2025-08-01 13:36:50,685 autoreload 62105 139663517384960 /workspace/myapp/views.py changed, reloading.
INFO 2025-08-01 13:36:51,140 autoreload 62377 140377037967616 Watching for file changes with StatReloader
INFO 2025-08-01 13:38:28,358 autoreload 62377 140377037967616 /workspace/mysitio/urls.py changed, reloading.
INFO 2025-08-01 13:38:28,818 autoreload 63070 140364813758720 Watching for file changes with StatReloader
INFO 2025-08-01 13:38:32,546 basehttp 63070 140364429129408 "HEAD /design_demo/ HTTP/1.1" 200 0
ERROR 2025-08-01 13:42:13,462 log 63070 140364429129408 Internal Server Error: /admin/
Traceback (most recent call last):
  File "/home/ubuntu/.local/lib/python3.13/site-packages/django/template/base.py", line 891, in _resolve_lookup
    current = current[bit]
              ~~~~~~~^^^^^
KeyError: 'label'

During handling of the above exception, another exception occurred:

Traceback (most recent call last):
  File "/home/ubuntu/.local/lib/python3.13/site-packages/django/template/base.py", line 901, in _resolve_lookup
    current = getattr(current, bit)
AttributeError: 'dict' object has no attribute 'label'

During handling of the above exception, another exception occurred:

Traceback (most recent call last):
  File "/home/ubuntu/.local/lib/python3.13/site-packages/django/template/base.py", line 907, in _resolve_lookup
    current = current[int(bit)]
                      ~~~^^^^^
ValueError: invalid literal for int() with base 10: 'label'

During handling of the above exception, another exception occurred:

Traceback (most recent call last):
  File "/home/ubuntu/.local/lib/python3.13/site-packages/django/core/handlers/exception.py", line 55, in inner
    response = get_response(request)
  File "/home/ubuntu/.local/lib/python3.13/site-packages/django/core/handlers/base.py", line 220, in _get_response
    response = response.render()
  File "/home/ubuntu/.local/lib/python3.13/site-packages/django/template/response.py", line 114, in render
    self.content = self.rendered_content
                   ^^^^^^^^^^^^^^^^^^^^^
  File "/home/ubuntu/.local/lib/python3.13/site-packages/django/template/response.py", line 92, in rendered_content
    return template.render(context, self._request)
           ~~~~~~~~~~~~~~~^^^^^^^^^^^^^^^^^^^^^^^^
  File "/home/ubuntu/.local/lib/python3.13/site-packages/django/template/backends/django.py", line 107, in render
    return self.template.render(context)
           ~~~~~~~~~~~~~~~~~~~~^^^^^^^^^
  File "/home/ubuntu/.local/lib/python3.13/site-packages/django/template/base.py", line 171, in render
    return self._render(context)
           ~~~~~~~~~~~~^^^^^^^^^
  File "/home/ubuntu/.local/lib/python3.13/site-packages/django/template/base.py", line 163, in _render
    return self.nodelist.render(context)
           ~~~~~~~~~~~~~~~~~~~~^^^^^^^^^
  File "/home/ubuntu/.local/lib/python3.13/site-packages/django/template/base.py", line 1016, in render
    return SafeString("".join([node.render_annotated(context) for node in self]))
                               ~~~~~~~~~~~~~~~~~~~~~^^^^^^^^^
  File "/home/ubuntu/.local/lib/python3.13/site-packages/django/template/base.py", line 977, in render_annotated
    return self.render(context)
           ~~~~~~~~~~~^^^^^^^^^
  File "/home/ubuntu/.local/lib/python3.13/site-packages/django/template/loader_tags.py", line 159, in render
    return compiled_parent._render(context)
           ~~~~~~~~~~~~~~~~~~~~~~~^^^^^^^^^
  File "/home/ubuntu/.local/lib/python3.13/site-packages/django/template/base.py", line 163, in _render
    return self.nodelist.render(context)
           ~~~~~~~~~~~~~~~~~~~~^^^^^^^^^
  File "/home/ubuntu/.local/lib/python3.13/site-packages/django/template/base.py", line 1016, in render
    return SafeString("".join([node.render_annotated(context) for node in self]))
                               ~~~~~~~~~~~~~~~~~~~~~^^^^^^^^^
  File "/home/ubuntu/.local/lib/python3.13/site-packages/django/template/base.py", line 977, in render_annotated
    return self.render(context)
           ~~~~~~~~~~~^^^^^^^^^
  File "/home/ubuntu/.local/lib/python3.13/site-packages/django/template/loader_tags.py", line 159, in render
    return compiled_parent._render(context)
           ~~~~~~~~~~~~~~~~~~~~~~~^^^^^^^^^
  File "/home/ubuntu/.local/lib/python3.13/site-packages/django/template/base.py", line 163, in _render
    return self.nodelist.render(context)
           ~~~~~~~~~~~~~~~~~~~~^^^^^^^^^
  File "/home/ubuntu/.local/lib/python3.13/site-packages/django/template/base.py", line 1016, in render
    return SafeString("".join([node.render_annotated(context) for node in self]))
                               ~~~~~~~~~~~~~~~~~~~~~^^^^^^^^^
  File "/home/ubuntu/.local/lib/python3.13/site-packages/django/template/base.py", line 977, in render_annotated
    return self.render(context)
           ~~~~~~~~~~~^^^^^^^^^
  File "/home/ubuntu/.local/lib/python3.13/site-packages/django/template/loader_tags.py", line 65, in render
    result = block.nodelist.render(context)
  File "/home/ubuntu/.local/lib/python3.13/site-packages/django/template/base.py", line 1016, in render
    return SafeString("".join([node.render_annotated(context) for node in self]))
                               ~~~~~~~~~~~~~~~~~~~~~^^^^^^^^^
  File "/home/ubuntu/.local/lib/python3.13/site-packages/django/template/base.py", line 977, in render_annotated
    return self.render(context)
           ~~~~~~~~~~~^^^^^^^^^
  File "/home/ubuntu/.local/lib/python3.13/site-packages/django/template/defaulttags.py", line 327, in render
    return nodelist.render(context)
           ~~~~~~~~~~~~~~~^^^^^^^^^
  File "/home/ubuntu/.local/lib/python3.13/site-packages/django/template/base.py", line 1016, in render
    return SafeString("".join([node.render_annotated(context) for node in self]))
                               ~~~~~~~~~~~~~~~~~~~~~^^^^^^^^^
  File "/home/ubuntu/.local/lib/python3.13/site-packages/django/template/base.py", line 977, in render_annotated
    return self.render(context)
           ~~~~~~~~~~~^^^^^^^^^
  File "/home/ubuntu/.local/lib/python3.13/site-packages/django/template/defaulttags.py", line 243, in render
    nodelist.append(node.render_annotated(context))
                    ~~~~~~~~~~~~~~~~~~~~~^^^^^^^^^
  File "/home/ubuntu/.local/lib/python3.13/site-packages/django/template/base.py", line 977, in render_annotated
    return self.render(context)
           ~~~~~~~~~~~^^^^^^^^^
  File "/home/ubuntu/.local/lib/python3.13/site-packages/django/template/defaulttags.py", line 327, in render
    return nodelist.render(context)
           ~~~~~~~~~~~~~~~^^^^^^^^^
  File "/home/ubuntu/.local/lib/python3.13/site-packages/django/template/base.py", line 1016, in render
    return SafeString("".join([node.render_annotated(context) for node in self]))
                               ~~~~~~~~~~~~~~~~~~~~~^^^^^^^^^
  File "/home/ubuntu/.local/lib/python3.13/site-packages/django/template/base.py", line 977, in render_annotated
    return self.render(context)
           ~~~~~~~~~~~^^^^^^^^^
  File "/home/ubuntu/.local/lib/python3.13/site-packages/django/template/base.py", line 1075, in render
    output = self.filter_expression.resolve(context)
  File "/home/ubuntu/.local/lib/python3.13/site-packages/django/template/base.py", line 743, in resolve
    arg_vals.append(arg.resolve(context))
                    ~~~~~~~~~~~^^^^^^^^^
  File "/home/ubuntu/.local/lib/python3.13/site-packages/django/template/base.py", line 854, in resolve
    value = self._resolve_lookup(context)
  File "/home/ubuntu/.local/lib/python3.13/site-packages/django/template/base.py", line 914, in _resolve_lookup
    raise VariableDoesNotExist(
    ^^^^^^^^^^^^^^^^^^^^^^^^^^^
    ...<2 lines>...
    )  # missing attribute
    ^
django.template.base.VariableDoesNotExist: Failed lookup for key [label] in {'name': 'Autenticación y autorización', 'app_label': 'auth', 'app_url': '/admin/auth/', 'has_module_perms': True, 'models': [{'model': <class 'django.contrib.auth.models.Group'>, 'name': 'Grupos', 'object_name': 'Group', 'perms': {'add': True, 'change': True, 'delete': True, 'view': True}, 'admin_url': '/admin/auth/group/', 'add_url': '/admin/auth/group/add/', 'view_only': False}, {'model': <class 'django.contrib.auth.models.User'>, 'name': 'Usuarios', 'object_name': 'User', 'perms': {'add': True, 'change': True, 'delete': True, 'view': True}, 'admin_url': '/admin/auth/user/', 'add_url': '/admin/auth/user/add/', 'view_only': False}]}
ERROR 2025-08-01 13:42:13,466 basehttp 63070 140364429129408 "GET /admin/ HTTP/1.1" 500 476615
INFO 2025-08-01 13:42:24,788 basehttp 63070 140364429129408 "GET / HTTP/1.1" 200 3314
INFO 2025-08-01 13:42:25,292 basehttp 63070 140364410246848 "GET /static/img/tutorial-step-1.png HTTP/1.1" 304 0
INFO 2025-08-01 13:42:25,294 basehttp 63070 140364429129408 "GET /static/estilo.css HTTP/1.1" 304 0
INFO 2025-08-01 13:42:25,294 basehttp 63070 140364419688128 "GET /static/img/logo.flg.png HTTP/1.1" 304 0
WARNING 2025-08-01 13:42:26,987 basehttp 63070 140364429129408 "GET /static/img/menu-label.png HTTP/1.1" 404 1868
INFO 2025-08-01 13:42:26,988 basehttp 63070 140364419688128 "GET /static/img/footer-dsk.jpg HTTP/1.1" 304 0
INFO 2025-08-01 13:42:27,242 basehttp 63070 140364410246848 "GET /signin/ HTTP/1.1" 200 1605
INFO 2025-08-01 13:42:29,891 basehttp 63070 140364429129408 "GET /static/img/tutorial-step-3.png HTTP/1.1" 304 0
INFO 2025-08-01 13:42:30,050 basehttp 63070 140364401854144 "GET /static/img/tutorial-step-4.png HTTP/1.1" 304 0
INFO 2025-08-01 13:42:30,138 basehttp 63070 140364393461440 "GET /static/img/tutorial-step-2.png HTTP/1.1" 304 0
ERROR 2025-08-01 13:42:32,650 log 63070 140364393461440 Internal Server Error: /admin/
Traceback (most recent call last):
  File "/home/ubuntu/.local/lib/python3.13/site-packages/django/template/base.py", line 891, in _resolve_lookup
    current = current[bit]
              ~~~~~~~^^^^^
KeyError: 'label'

During handling of the above exception, another exception occurred:

Traceback (most recent call last):
  File "/home/ubuntu/.local/lib/python3.13/site-packages/django/template/base.py", line 901, in _resolve_lookup
    current = getattr(current, bit)
AttributeError: 'dict' object has no attribute 'label'

During handling of the above exception, another exception occurred:

Traceback (most recent call last):
  File "/home/ubuntu/.local/lib/python3.13/site-packages/django/template/base.py", line 907, in _resolve_lookup
    current = current[int(bit)]
                      ~~~^^^^^
ValueError: invalid literal for int() with base 10: 'label'

During handling of the above exception, another exception occurred:

Traceback (most recent call last):
  File "/home/ubuntu/.local/lib/python3.13/site-packages/django/core/handlers/exception.py", line 55, in inner
    response = get_response(request)
  File "/home/ubuntu/.local/lib/python3.13/site-packages/django/core/handlers/base.py", line 220, in _get_response
    response = response.render()
  File "/home/ubuntu/.local/lib/python3.13/site-packages/django/template/response.py", line 114, in render
    self.content = self.rendered_content
                   ^^^^^^^^^^^^^^^^^^^^^
  File "/home/ubuntu/.local/lib/python3.13/site-packages/django/template/response.py", line 92, in rendered_content
    return template.render(context, self._request)
           ~~~~~~~~~~~~~~~^^^^^^^^^^^^^^^^^^^^^^^^
  File "/home/ubuntu/.local/lib/python3.13/site-packages/django/template/backends/django.py", line 107, in render
    return self.template.render(context)
           ~~~~~~~~~~~~~~~~~~~~^^^^^^^^^
  File "/home/ubuntu/.local/lib/python3.13/site-packages/django/template/base.py", line 171, in render
    return self._render(context)
           ~~~~~~~~~~~~^^^^^^^^^
  File "/home/ubuntu/.local/lib/python3.13/site-packages/django/template/base.py", line 163, in _render
    return self.nodelist.render(context)
           ~~~~~~~~~~~~~~~~~~~~^^^^^^^^^
  File "/home/ubuntu/.local/lib/python3.13/site-packages/django/template/base.py", line 1016, in render
    return SafeString("".join([node.render_annotated(context) for node in self]))
                               ~~~~~~~~~~~~~~~~~~~~~^^^^^^^^^
  File "/home/ubuntu/.local/lib/python3.13/site-packages/django/template/base.py", line 977, in render_annotated
    return self.render(context)
           ~~~~~~~~~~~^^^^^^^^^
  File "/home/ubuntu/.local/lib/python3.13/site-packages/django/template/loader_tags.py", line 159, in render
    return compiled_parent._render(context)
           ~~~~~~~~~~~~~~~~~~~~~~~^^^^^^^^^
  File "/home/ubuntu/.local/lib/python3.13/site-packages/django/template/base.py", line 163, in _render
    return self.nodelist.render(context)
           ~~~~~~~~~~~~~~~~~~~~^^^^^^^^^
  File "/home/ubuntu/.local/lib/python3.13/site-packages/django/template/base.py", line 1016, in render
    return SafeString("".join([node.render_annotated(context) for node in self]))
                               ~~~~~~~~~~~~~~~~~~~~~^^^^^^^^^
  File "/home/ubuntu/.local/lib/python3.13/site-packages/django/template/base.py", line 977, in render_annotated
    return self.render(context)
           ~~~~~~~~~~~^^^^^^^^^
  File "/home/ubuntu/.local/lib/python3.13/site-packages/django/template/loader_tags.py", line 159, in render
    return compiled_parent._render(context)
           ~~~~~~~~~~~~~~~~~~~~~~~^^^^^^^^^
  File "/home/ubuntu/.local/lib/python3.13/site-packages/django/template/base.py", line 163, in _render
    return self.nodelist.render(context)
           ~~~~~~~~~~~~~~~~~~~~^^^^^^^^^
  File "/home/ubuntu/.local/lib/python3.13/site-packages/django/template/base.py", line 1016, in render
    return SafeString("".join([node.render_annotated(context) for node in self]))
                               ~~~~~~~~~~~~~~~~~~~~~^^^^^^^^^
  File "/home/ubuntu/.local/lib/python3.13/site-packages/django/template/base.py", line 977, in render_annotated
    return self.render(context)
           ~~~~~~~~~~~^^^^^^^^^
  File "/home/ubuntu/.local/lib/python3.13/site-packages/django/template/loader_tags.py", line 65, in render
    result = block.nodelist.render(context)
  File "/home/ubuntu/.local/lib/python3.13/site-packages/django/template/base.py", line 1016, in render
    return SafeString("".join([node.render_annotated(context) for node in self]))
                               ~~~~~~~~~~~~~~~~~~~~~^^^^^^^^^
  File "/home/ubuntu/.local/lib/python3.13/site-packages/django/template/base.py", line 977, in render_annotated
    return self.render(context)
           ~~~~~~~~~~~^^^^^^^^^
  File "/home/ubuntu/.local/lib/python3.13/site-packages/django/template/defaulttags.py", line 327, in render
    return nodelist.render(context)
           ~~~~~~~~~~~~~~~^^^^^^^^^
  File "/home/ubuntu/.local/lib/python3.13/site-packages/django/template/base.py", line 1016, in render
    return SafeString("".join([node.render_annotated(context) for node in self]))
                               ~~~~~~~~~~~~~~~~~~~~~^^^^^^^^^
  File "/home/ubuntu/.local/lib/python3.13/site-packages/django/template/base.py", line 977, in render_annotated
    return self.render(context)
           ~~~~~~~~~~~^^^^^^^^^
  File "/home/ubuntu/.local/lib/python3.13/site-packages/django/template/defaulttags.py", line 243, in render
    nodelist.append(node.render_annotated(context))
                    ~~~~~~~~~~~~~~~~~~~~~^^^^^^^^^
  File "/home/ubuntu/.local/lib/python3.13/site-packages/django/template/base.py", line 977, in render_annotated
    return self.render(context)
           ~~~~~~~~~~~^^^^^^^^^
  File "/home/ubuntu/.local/lib/python3.13/site-packages/django/template/defaulttags.py", line 327, in render
    return nodelist.render(context)
           ~~~~~~~~~~~~~~~^^^^^^^^^
  File "/home/ubuntu/.local/lib/python3.13/site-packages/django/template/base.py", line 1016, in render
    return SafeString("".join([node.render_annotated(context) for node in self]))
                               ~~~~~~~~~~~~~~~~~~~~~^^^^^^^^^
  File "/home/ubuntu/.local/lib/python3.13/site-packages/django/template/base.py", line 977, in render_annotated
    return self.render(context)
           ~~~~~~~~~~~^^^^^^^^^
  File "/home/ubuntu/.local/lib/python3.13/site-packages/django/template/base.py", line 1075, in render
    output = self.filter_expression.resolve(context)
  File "/home/ubuntu/.local/lib/python3.13/site-packages/django/template/base.py", line 743, in resolve
    arg_vals.append(arg.resolve(context))
                    ~~~~~~~~~~~^^^^^^^^^
  File "/home/ubuntu/.local/lib/python3.13/site-packages/django/template/base.py", line 854, in resolve
    value = self._resolve_lookup(context)
  File "/home/ubuntu/.local/lib/python3.13/site-packages/django/template/base.py", line 914, in _resolve_lookup
    raise VariableDoesNotExist(
    ^^^^^^^^^^^^^^^^^^^^^^^^^^^
    ...<2 lines>...
    )  # missing attribute
    ^
django.template.base.VariableDoesNotExist: Failed lookup for key [label] in {'name': 'Autenticación y autorización', 'app_label': 'auth', 'app_url': '/admin/auth/', 'has_module_perms': True, 'models': [{'model': <class 'django.contrib.auth.models.Group'>, 'name': 'Grupos', 'object_name': 'Group', 'perms': {'add': True, 'change': True, 'delete': True, 'view': True}, 'admin_url': '/admin/auth/group/', 'add_url': '/admin/auth/group/add/', 'view_only': False}, {'model': <class 'django.contrib.auth.models.User'>, 'name': 'Usuarios', 'object_name': 'User', 'perms': {'add': True, 'change': True, 'delete': True, 'view': True}, 'admin_url': '/admin/auth/user/', 'add_url': '/admin/auth/user/add/', 'view_only': False}]}
ERROR 2025-08-01 13:42:32,653 basehttp 63070 140364393461440 "GET /admin/ HTTP/1.1" 500 476889
ERROR 2025-08-01 13:42:34,184 log 63070 140364401854144 Internal Server Error: /admin/
Traceback (most recent call last):
  File "/home/ubuntu/.local/lib/python3.13/site-packages/django/template/base.py", line 891, in _resolve_lookup
    current = current[bit]
              ~~~~~~~^^^^^
KeyError: 'label'

During handling of the above exception, another exception occurred:

Traceback (most recent call last):
  File "/home/ubuntu/.local/lib/python3.13/site-packages/django/template/base.py", line 901, in _resolve_lookup
    current = getattr(current, bit)
AttributeError: 'dict' object has no attribute 'label'

During handling of the above exception, another exception occurred:

Traceback (most recent call last):
  File "/home/ubuntu/.local/lib/python3.13/site-packages/django/template/base.py", line 907, in _resolve_lookup
    current = current[int(bit)]
                      ~~~^^^^^
ValueError: invalid literal for int() with base 10: 'label'

During handling of the above exception, another exception occurred:

Traceback (most recent call last):
  File "/home/ubuntu/.local/lib/python3.13/site-packages/django/core/handlers/exception.py", line 55, in inner
    response = get_response(request)
  File "/home/ubuntu/.local/lib/python3.13/site-packages/django/core/handlers/base.py", line 220, in _get_response
    response = response.render()
  File "/home/ubuntu/.local/lib/python3.13/site-packages/django/template/response.py", line 114, in render
    self.content = self.rendered_content
                   ^^^^^^^^^^^^^^^^^^^^^
  File "/home/ubuntu/.local/lib/python3.13/site-packages/django/template/response.py", line 92, in rendered_content
    return template.render(context, self._request)
           ~~~~~~~~~~~~~~~^^^^^^^^^^^^^^^^^^^^^^^^
  File "/home/ubuntu/.local/lib/python3.13/site-packages/django/template/backends/django.py", line 107, in render
    return self.template.render(context)
           ~~~~~~~~~~~~~~~~~~~~^^^^^^^^^
  File "/home/ubuntu/.local/lib/python3.13/site-packages/django/template/base.py", line 171, in render
    return self._render(context)
           ~~~~~~~~~~~~^^^^^^^^^
  File "/home/ubuntu/.local/lib/python3.13/site-packages/django/template/base.py", line 163, in _render
    return self.nodelist.render(context)
           ~~~~~~~~~~~~~~~~~~~~^^^^^^^^^
  File "/home/ubuntu/.local/lib/python3.13/site-packages/django/template/base.py", line 1016, in render
    return SafeString("".join([node.render_annotated(context) for node in self]))
                               ~~~~~~~~~~~~~~~~~~~~~^^^^^^^^^
  File "/home/ubuntu/.local/lib/python3.13/site-packages/django/template/base.py", line 977, in render_annotated
    return self.render(context)
           ~~~~~~~~~~~^^^^^^^^^
  File "/home/ubuntu/.local/lib/python3.13/site-packages/django/template/loader_tags.py", line 159, in render
    return compiled_parent._render(context)
           ~~~~~~~~~~~~~~~~~~~~~~~^^^^^^^^^
  File "/home/ubuntu/.local/lib/python3.13/site-packages/django/template/base.py", line 163, in _render
    return self.nodelist.render(context)
           ~~~~~~~~~~~~~~~~~~~~^^^^^^^^^
  File "/home/ubuntu/.local/lib/python3.13/site-packages/django/template/base.py", line 1016, in render
    return SafeString("".join([node.render_annotated(context) for node in self]))
                               ~~~~~~~~~~~~~~~~~~~~~^^^^^^^^^
  File "/home/ubuntu/.local/lib/python3.13/site-packages/django/template/base.py", line 977, in render_annotated
    return self.render(context)
           ~~~~~~~~~~~^^^^^^^^^
  File "/home/ubuntu/.local/lib/python3.13/site-packages/django/template/loader_tags.py", line 159, in render
    return compiled_parent._render(context)
           ~~~~~~~~~~~~~~~~~~~~~~~^^^^^^^^^
  File "/home/ubuntu/.local/lib/python3.13/site-packages/django/template/base.py", line 163, in _render
    return self.nodelist.render(context)
           ~~~~~~~~~~~~~~~~~~~~^^^^^^^^^
  File "/home/ubuntu/.local/lib/python3.13/site-packages/django/template/base.py", line 1016, in render
    return SafeString("".join([node.render_annotated(context) for node in self]))
                               ~~~~~~~~~~~~~~~~~~~~~^^^^^^^^^
  File "/home/ubuntu/.local/lib/python3.13/site-packages/django/template/base.py", line 977, in render_annotated
    return self.render(context)
           ~~~~~~~~~~~^^^^^^^^^
  File "/home/ubuntu/.local/lib/python3.13/site-packages/django/template/loader_tags.py", line 65, in render
    result = block.nodelist.render(context)
  File "/home/ubuntu/.local/lib/python3.13/site-packages/django/template/base.py", line 1016, in render
    return SafeString("".join([node.render_annotated(context) for node in self]))
                               ~~~~~~~~~~~~~~~~~~~~~^^^^^^^^^
  File "/home/ubuntu/.local/lib/python3.13/site-packages/django/template/base.py", line 977, in render_annotated
    return self.render(context)
           ~~~~~~~~~~~^^^^^^^^^
  File "/home/ubuntu/.local/lib/python3.13/site-packages/django/template/defaulttags.py", line 327, in render
    return nodelist.render(context)
           ~~~~~~~~~~~~~~~^^^^^^^^^
  File "/home/ubuntu/.local/lib/python3.13/site-packages/django/template/base.py", line 1016, in render
    return SafeString("".join([node.render_annotated(context) for node in self]))
                               ~~~~~~~~~~~~~~~~~~~~~^^^^^^^^^
  File "/home/ubuntu/.local/lib/python3.13/site-packages/django/template/base.py", line 977, in render_annotated
    return self.render(context)
           ~~~~~~~~~~~^^^^^^^^^
  File "/home/ubuntu/.local/lib/python3.13/site-packages/django/template/defaulttags.py", line 243, in render
    nodelist.append(node.render_annotated(context))
                    ~~~~~~~~~~~~~~~~~~~~~^^^^^^^^^
  File "/home/ubuntu/.local/lib/python3.13/site-packages/django/template/base.py", line 977, in render_annotated
    return self.render(context)
           ~~~~~~~~~~~^^^^^^^^^
  File "/home/ubuntu/.local/lib/python3.13/site-packages/django/template/defaulttags.py", line 327, in render
    return nodelist.render(context)
           ~~~~~~~~~~~~~~~^^^^^^^^^
  File "/home/ubuntu/.local/lib/python3.13/site-packages/django/template/base.py", line 1016, in render
    return SafeString("".join([node.render_annotated(context) for node in self]))
                               ~~~~~~~~~~~~~~~~~~~~~^^^^^^^^^
  File "/home/ubuntu/.local/lib/python3.13/site-packages/django/template/base.py", line 977, in render_annotated
    return self.render(context)
           ~~~~~~~~~~~^^^^^^^^^
  File "/home/ubuntu/.local/lib/python3.13/site-packages/django/template/base.py", line 1075, in render
    output = self.filter_expression.resolve(context)
  File "/home/ubuntu/.local/lib/python3.13/site-packages/django/template/base.py", line 743, in resolve
    arg_vals.append(arg.resolve(context))
                    ~~~~~~~~~~~^^^^^^^^^
  File "/home/ubuntu/.local/lib/python3.13/site-packages/django/template/base.py", line 854, in resolve
    value = self._resolve_lookup(context)
  File "/home/ubuntu/.local/lib/python3.13/site-packages/django/template/base.py", line 914, in _resolve_lookup
    raise VariableDoesNotExist(
    ^^^^^^^^^^^^^^^^^^^^^^^^^^^
    ...<2 lines>...
    )  # missing attribute
    ^
django.template.base.VariableDoesNotExist: Failed lookup for key [label] in {'name': 'Autenticación y autorización', 'app_label': 'auth', 'app_url': '/admin/auth/', 'has_module_perms': True, 'models': [{'model': <class 'django.contrib.auth.models.Group'>, 'name': 'Grupos', 'object_name': 'Group', 'perms': {'add': True, 'change': True, 'delete': True, 'view': True}, 'admin_url': '/admin/auth/group/', 'add_url': '/admin/auth/group/add/', 'view_only': False}, {'model': <class 'django.contrib.auth.models.User'>, 'name': 'Usuarios', 'object_name': 'User', 'perms': {'add': True, 'change': True, 'delete': True, 'view': True}, 'admin_url': '/admin/auth/user/', 'add_url': '/admin/auth/user/add/', 'view_only': False}]}
ERROR 2025-08-01 13:42:34,186 basehttp 63070 140364401854144 "GET /admin/ HTTP/1.1" 500 476615
INFO 2025-08-01 13:43:08,439 basehttp 63070 140364401854144 "GET /design_demo/ HTTP/1.1" 200 29184
INFO 2025-08-01 13:43:30,672 basehttp 63070 140364401854144 "GET /admin/myapp/disponibilidadplato/ HTTP/1.1" 200 52279
INFO 2025-08-01 13:43:31,033 basehttp 63070 140364401854144 "GET /static/admin/css/base.css HTTP/1.1" 304 0
INFO 2025-08-01 13:43:31,035 basehttp 63070 140364429129408 "GET /static/admin/css/dark_mode.css HTTP/1.1" 304 0
INFO 2025-08-01 13:43:31,046 basehttp 63070 140364410246848 "GET /static/admin/js/theme.js HTTP/1.1" 304 0
INFO 2025-08-01 13:43:31,052 basehttp 63070 140364419688128 "GET /static/css/admin-custom.css HTTP/1.1" 200 21120
INFO 2025-08-01 13:43:31,986 basehttp 63070 140364401854144 "GET /static/admin/css/responsive.css HTTP/1.1" 304 0
INFO 2025-08-01 13:43:31,989 basehttp 63070 140364410246848 "GET /static/admin/js/vendor/jquery/jquery.js HTTP/1.1" 304 0
INFO 2025-08-01 13:43:31,992 basehttp 63070 140364429129408 "GET /admin/jsi18n/ HTTP/1.1" 200 8691
INFO 2025-08-01 13:43:32,200 basehttp 63070 140364419688128 "GET /static/admin/js/jquery.init.js HTTP/1.1" 304 0
INFO 2025-08-01 13:43:33,768 basehttp 63070 140364401854144 "GET /static/admin/js/core.js HTTP/1.1" 304 0
INFO 2025-08-01 13:43:33,779 basehttp 63070 140364429129408 "GET /static/admin/js/actions.js HTTP/1.1" 304 0
INFO 2025-08-01 13:43:33,779 basehttp 63070 140364410246848 "GET /static/admin/js/admin/RelatedObjectLookups.js HTTP/1.1" 304 0
INFO 2025-08-01 13:43:33,782 basehttp 63070 140364419688128 "GET /static/admin/js/urlify.js HTTP/1.1" 304 0
INFO 2025-08-01 13:43:34,733 basehttp 63070 140364401854144 "GET /static/admin/js/prepopulate.js HTTP/1.1" 304 0
INFO 2025-08-01 13:43:34,737 basehttp 63070 140364429129408 "GET /static/admin/js/vendor/xregexp/xregexp.js HTTP/1.1" 304 0
INFO 2025-08-01 13:43:34,742 basehttp 63070 140364419688128 "GET /static/admin/img/search.svg HTTP/1.1" 304 0
INFO 2025-08-01 13:43:35,334 basehttp 63070 140364393461440 "GET /static/admin/css/nav_sidebar.css HTTP/1.1" 304 0
INFO 2025-08-01 13:43:35,791 basehttp 63070 140364393461440 "GET /static/admin/js/nav_sidebar.js HTTP/1.1" 304 0
INFO 2025-08-01 13:43:35,980 basehttp 63070 140364384020160 "GET /static/admin/css/changelists.css HTTP/1.1" 304 0
INFO 2025-08-01 13:43:36,020 basehttp 63070 140364393461440 "GET /static/admin/js/filters.js HTTP/1.1" 304 0
INFO 2025-08-01 13:43:36,307 basehttp 63070 140364393461440 "GET /static/admin/img/sorting-icons.svg HTTP/1.1" 304 0
INFO 2025-08-01 13:46:27,839 autoreload 63070 140364813758720 /workspace/myapp/context_processors.py changed, reloading.
INFO 2025-08-01 13:46:28,377 autoreload 65904 140194960601344 Watching for file changes with StatReloader
INFO 2025-08-01 13:50:35,003 basehttp 65904 140194575546048 "HEAD /admin/ HTTP/1.1" 302 0
INFO 2025-08-01 13:50:38,777 basehttp 65904 140194575546048 "GET /admin/ HTTP/1.1" 302 0
INFO 2025-08-01 13:51:07,601 basehttp 65904 140194566104768 "GET /design_demo/ HTTP/1.1" 200 29184
INFO 2025-08-01 13:51:14,282 basehttp 65904 140194566104768 "GET /test_admin_links/ HTTP/1.1" 200 12653
ERROR 2025-08-01 13:55:47,811 log 65904 140194575546048 Internal Server Error: /admin/
Traceback (most recent call last):
  File "/home/ubuntu/.local/lib/python3.13/site-packages/django/template/base.py", line 891, in _resolve_lookup
    current = current[bit]
              ~~~~~~~^^^^^
KeyError: 'label'

During handling of the above exception, another exception occurred:

Traceback (most recent call last):
  File "/home/ubuntu/.local/lib/python3.13/site-packages/django/template/base.py", line 901, in _resolve_lookup
    current = getattr(current, bit)
AttributeError: 'dict' object has no attribute 'label'

During handling of the above exception, another exception occurred:

Traceback (most recent call last):
  File "/home/ubuntu/.local/lib/python3.13/site-packages/django/template/base.py", line 907, in _resolve_lookup
    current = current[int(bit)]
                      ~~~^^^^^
ValueError: invalid literal for int() with base 10: 'label'

During handling of the above exception, another exception occurred:

Traceback (most recent call last):
  File "/home/ubuntu/.local/lib/python3.13/site-packages/django/core/handlers/exception.py", line 55, in inner
    response = get_response(request)
  File "/home/ubuntu/.local/lib/python3.13/site-packages/django/core/handlers/base.py", line 220, in _get_response
    response = response.render()
  File "/home/ubuntu/.local/lib/python3.13/site-packages/django/template/response.py", line 114, in render
    self.content = self.rendered_content
                   ^^^^^^^^^^^^^^^^^^^^^
  File "/home/ubuntu/.local/lib/python3.13/site-packages/django/template/response.py", line 92, in rendered_content
    return template.render(context, self._request)
           ~~~~~~~~~~~~~~~^^^^^^^^^^^^^^^^^^^^^^^^
  File "/home/ubuntu/.local/lib/python3.13/site-packages/django/template/backends/django.py", line 107, in render
    return self.template.render(context)
           ~~~~~~~~~~~~~~~~~~~~^^^^^^^^^
  File "/home/ubuntu/.local/lib/python3.13/site-packages/django/template/base.py", line 171, in render
    return self._render(context)
           ~~~~~~~~~~~~^^^^^^^^^
  File "/home/ubuntu/.local/lib/python3.13/site-packages/django/template/base.py", line 163, in _render
    return self.nodelist.render(context)
           ~~~~~~~~~~~~~~~~~~~~^^^^^^^^^
  File "/home/ubuntu/.local/lib/python3.13/site-packages/django/template/base.py", line 1016, in render
    return SafeString("".join([node.render_annotated(context) for node in self]))
                               ~~~~~~~~~~~~~~~~~~~~~^^^^^^^^^
  File "/home/ubuntu/.local/lib/python3.13/site-packages/django/template/base.py", line 977, in render_annotated
    return self.render(context)
           ~~~~~~~~~~~^^^^^^^^^
  File "/home/ubuntu/.local/lib/python3.13/site-packages/django/template/loader_tags.py", line 159, in render
    return compiled_parent._render(context)
           ~~~~~~~~~~~~~~~~~~~~~~~^^^^^^^^^
  File "/home/ubuntu/.local/lib/python3.13/site-packages/django/template/base.py", line 163, in _render
    return self.nodelist.render(context)
           ~~~~~~~~~~~~~~~~~~~~^^^^^^^^^
  File "/home/ubuntu/.local/lib/python3.13/site-packages/django/template/base.py", line 1016, in render
    return SafeString("".join([node.render_annotated(context) for node in self]))
                               ~~~~~~~~~~~~~~~~~~~~~^^^^^^^^^
  File "/home/ubuntu/.local/lib/python3.13/site-packages/django/template/base.py", line 977, in render_annotated
    return self.render(context)
           ~~~~~~~~~~~^^^^^^^^^
  File "/home/ubuntu/.local/lib/python3.13/site-packages/django/template/loader_tags.py", line 159, in render
    return compiled_parent._render(context)
           ~~~~~~~~~~~~~~~~~~~~~~~^^^^^^^^^
  File "/home/ubuntu/.local/lib/python3.13/site-packages/django/template/base.py", line 163, in _render
    return self.nodelist.render(context)
           ~~~~~~~~~~~~~~~~~~~~^^^^^^^^^
  File "/home/ubuntu/.local/lib/python3.13/site-packages/django/template/base.py", line 1016, in render
    return SafeString("".join([node.render_annotated(context) for node in self]))
                               ~~~~~~~~~~~~~~~~~~~~~^^^^^^^^^
  File "/home/ubuntu/.local/lib/python3.13/site-packages/django/template/base.py", line 977, in render_annotated
    return self.render(context)
           ~~~~~~~~~~~^^^^^^^^^
  File "/home/ubuntu/.local/lib/python3.13/site-packages/django/template/loader_tags.py", line 65, in render
    result = block.nodelist.render(context)
  File "/home/ubuntu/.local/lib/python3.13/site-packages/django/template/base.py", line 1016, in render
    return SafeString("".join([node.render_annotated(context) for node in self]))
                               ~~~~~~~~~~~~~~~~~~~~~^^^^^^^^^
  File "/home/ubuntu/.local/lib/python3.13/site-packages/django/template/base.py", line 977, in render_annotated
    return self.render(context)
           ~~~~~~~~~~~^^^^^^^^^
  File "/home/ubuntu/.local/lib/python3.13/site-packages/django/template/defaulttags.py", line 327, in render
    return nodelist.render(context)
           ~~~~~~~~~~~~~~~^^^^^^^^^
  File "/home/ubuntu/.local/lib/python3.13/site-packages/django/template/base.py", line 1016, in render
    return SafeString("".join([node.render_annotated(context) for node in self]))
                               ~~~~~~~~~~~~~~~~~~~~~^^^^^^^^^
  File "/home/ubuntu/.local/lib/python3.13/site-packages/django/template/base.py", line 977, in render_annotated
    return self.render(context)
           ~~~~~~~~~~~^^^^^^^^^
  File "/home/ubuntu/.local/lib/python3.13/site-packages/django/template/defaulttags.py", line 243, in render
    nodelist.append(node.render_annotated(context))
                    ~~~~~~~~~~~~~~~~~~~~~^^^^^^^^^
  File "/home/ubuntu/.local/lib/python3.13/site-packages/django/template/base.py", line 977, in render_annotated
    return self.render(context)
           ~~~~~~~~~~~^^^^^^^^^
  File "/home/ubuntu/.local/lib/python3.13/site-packages/django/template/defaulttags.py", line 327, in render
    return nodelist.render(context)
           ~~~~~~~~~~~~~~~^^^^^^^^^
  File "/home/ubuntu/.local/lib/python3.13/site-packages/django/template/base.py", line 1016, in render
    return SafeString("".join([node.render_annotated(context) for node in self]))
                               ~~~~~~~~~~~~~~~~~~~~~^^^^^^^^^
  File "/home/ubuntu/.local/lib/python3.13/site-packages/django/template/base.py", line 977, in render_annotated
    return self.render(context)
           ~~~~~~~~~~~^^^^^^^^^
  File "/home/ubuntu/.local/lib/python3.13/site-packages/django/template/base.py", line 1075, in render
    output = self.filter_expression.resolve(context)
  File "/home/ubuntu/.local/lib/python3.13/site-packages/django/template/base.py", line 743, in resolve
    arg_vals.append(arg.resolve(context))
                    ~~~~~~~~~~~^^^^^^^^^
  File "/home/ubuntu/.local/lib/python3.13/site-packages/django/template/base.py", line 854, in resolve
    value = self._resolve_lookup(context)
  File "/home/ubuntu/.local/lib/python3.13/site-packages/django/template/base.py", line 914, in _resolve_lookup
    raise VariableDoesNotExist(
    ^^^^^^^^^^^^^^^^^^^^^^^^^^^
    ...<2 lines>...
    )  # missing attribute
    ^
django.template.base.VariableDoesNotExist: Failed lookup for key [label] in {'name': 'Autenticación y autorización', 'app_label': 'auth', 'app_url': '/admin/auth/', 'has_module_perms': True, 'models': [{'model': <class 'django.contrib.auth.models.Group'>, 'name': 'Grupos', 'object_name': 'Group', 'perms': {'add': True, 'change': True, 'delete': True, 'view': True}, 'admin_url': '/admin/auth/group/', 'add_url': '/admin/auth/group/add/', 'view_only': False}, {'model': <class 'django.contrib.auth.models.User'>, 'name': 'Usuarios', 'object_name': 'User', 'perms': {'add': True, 'change': True, 'delete': True, 'view': True}, 'admin_url': '/admin/auth/user/', 'add_url': '/admin/auth/user/add/', 'view_only': False}]}
ERROR 2025-08-01 13:55:47,815 basehttp 65904 140194575546048 "GET /admin/ HTTP/1.1" 500 482875
INFO 2025-08-01 13:56:10,873 basehttp 65904 140194575546048 "GET / HTTP/1.1" 200 3314
WARNING 2025-08-01 13:56:11,176 basehttp 65904 140194575546048 "GET /static/img/menu-label.png HTTP/1.1" 404 1868
ERROR 2025-08-01 13:56:14,268 log 65904 140194556663488 Internal Server Error: /admin/
Traceback (most recent call last):
  File "/home/ubuntu/.local/lib/python3.13/site-packages/django/template/base.py", line 891, in _resolve_lookup
    current = current[bit]
              ~~~~~~~^^^^^
KeyError: 'label'

During handling of the above exception, another exception occurred:

Traceback (most recent call last):
  File "/home/ubuntu/.local/lib/python3.13/site-packages/django/template/base.py", line 901, in _resolve_lookup
    current = getattr(current, bit)
AttributeError: 'dict' object has no attribute 'label'

During handling of the above exception, another exception occurred:

Traceback (most recent call last):
  File "/home/ubuntu/.local/lib/python3.13/site-packages/django/template/base.py", line 907, in _resolve_lookup
    current = current[int(bit)]
                      ~~~^^^^^
ValueError: invalid literal for int() with base 10: 'label'

During handling of the above exception, another exception occurred:

Traceback (most recent call last):
  File "/home/ubuntu/.local/lib/python3.13/site-packages/django/core/handlers/exception.py", line 55, in inner
    response = get_response(request)
  File "/home/ubuntu/.local/lib/python3.13/site-packages/django/core/handlers/base.py", line 220, in _get_response
    response = response.render()
  File "/home/ubuntu/.local/lib/python3.13/site-packages/django/template/response.py", line 114, in render
    self.content = self.rendered_content
                   ^^^^^^^^^^^^^^^^^^^^^
  File "/home/ubuntu/.local/lib/python3.13/site-packages/django/template/response.py", line 92, in rendered_content
    return template.render(context, self._request)
           ~~~~~~~~~~~~~~~^^^^^^^^^^^^^^^^^^^^^^^^
  File "/home/ubuntu/.local/lib/python3.13/site-packages/django/template/backends/django.py", line 107, in render
    return self.template.render(context)
           ~~~~~~~~~~~~~~~~~~~~^^^^^^^^^
  File "/home/ubuntu/.local/lib/python3.13/site-packages/django/template/base.py", line 171, in render
    return self._render(context)
           ~~~~~~~~~~~~^^^^^^^^^
  File "/home/ubuntu/.local/lib/python3.13/site-packages/django/template/base.py", line 163, in _render
    return self.nodelist.render(context)
           ~~~~~~~~~~~~~~~~~~~~^^^^^^^^^
  File "/home/ubuntu/.local/lib/python3.13/site-packages/django/template/base.py", line 1016, in render
    return SafeString("".join([node.render_annotated(context) for node in self]))
                               ~~~~~~~~~~~~~~~~~~~~~^^^^^^^^^
  File "/home/ubuntu/.local/lib/python3.13/site-packages/django/template/base.py", line 977, in render_annotated
    return self.render(context)
           ~~~~~~~~~~~^^^^^^^^^
  File "/home/ubuntu/.local/lib/python3.13/site-packages/django/template/loader_tags.py", line 159, in render
    return compiled_parent._render(context)
           ~~~~~~~~~~~~~~~~~~~~~~~^^^^^^^^^
  File "/home/ubuntu/.local/lib/python3.13/site-packages/django/template/base.py", line 163, in _render
    return self.nodelist.render(context)
           ~~~~~~~~~~~~~~~~~~~~^^^^^^^^^
  File "/home/ubuntu/.local/lib/python3.13/site-packages/django/template/base.py", line 1016, in render
    return SafeString("".join([node.render_annotated(context) for node in self]))
                               ~~~~~~~~~~~~~~~~~~~~~^^^^^^^^^
  File "/home/ubuntu/.local/lib/python3.13/site-packages/django/template/base.py", line 977, in render_annotated
    return self.render(context)
           ~~~~~~~~~~~^^^^^^^^^
  File "/home/ubuntu/.local/lib/python3.13/site-packages/django/template/loader_tags.py", line 159, in render
    return compiled_parent._render(context)
           ~~~~~~~~~~~~~~~~~~~~~~~^^^^^^^^^
  File "/home/ubuntu/.local/lib/python3.13/site-packages/django/template/base.py", line 163, in _render
    return self.nodelist.render(context)
           ~~~~~~~~~~~~~~~~~~~~^^^^^^^^^
  File "/home/ubuntu/.local/lib/python3.13/site-packages/django/template/base.py", line 1016, in render
    return SafeString("".join([node.render_annotated(context) for node in self]))
                               ~~~~~~~~~~~~~~~~~~~~~^^^^^^^^^
  File "/home/ubuntu/.local/lib/python3.13/site-packages/django/template/base.py", line 977, in render_annotated
    return self.render(context)
           ~~~~~~~~~~~^^^^^^^^^
  File "/home/ubuntu/.local/lib/python3.13/site-packages/django/template/loader_tags.py", line 65, in render
    result = block.nodelist.render(context)
  File "/home/ubuntu/.local/lib/python3.13/site-packages/django/template/base.py", line 1016, in render
    return SafeString("".join([node.render_annotated(context) for node in self]))
                               ~~~~~~~~~~~~~~~~~~~~~^^^^^^^^^
  File "/home/ubuntu/.local/lib/python3.13/site-packages/django/template/base.py", line 977, in render_annotated
    return self.render(context)
           ~~~~~~~~~~~^^^^^^^^^
  File "/home/ubuntu/.local/lib/python3.13/site-packages/django/template/defaulttags.py", line 327, in render
    return nodelist.render(context)
           ~~~~~~~~~~~~~~~^^^^^^^^^
  File "/home/ubuntu/.local/lib/python3.13/site-packages/django/template/base.py", line 1016, in render
    return SafeString("".join([node.render_annotated(context) for node in self]))
                               ~~~~~~~~~~~~~~~~~~~~~^^^^^^^^^
  File "/home/ubuntu/.local/lib/python3.13/site-packages/django/template/base.py", line 977, in render_annotated
    return self.render(context)
           ~~~~~~~~~~~^^^^^^^^^
  File "/home/ubuntu/.local/lib/python3.13/site-packages/django/template/defaulttags.py", line 243, in render
    nodelist.append(node.render_annotated(context))
                    ~~~~~~~~~~~~~~~~~~~~~^^^^^^^^^
  File "/home/ubuntu/.local/lib/python3.13/site-packages/django/template/base.py", line 977, in render_annotated
    return self.render(context)
           ~~~~~~~~~~~^^^^^^^^^
  File "/home/ubuntu/.local/lib/python3.13/site-packages/django/template/defaulttags.py", line 327, in render
    return nodelist.render(context)
           ~~~~~~~~~~~~~~~^^^^^^^^^
  File "/home/ubuntu/.local/lib/python3.13/site-packages/django/template/base.py", line 1016, in render
    return SafeString("".join([node.render_annotated(context) for node in self]))
                               ~~~~~~~~~~~~~~~~~~~~~^^^^^^^^^
  File "/home/ubuntu/.local/lib/python3.13/site-packages/django/template/base.py", line 977, in render_annotated
    return self.render(context)
           ~~~~~~~~~~~^^^^^^^^^
  File "/home/ubuntu/.local/lib/python3.13/site-packages/django/template/base.py", line 1075, in render
    output = self.filter_expression.resolve(context)
  File "/home/ubuntu/.local/lib/python3.13/site-packages/django/template/base.py", line 743, in resolve
    arg_vals.append(arg.resolve(context))
                    ~~~~~~~~~~~^^^^^^^^^
  File "/home/ubuntu/.local/lib/python3.13/site-packages/django/template/base.py", line 854, in resolve
    value = self._resolve_lookup(context)
  File "/home/ubuntu/.local/lib/python3.13/site-packages/django/template/base.py", line 914, in _resolve_lookup
    raise VariableDoesNotExist(
    ^^^^^^^^^^^^^^^^^^^^^^^^^^^
    ...<2 lines>...
    )  # missing attribute
    ^
django.template.base.VariableDoesNotExist: Failed lookup for key [label] in {'name': 'Autenticación y autorización', 'app_label': 'auth', 'app_url': '/admin/auth/', 'has_module_perms': True, 'models': [{'model': <class 'django.contrib.auth.models.Group'>, 'name': 'Grupos', 'object_name': 'Group', 'perms': {'add': True, 'change': True, 'delete': True, 'view': True}, 'admin_url': '/admin/auth/group/', 'add_url': '/admin/auth/group/add/', 'view_only': False}, {'model': <class 'django.contrib.auth.models.User'>, 'name': 'Usuarios', 'object_name': 'User', 'perms': {'add': True, 'change': True, 'delete': True, 'view': True}, 'admin_url': '/admin/auth/user/', 'add_url': '/admin/auth/user/add/', 'view_only': False}]}
ERROR 2025-08-01 13:56:14,271 basehttp 65904 140194556663488 "GET /admin/ HTTP/1.1" 500 483149
ERROR 2025-08-01 13:56:15,576 log 65904 140194566104768 Internal Server Error: /admin/
Traceback (most recent call last):
  File "/home/ubuntu/.local/lib/python3.13/site-packages/django/template/base.py", line 891, in _resolve_lookup
    current = current[bit]
              ~~~~~~~^^^^^
KeyError: 'label'

During handling of the above exception, another exception occurred:

Traceback (most recent call last):
  File "/home/ubuntu/.local/lib/python3.13/site-packages/django/template/base.py", line 901, in _resolve_lookup
    current = getattr(current, bit)
AttributeError: 'dict' object has no attribute 'label'

During handling of the above exception, another exception occurred:

Traceback (most recent call last):
  File "/home/ubuntu/.local/lib/python3.13/site-packages/django/template/base.py", line 907, in _resolve_lookup
    current = current[int(bit)]
                      ~~~^^^^^
ValueError: invalid literal for int() with base 10: 'label'

During handling of the above exception, another exception occurred:

Traceback (most recent call last):
  File "/home/ubuntu/.local/lib/python3.13/site-packages/django/core/handlers/exception.py", line 55, in inner
    response = get_response(request)
  File "/home/ubuntu/.local/lib/python3.13/site-packages/django/core/handlers/base.py", line 220, in _get_response
    response = response.render()
  File "/home/ubuntu/.local/lib/python3.13/site-packages/django/template/response.py", line 114, in render
    self.content = self.rendered_content
                   ^^^^^^^^^^^^^^^^^^^^^
  File "/home/ubuntu/.local/lib/python3.13/site-packages/django/template/response.py", line 92, in rendered_content
    return template.render(context, self._request)
           ~~~~~~~~~~~~~~~^^^^^^^^^^^^^^^^^^^^^^^^
  File "/home/ubuntu/.local/lib/python3.13/site-packages/django/template/backends/django.py", line 107, in render
    return self.template.render(context)
           ~~~~~~~~~~~~~~~~~~~~^^^^^^^^^
  File "/home/ubuntu/.local/lib/python3.13/site-packages/django/template/base.py", line 171, in render
    return self._render(context)
           ~~~~~~~~~~~~^^^^^^^^^
  File "/home/ubuntu/.local/lib/python3.13/site-packages/django/template/base.py", line 163, in _render
    return self.nodelist.render(context)
           ~~~~~~~~~~~~~~~~~~~~^^^^^^^^^
  File "/home/ubuntu/.local/lib/python3.13/site-packages/django/template/base.py", line 1016, in render
    return SafeString("".join([node.render_annotated(context) for node in self]))
                               ~~~~~~~~~~~~~~~~~~~~~^^^^^^^^^
  File "/home/ubuntu/.local/lib/python3.13/site-packages/django/template/base.py", line 977, in render_annotated
    return self.render(context)
           ~~~~~~~~~~~^^^^^^^^^
  File "/home/ubuntu/.local/lib/python3.13/site-packages/django/template/loader_tags.py", line 159, in render
    return compiled_parent._render(context)
           ~~~~~~~~~~~~~~~~~~~~~~~^^^^^^^^^
  File "/home/ubuntu/.local/lib/python3.13/site-packages/django/template/base.py", line 163, in _render
    return self.nodelist.render(context)
           ~~~~~~~~~~~~~~~~~~~~^^^^^^^^^
  File "/home/ubuntu/.local/lib/python3.13/site-packages/django/template/base.py", line 1016, in render
    return SafeString("".join([node.render_annotated(context) for node in self]))
                               ~~~~~~~~~~~~~~~~~~~~~^^^^^^^^^
  File "/home/ubuntu/.local/lib/python3.13/site-packages/django/template/base.py", line 977, in render_annotated
    return self.render(context)
           ~~~~~~~~~~~^^^^^^^^^
  File "/home/ubuntu/.local/lib/python3.13/site-packages/django/template/loader_tags.py", line 159, in render
    return compiled_parent._render(context)
           ~~~~~~~~~~~~~~~~~~~~~~~^^^^^^^^^
  File "/home/ubuntu/.local/lib/python3.13/site-packages/django/template/base.py", line 163, in _render
    return self.nodelist.render(context)
           ~~~~~~~~~~~~~~~~~~~~^^^^^^^^^
  File "/home/ubuntu/.local/lib/python3.13/site-packages/django/template/base.py", line 1016, in render
    return SafeString("".join([node.render_annotated(context) for node in self]))
                               ~~~~~~~~~~~~~~~~~~~~~^^^^^^^^^
  File "/home/ubuntu/.local/lib/python3.13/site-packages/django/template/base.py", line 977, in render_annotated
    return self.render(context)
           ~~~~~~~~~~~^^^^^^^^^
  File "/home/ubuntu/.local/lib/python3.13/site-packages/django/template/loader_tags.py", line 65, in render
    result = block.nodelist.render(context)
  File "/home/ubuntu/.local/lib/python3.13/site-packages/django/template/base.py", line 1016, in render
    return SafeString("".join([node.render_annotated(context) for node in self]))
                               ~~~~~~~~~~~~~~~~~~~~~^^^^^^^^^
  File "/home/ubuntu/.local/lib/python3.13/site-packages/django/template/base.py", line 977, in render_annotated
    return self.render(context)
           ~~~~~~~~~~~^^^^^^^^^
  File "/home/ubuntu/.local/lib/python3.13/site-packages/django/template/defaulttags.py", line 327, in render
    return nodelist.render(context)
           ~~~~~~~~~~~~~~~^^^^^^^^^
  File "/home/ubuntu/.local/lib/python3.13/site-packages/django/template/base.py", line 1016, in render
    return SafeString("".join([node.render_annotated(context) for node in self]))
                               ~~~~~~~~~~~~~~~~~~~~~^^^^^^^^^
  File "/home/ubuntu/.local/lib/python3.13/site-packages/django/template/base.py", line 977, in render_annotated
    return self.render(context)
           ~~~~~~~~~~~^^^^^^^^^
  File "/home/ubuntu/.local/lib/python3.13/site-packages/django/template/defaulttags.py", line 243, in render
    nodelist.append(node.render_annotated(context))
                    ~~~~~~~~~~~~~~~~~~~~~^^^^^^^^^
  File "/home/ubuntu/.local/lib/python3.13/site-packages/django/template/base.py", line 977, in render_annotated
    return self.render(context)
           ~~~~~~~~~~~^^^^^^^^^
  File "/home/ubuntu/.local/lib/python3.13/site-packages/django/template/defaulttags.py", line 327, in render
    return nodelist.render(context)
           ~~~~~~~~~~~~~~~^^^^^^^^^
  File "/home/ubuntu/.local/lib/python3.13/site-packages/django/template/base.py", line 1016, in render
    return SafeString("".join([node.render_annotated(context) for node in self]))
                               ~~~~~~~~~~~~~~~~~~~~~^^^^^^^^^
  File "/home/ubuntu/.local/lib/python3.13/site-packages/django/template/base.py", line 977, in render_annotated
    return self.render(context)
           ~~~~~~~~~~~^^^^^^^^^
  File "/home/ubuntu/.local/lib/python3.13/site-packages/django/template/base.py", line 1075, in render
    output = self.filter_expression.resolve(context)
  File "/home/ubuntu/.local/lib/python3.13/site-packages/django/template/base.py", line 743, in resolve
    arg_vals.append(arg.resolve(context))
                    ~~~~~~~~~~~^^^^^^^^^
  File "/home/ubuntu/.local/lib/python3.13/site-packages/django/template/base.py", line 854, in resolve
    value = self._resolve_lookup(context)
  File "/home/ubuntu/.local/lib/python3.13/site-packages/django/template/base.py", line 914, in _resolve_lookup
    raise VariableDoesNotExist(
    ^^^^^^^^^^^^^^^^^^^^^^^^^^^
    ...<2 lines>...
    )  # missing attribute
    ^
django.template.base.VariableDoesNotExist: Failed lookup for key [label] in {'name': 'Autenticación y autorización', 'app_label': 'auth', 'app_url': '/admin/auth/', 'has_module_perms': True, 'models': [{'model': <class 'django.contrib.auth.models.Group'>, 'name': 'Grupos', 'object_name': 'Group', 'perms': {'add': True, 'change': True, 'delete': True, 'view': True}, 'admin_url': '/admin/auth/group/', 'add_url': '/admin/auth/group/add/', 'view_only': False}, {'model': <class 'django.contrib.auth.models.User'>, 'name': 'Usuarios', 'object_name': 'User', 'perms': {'add': True, 'change': True, 'delete': True, 'view': True}, 'admin_url': '/admin/auth/user/', 'add_url': '/admin/auth/user/add/', 'view_only': False}]}
ERROR 2025-08-01 13:56:15,579 basehttp 65904 140194566104768 "GET /admin/ HTTP/1.1" 500 482875
INFO 2025-08-01 13:56:51,018 basehttp 65904 140194566104768 "GET /design_demo/ HTTP/1.1" 200 29184
INFO 2025-08-01 13:57:04,639 basehttp 65904 140194575546048 "HEAD /admin/ HTTP/1.1" 302 0
INFO 2025-08-01 13:57:09,703 basehttp 65904 140194566104768 "GET /admin/ HTTP/1.1" 200 57730
INFO 2025-08-01 13:57:10,000 basehttp 65904 140194566104768 "GET /static/admin/css/base.css HTTP/1.1" 304 0
INFO 2025-08-01 13:57:10,002 basehttp 65904 140194556663488 "GET /static/admin/css/dark_mode.css HTTP/1.1" 304 0
INFO 2025-08-01 13:57:10,208 basehttp 65904 140194556663488 "GET /static/admin/css/nav_sidebar.css HTTP/1.1" 304 0
INFO 2025-08-01 13:57:10,210 basehttp 65904 140194566104768 "GET /static/css/admin-custom.css HTTP/1.1" 304 0
INFO 2025-08-01 13:57:10,413 basehttp 65904 140194575546048 "GET /admin/ HTTP/1.1" 302 0
INFO 2025-08-01 13:57:11,342 basehttp 65904 140194531485376 "GET /static/admin/js/theme.js HTTP/1.1" 304 0
INFO 2025-08-01 13:57:11,347 basehttp 65904 140194523092672 "GET /static/admin/css/responsive.css HTTP/1.1" 304 0
INFO 2025-08-01 13:57:11,573 basehttp 65904 140194523092672 "GET /static/admin/js/nav_sidebar.js HTTP/1.1" 304 0
INFO 2025-08-01 13:57:11,590 basehttp 65904 140194531485376 "GET /static/admin/img/icon-changelink.svg HTTP/1.1" 304 0
INFO 2025-08-01 13:57:26,391 autoreload 65904 140194960601344 /workspace/myapp/views.py changed, reloading.
INFO 2025-08-01 13:57:26,934 autoreload 70530 140638795596032 Watching for file changes with StatReloader
INFO 2025-08-01 13:57:50,290 basehttp 70530 140638478472896 "GET /admin/myapp/inventario/ HTTP/1.1" 200 23249
INFO 2025-08-01 13:57:50,624 basehttp 70530 140638469031616 "GET /static/admin/css/changelists.css HTTP/1.1" 304 0
INFO 2025-08-01 13:57:50,630 basehttp 70530 140638459590336 "GET /admin/jsi18n/ HTTP/1.1" 200 8691
INFO 2025-08-01 13:57:50,702 basehttp 70530 140638478472896 "GET /static/admin/js/vendor/jquery/jquery.js HTTP/1.1" 304 0
INFO 2025-08-01 13:57:50,833 basehttp 70530 140638469031616 "GET /static/admin/js/jquery.init.js HTTP/1.1" 304 0
INFO 2025-08-01 13:57:50,848 basehttp 70530 140638459590336 "GET /static/admin/js/core.js HTTP/1.1" 304 0
INFO 2025-08-01 13:57:50,912 basehttp 70530 140638478472896 "GET /static/admin/js/admin/RelatedObjectLookups.js HTTP/1.1" 304 0
INFO 2025-08-01 13:57:51,046 basehttp 70530 140638469031616 "GET /static/admin/js/vendor/xregexp/xregexp.js HTTP/1.1" 304 0
INFO 2025-08-01 13:57:51,064 basehttp 70530 140638459590336 "GET /static/admin/img/search.svg HTTP/1.1" 304 0
INFO 2025-08-01 13:57:51,857 basehttp 70530 140638451197632 "GET /static/admin/js/actions.js HTTP/1.1" 304 0
INFO 2025-08-01 13:57:51,865 basehttp 70530 140638100125376 "GET /static/admin/js/urlify.js HTTP/1.1" 304 0
INFO 2025-08-01 13:57:51,878 basehttp 70530 140638091732672 "GET /static/admin/js/prepopulate.js HTTP/1.1" 304 0
INFO 2025-08-01 13:57:52,089 basehttp 70530 140638091732672 "GET /static/admin/js/filters.js HTTP/1.1" 304 0
INFO 2025-08-01 13:57:52,123 basehttp 70530 140638100125376 "GET /static/admin/img/sorting-icons.svg HTTP/1.1" 304 0
INFO 2025-08-01 13:58:03,596 autoreload 70530 140638795596032 /workspace/mysitio/urls.py changed, reloading.
INFO 2025-08-01 13:58:04,095 autoreload 70845 139850767933696 Watching for file changes with StatReloader
INFO 2025-08-01 13:58:05,495 basehttp 70845 139850376279744 "GET /admin/ HTTP/1.1" 200 57730
INFO 2025-08-01 13:58:09,223 basehttp 70845 139850351101632 "GET /admin_status/ HTTP/1.1" 200 11452
INFO 2025-08-01 13:58:10,711 basehttp 70845 139850376279744 "GET /admin/myapp/cliente/add/ HTTP/1.1" 200 37407
INFO 2025-08-01 13:58:10,970 basehttp 70845 139850376279744 "GET /static/admin/img/icon-addlink.svg HTTP/1.1" 304 0
INFO 2025-08-01 13:58:10,971 basehttp 70845 139850367887040 "GET /static/admin/img/icon-viewlink.svg HTTP/1.1" 304 0
INFO 2025-08-01 13:58:15,884 basehttp 70845 139850351101632 "HEAD /admin_status/ HTTP/1.1" 200 0
INFO 2025-08-01 13:58:16,395 basehttp 70845 139850367887040 "GET /admin/myapp/cliente/ HTTP/1.1" 200 25150
INFO 2025-08-01 13:58:16,655 basehttp 70845 139850376279744 "GET /admin/jsi18n/ HTTP/1.1" 200 8691
INFO 2025-08-01 13:58:16,807 basehttp 70845 139850367887040 "GET /static/admin/img/icon-no.svg HTTP/1.1" 304 0
INFO 2025-08-01 13:58:16,813 basehttp 70845 139850359494336 "GET /static/admin/img/icon-yes.svg HTTP/1.1" 304 0
INFO 2025-08-01 13:58:24,124 basehttp 70845 139850359494336 "GET /admin/myapp/cliente/8/change/ HTTP/1.1" 200 37599
INFO 2025-08-01 13:58:37,610 autoreload 71382 140323990139136 Watching for file changes with StatReloader
INFO 2025-08-01 13:58:44,291 basehttp 71382 140323673024192 "GET /admin/ HTTP/1.1" 200 57730
INFO 2025-08-01 13:58:57,435 basehttp 71382 140323673024192 "GET /admin/myapp/plato/add/ HTTP/1.1" 200 49768
WARNING 2025-08-01 13:59:11,235 log 71382 140323673024192 Not Found: /.well-known/appspecific/com.chrome.devtools.json
WARNING 2025-08-01 13:59:11,235 basehttp 71382 140323673024192 "GET /.well-known/appspecific/com.chrome.devtools.json HTTP/1.1" 404 6780
INFO 2025-08-01 13:59:32,229 basehttp 71382 140323673024192 "GET /admin/ HTTP/1.1" 200 57730
INFO 2025-08-01 13:59:32,582 basehttp 71382 140323673024192 "GET /static/css/admin-custom.css HTTP/1.1" 304 0
INFO 2025-08-01 14:00:36,199 basehttp 71382 140323673024192 "GET /admin/ HTTP/1.1" 200 57730
INFO 2025-08-01 14:00:38,805 basehttp 71382 140323673024192 "GET / HTTP/1.1" 200 3314
INFO 2025-08-01 14:00:39,062 basehttp 71382 140323673024192 "GET /static/estilo.css HTTP/1.1" 304 0
INFO 2025-08-01 14:00:39,063 basehttp 71382 140323655190208 "GET /static/img/logo.flg.png HTTP/1.1" 304 0
INFO 2025-08-01 14:00:39,270 basehttp 71382 140323673024192 "GET /static/img/tutorial-step-3.png HTTP/1.1" 304 0
INFO 2025-08-01 14:00:39,272 basehttp 71382 140323655190208 "GET /static/img/tutorial-step-1.png HTTP/1.1" 304 0
INFO 2025-08-01 14:00:41,728 basehttp 71382 140323664631488 "GET /static/img/tutorial-step-4.png HTTP/1.1" 304 0
INFO 2025-08-01 14:00:41,862 basehttp 71382 140323645748928 "GET /static/img/footer-dsk.jpg HTTP/1.1" 304 0
INFO 2025-08-01 14:00:42,135 basehttp 71382 140323664631488 "GET /admin/ HTTP/1.1" 200 57730
INFO 2025-08-01 14:00:42,531 basehttp 71382 140323637339840 "GET /static/img/tutorial-step-2.png HTTP/1.1" 304 0
WARNING 2025-08-01 14:00:42,843 basehttp 71382 140323292444352 "GET /static/img/menu-label.png HTTP/1.1" 404 1868
INFO 2025-08-01 14:00:59,525 basehttp 71382 140323637339840 "GET /admin/auth/user/add/ HTTP/1.1" 200 32490
INFO 2025-08-01 14:00:59,858 basehttp 71382 140323664631488 "GET /static/admin/css/unusable_password_field.css HTTP/1.1" 200 663
INFO 2025-08-01 14:01:00,016 basehttp 71382 140323637339840 "GET /static/admin/js/unusable_password_field.js HTTP/1.1" 200 1480
INFO 2025-08-01 14:01:04,535 basehttp 71382 140323637339840 "GET /admin/ HTTP/1.1" 200 57726
INFO 2025-08-01 14:01:10,753 basehttp 71382 140323637339840 "GET /admin/ HTTP/1.1" 200 57722
INFO 2025-08-01 14:01:17,846 basehttp 71382 140323637339840 "POST /admin/logout/ HTTP/1.1" 302 0
INFO 2025-08-01 14:01:18,139 basehttp 71382 140323637339840 "GET / HTTP/1.1" 200 3314
WARNING 2025-08-01 14:01:18,826 basehttp 71382 140323637339840 "GET /static/img/menu-label.png HTTP/1.1" 404 1868
INFO 2025-08-01 14:01:21,213 basehttp 71382 140323664631488 "GET /admin/ HTTP/1.1" 302 0
INFO 2025-08-01 14:01:21,508 basehttp 71382 140323664631488 "GET /admin/login/?next=/admin/ HTTP/1.1" 200 4947
INFO 2025-08-01 14:01:21,748 basehttp 71382 140323664631488 "GET /static/admin/css/login.css HTTP/1.1" 304 0
INFO 2025-08-01 14:01:37,381 basehttp 71382 140323664631488 "GET /singup/ HTTP/1.1" 200 1740
